{"C:\\Users\\Bernard\\Documents\\GitHub\\murburaba\\packages\\murmuraba\\rollup.config.js": {"path":"C:\\Users\\Bernard\\Documents\\GitHub\\murburaba\\packages\\murmuraba\\rollup.config.js","all":true,"statementMap":{"0":{"start":{"line":1,"column":0},"end":{"line":1,"column":50}},"1":{"start":{"line":2,"column":0},"end":{"line":2,"column":47}},"2":{"start":{"line":3,"column":0},"end":{"line":3,"column":51}},"3":{"start":{"line":4,"column":0},"end":{"line":4,"column":43}},"4":{"start":{"line":5,"column":0},"end":{"line":5,"column":38}},"6":{"start":{"line":7,"column":0},"end":{"line":7,"column":40}},"8":{"start":{"line":9,"column":0},"end":{"line":9,"column":16}},"9":{"start":{"line":10,"column":0},"end":{"line":10,"column":14}},"10":{"start":{"line":11,"column":0},"end":{"line":11,"column":3}},"11":{"start":{"line":12,"column":0},"end":{"line":12,"column":26}},"12":{"start":{"line":13,"column":0},"end":{"line":13,"column":13}},"13":{"start":{"line":14,"column":0},"end":{"line":14,"column":32}},"14":{"start":{"line":15,"column":0},"end":{"line":15,"column":20}},"15":{"start":{"line":16,"column":0},"end":{"line":16,"column":22}},"16":{"start":{"line":17,"column":0},"end":{"line":17,"column":33}},"17":{"start":{"line":18,"column":0},"end":{"line":18,"column":6}},"18":{"start":{"line":19,"column":0},"end":{"line":19,"column":13}},"19":{"start":{"line":20,"column":0},"end":{"line":20,"column":14}},"20":{"start":{"line":21,"column":0},"end":{"line":21,"column":16}},"21":{"start":{"line":22,"column":0},"end":{"line":22,"column":17}},"22":{"start":{"line":23,"column":0},"end":{"line":23,"column":18}},"23":{"start":{"line":24,"column":0},"end":{"line":24,"column":36}},"24":{"start":{"line":25,"column":0},"end":{"line":25,"column":9}},"25":{"start":{"line":26,"column":0},"end":{"line":26,"column":12}},"26":{"start":{"line":27,"column":0},"end":{"line":27,"column":18}},"27":{"start":{"line":28,"column":0},"end":{"line":28,"column":12}},"28":{"start":{"line":29,"column":0},"end":{"line":29,"column":65}},"29":{"start":{"line":30,"column":0},"end":{"line":30,"column":30}},"30":{"start":{"line":31,"column":0},"end":{"line":31,"column":12}},"31":{"start":{"line":32,"column":0},"end":{"line":32,"column":12}},"32":{"start":{"line":33,"column":0},"end":{"line":33,"column":63}},"33":{"start":{"line":34,"column":0},"end":{"line":34,"column":30}},"34":{"start":{"line":35,"column":0},"end":{"line":35,"column":11}},"35":{"start":{"line":36,"column":0},"end":{"line":36,"column":10}},"36":{"start":{"line":37,"column":0},"end":{"line":37,"column":27}},"37":{"start":{"line":38,"column":0},"end":{"line":38,"column":8}},"38":{"start":{"line":39,"column":0},"end":{"line":39,"column":6}},"39":{"start":{"line":40,"column":0},"end":{"line":40,"column":4}},"40":{"start":{"line":41,"column":0},"end":{"line":41,"column":14}},"41":{"start":{"line":42,"column":0},"end":{"line":42,"column":3}},"42":{"start":{"line":43,"column":0},"end":{"line":43,"column":26}},"43":{"start":{"line":44,"column":0},"end":{"line":44,"column":13}},"44":{"start":{"line":45,"column":0},"end":{"line":45,"column":28}},"45":{"start":{"line":46,"column":0},"end":{"line":46,"column":20}},"46":{"start":{"line":47,"column":0},"end":{"line":47,"column":22}},"47":{"start":{"line":48,"column":0},"end":{"line":48,"column":33}},"48":{"start":{"line":49,"column":0},"end":{"line":49,"column":6}},"49":{"start":{"line":50,"column":0},"end":{"line":50,"column":13}},"50":{"start":{"line":51,"column":0},"end":{"line":51,"column":14}},"51":{"start":{"line":52,"column":0},"end":{"line":52,"column":16}},"52":{"start":{"line":53,"column":0},"end":{"line":53,"column":17}},"53":{"start":{"line":54,"column":0},"end":{"line":54,"column":18}},"54":{"start":{"line":55,"column":0},"end":{"line":55,"column":36}},"55":{"start":{"line":56,"column":0},"end":{"line":56,"column":9}},"56":{"start":{"line":57,"column":0},"end":{"line":57,"column":6}},"57":{"start":{"line":58,"column":0},"end":{"line":58,"column":4}},"58":{"start":{"line":59,"column":0},"end":{"line":59,"column":25}},"59":{"start":{"line":60,"column":0},"end":{"line":60,"column":3}},"60":{"start":{"line":61,"column":0},"end":{"line":61,"column":26}},"61":{"start":{"line":62,"column":0},"end":{"line":62,"column":13}},"62":{"start":{"line":63,"column":0},"end":{"line":63,"column":36}},"63":{"start":{"line":64,"column":0},"end":{"line":64,"column":20}},"64":{"start":{"line":65,"column":0},"end":{"line":65,"column":24}},"65":{"start":{"line":66,"column":0},"end":{"line":66,"column":22}},"66":{"start":{"line":67,"column":0},"end":{"line":67,"column":33}},"67":{"start":{"line":68,"column":0},"end":{"line":68,"column":16}},"68":{"start":{"line":69,"column":0},"end":{"line":69,"column":23}},"69":{"start":{"line":70,"column":0},"end":{"line":70,"column":32}},"70":{"start":{"line":71,"column":0},"end":{"line":71,"column":8}},"71":{"start":{"line":72,"column":0},"end":{"line":72,"column":6}},"72":{"start":{"line":73,"column":0},"end":{"line":73,"column":13}},"73":{"start":{"line":74,"column":0},"end":{"line":74,"column":14}},"74":{"start":{"line":75,"column":0},"end":{"line":75,"column":16}},"75":{"start":{"line":76,"column":0},"end":{"line":76,"column":17}},"76":{"start":{"line":77,"column":0},"end":{"line":77,"column":18}},"77":{"start":{"line":78,"column":0},"end":{"line":78,"column":36}},"78":{"start":{"line":79,"column":0},"end":{"line":79,"column":9}},"79":{"start":{"line":80,"column":0},"end":{"line":80,"column":15}},"80":{"start":{"line":81,"column":0},"end":{"line":81,"column":6}},"81":{"start":{"line":82,"column":0},"end":{"line":82,"column":4}},"82":{"start":{"line":83,"column":0},"end":{"line":83,"column":2}}},"s":{"0":0,"1":0,"2":0,"3":0,"4":0,"6":0,"8":0,"9":0,"10":0,"11":0,"12":0,"13":0,"14":0,"15":0,"16":0,"17":0,"18":0,"19":0,"20":0,"21":0,"22":0,"23":0,"24":0,"25":0,"26":0,"27":0,"28":0,"29":0,"30":0,"31":0,"32":0,"33":0,"34":0,"35":0,"36":0,"37":0,"38":0,"39":0,"40":0,"41":0,"42":0,"43":0,"44":0,"45":0,"46":0,"47":0,"48":0,"49":0,"50":0,"51":0,"52":0,"53":0,"54":0,"55":0,"56":0,"57":0,"58":0,"59":0,"60":0,"61":0,"62":0,"63":0,"64":0,"65":0,"66":0,"67":0,"68":0,"69":0,"70":0,"71":0,"72":0,"73":0,"74":0,"75":0,"76":0,"77":0,"78":0,"79":0,"80":0,"81":0,"82":0},"branchMap":{"0":{"type":"branch","line":1,"loc":{"start":{"line":1,"column":1714},"end":{"line":83,"column":2}},"locations":[{"start":{"line":1,"column":1714},"end":{"line":83,"column":2}}]}},"b":{"0":[0]},"fnMap":{"0":{"name":"(empty-report)","decl":{"start":{"line":1,"column":1714},"end":{"line":83,"column":2}},"loc":{"start":{"line":1,"column":1714},"end":{"line":83,"column":2}},"line":1}},"f":{"0":0}}
,"C:\\Users\\Bernard\\Documents\\GitHub\\murburaba\\packages\\murmuraba\\examples\\audioworklet-example.ts": {"path":"C:\\Users\\Bernard\\Documents\\GitHub\\murburaba\\packages\\murmuraba\\examples\\audioworklet-example.ts","all":true,"statementMap":{"3":{"start":{"line":4,"column":0},"end":{"line":4,"column":71}},"5":{"start":{"line":6,"column":0},"end":{"line":6,"column":41}},"7":{"start":{"line":8,"column":0},"end":{"line":8,"column":41}},"8":{"start":{"line":9,"column":0},"end":{"line":9,"column":24}},"11":{"start":{"line":12,"column":0},"end":{"line":12,"column":5}},"14":{"start":{"line":15,"column":0},"end":{"line":15,"column":42}},"15":{"start":{"line":16,"column":0},"end":{"line":16,"column":67}},"16":{"start":{"line":17,"column":0},"end":{"line":17,"column":11}},"17":{"start":{"line":18,"column":0},"end":{"line":18,"column":3}},"19":{"start":{"line":20,"column":0},"end":{"line":20,"column":53}},"20":{"start":{"line":21,"column":0},"end":{"line":21,"column":28}},"23":{"start":{"line":24,"column":0},"end":{"line":24,"column":44}},"24":{"start":{"line":25,"column":0},"end":{"line":25,"column":41}},"25":{"start":{"line":26,"column":0},"end":{"line":26,"column":63}},"26":{"start":{"line":27,"column":0},"end":{"line":27,"column":47}},"27":{"start":{"line":28,"column":0},"end":{"line":28,"column":46}},"28":{"start":{"line":29,"column":0},"end":{"line":29,"column":7}},"29":{"start":{"line":30,"column":0},"end":{"line":30,"column":5}},"32":{"start":{"line":33,"column":0},"end":{"line":33,"column":65}},"33":{"start":{"line":34,"column":0},"end":{"line":34,"column":33}},"34":{"start":{"line":35,"column":0},"end":{"line":35,"column":79}},"35":{"start":{"line":36,"column":0},"end":{"line":36,"column":3}},"37":{"start":{"line":38,"column":0},"end":{"line":38,"column":70}},"38":{"start":{"line":39,"column":0},"end":{"line":39,"column":66}},"41":{"start":{"line":42,"column":0},"end":{"line":42,"column":7}},"42":{"start":{"line":43,"column":0},"end":{"line":43,"column":60}},"43":{"start":{"line":44,"column":0},"end":{"line":44,"column":29}},"44":{"start":{"line":45,"column":0},"end":{"line":45,"column":27}},"45":{"start":{"line":46,"column":0},"end":{"line":46,"column":7}},"47":{"start":{"line":48,"column":0},"end":{"line":48,"column":57}},"48":{"start":{"line":49,"column":0},"end":{"line":49,"column":42}},"49":{"start":{"line":50,"column":0},"end":{"line":50,"column":51}},"50":{"start":{"line":51,"column":0},"end":{"line":51,"column":55}},"59":{"start":{"line":60,"column":0},"end":{"line":60,"column":26}},"60":{"start":{"line":61,"column":0},"end":{"line":61,"column":29}},"61":{"start":{"line":62,"column":0},"end":{"line":62,"column":13}},"62":{"start":{"line":63,"column":0},"end":{"line":63,"column":57}},"63":{"start":{"line":64,"column":0},"end":{"line":64,"column":7}},"64":{"start":{"line":65,"column":0},"end":{"line":65,"column":7}},"66":{"start":{"line":67,"column":0},"end":{"line":67,"column":19}},"67":{"start":{"line":68,"column":0},"end":{"line":68,"column":66}},"68":{"start":{"line":69,"column":0},"end":{"line":69,"column":3}},"71":{"start":{"line":72,"column":0},"end":{"line":72,"column":49}},"72":{"start":{"line":73,"column":0},"end":{"line":73,"column":47}},"76":{"start":{"line":77,"column":0},"end":{"line":77,"column":1}},"79":{"start":{"line":80,"column":0},"end":{"line":80,"column":37}},"80":{"start":{"line":81,"column":0},"end":{"line":81,"column":42}},"81":{"start":{"line":82,"column":0},"end":{"line":82,"column":28}},"83":{"start":{"line":84,"column":0},"end":{"line":84,"column":25}},"84":{"start":{"line":85,"column":0},"end":{"line":85,"column":24}},"85":{"start":{"line":86,"column":0},"end":{"line":86,"column":47}},"88":{"start":{"line":89,"column":0},"end":{"line":89,"column":39}},"89":{"start":{"line":90,"column":0},"end":{"line":90,"column":46}},"90":{"start":{"line":91,"column":0},"end":{"line":91,"column":3}},"92":{"start":{"line":93,"column":0},"end":{"line":93,"column":51}},"94":{"start":{"line":95,"column":0},"end":{"line":95,"column":38}},"96":{"start":{"line":97,"column":0},"end":{"line":97,"column":39}},"97":{"start":{"line":98,"column":0},"end":{"line":98,"column":46}},"98":{"start":{"line":99,"column":0},"end":{"line":99,"column":3}},"100":{"start":{"line":101,"column":0},"end":{"line":101,"column":36}},"101":{"start":{"line":102,"column":0},"end":{"line":102,"column":40}},"102":{"start":{"line":103,"column":0},"end":{"line":103,"column":48}},"104":{"start":{"line":105,"column":0},"end":{"line":105,"column":66}},"105":{"start":{"line":106,"column":0},"end":{"line":106,"column":73}},"106":{"start":{"line":107,"column":0},"end":{"line":107,"column":73}},"108":{"start":{"line":109,"column":0},"end":{"line":109,"column":19}},"109":{"start":{"line":110,"column":0},"end":{"line":110,"column":1}},"112":{"start":{"line":113,"column":0},"end":{"line":113,"column":36}},"114":{"start":{"line":115,"column":0},"end":{"line":115,"column":55}},"115":{"start":{"line":116,"column":0},"end":{"line":116,"column":52}},"116":{"start":{"line":117,"column":0},"end":{"line":117,"column":52}},"117":{"start":{"line":118,"column":0},"end":{"line":118,"column":44}},"118":{"start":{"line":119,"column":0},"end":{"line":119,"column":38}},"120":{"start":{"line":121,"column":0},"end":{"line":121,"column":56}},"121":{"start":{"line":122,"column":0},"end":{"line":122,"column":52}},"122":{"start":{"line":123,"column":0},"end":{"line":123,"column":44}},"123":{"start":{"line":124,"column":0},"end":{"line":124,"column":42}},"124":{"start":{"line":125,"column":0},"end":{"line":125,"column":5}},"125":{"start":{"line":126,"column":0},"end":{"line":126,"column":8}},"127":{"start":{"line":128,"column":0},"end":{"line":128,"column":61}},"128":{"start":{"line":129,"column":0},"end":{"line":129,"column":1}}},"s":{"3":0,"5":0,"7":0,"8":0,"11":0,"14":0,"15":0,"16":0,"17":0,"19":0,"20":0,"23":0,"24":0,"25":0,"26":0,"27":0,"28":0,"29":0,"32":0,"33":0,"34":0,"35":0,"37":0,"38":0,"41":0,"42":0,"43":0,"44":0,"45":0,"47":0,"48":0,"49":0,"50":0,"59":0,"60":0,"61":0,"62":0,"63":0,"64":0,"66":0,"67":0,"68":0,"71":0,"72":0,"76":0,"79":0,"80":0,"81":0,"83":0,"84":0,"85":0,"88":0,"89":0,"90":0,"92":0,"94":0,"96":0,"97":0,"98":0,"100":0,"101":0,"102":0,"104":0,"105":0,"106":0,"108":0,"109":0,"112":0,"114":0,"115":0,"116":0,"117":0,"118":0,"120":0,"121":0,"122":0,"123":0,"124":0,"125":0,"127":0,"128":0},"branchMap":{"0":{"type":"branch","line":1,"loc":{"start":{"line":1,"column":4051},"end":{"line":131,"column":54}},"locations":[{"start":{"line":1,"column":4051},"end":{"line":131,"column":54}}]}},"b":{"0":[1]},"fnMap":{"0":{"name":"(empty-report)","decl":{"start":{"line":1,"column":4051},"end":{"line":131,"column":54}},"loc":{"start":{"line":1,"column":4051},"end":{"line":131,"column":54}},"line":1}},"f":{"0":1}}
,"C:\\Users\\Bernard\\Documents\\GitHub\\murburaba\\packages\\murmuraba\\html\\assets\\index-D_ryMEPs.js": {"path":"C:\\Users\\Bernard\\Documents\\GitHub\\murburaba\\packages\\murmuraba\\html\\assets\\index-D_ryMEPs.js","all":true,"statementMap":{"0":{"start":{"line":1,"column":0},"end":{"line":1,"column":882}},"1":{"start":{"line":2,"column":0},"end":{"line":2,"column":21}},"2":{"start":{"line":3,"column":0},"end":{"line":3,"column":55}},"3":{"start":{"line":4,"column":0},"end":{"line":4,"column":14}},"4":{"start":{"line":5,"column":0},"end":{"line":5,"column":3516}},"5":{"start":{"line":6,"column":0},"end":{"line":6,"column":25}},"6":{"start":{"line":7,"column":0},"end":{"line":7,"column":55}},"7":{"start":{"line":8,"column":0},"end":{"line":8,"column":14}},"8":{"start":{"line":9,"column":0},"end":{"line":9,"column":16774}},"9":{"start":{"line":10,"column":0},"end":{"line":10,"column":27}},"10":{"start":{"line":11,"column":0},"end":{"line":11,"column":55}},"11":{"start":{"line":12,"column":0},"end":{"line":12,"column":14}},"12":{"start":{"line":13,"column":0},"end":{"line":13,"column":45973}},"13":{"start":{"line":14,"column":0},"end":{"line":14,"column":26}},"14":{"start":{"line":15,"column":0},"end":{"line":15,"column":55}},"15":{"start":{"line":16,"column":0},"end":{"line":16,"column":14}},"16":{"start":{"line":17,"column":0},"end":{"line":17,"column":65756}},"17":{"start":{"line":18,"column":0},"end":{"line":18,"column":20317}},"18":{"start":{"line":19,"column":0},"end":{"line":19,"column":59}},"19":{"start":{"line":20,"column":0},"end":{"line":20,"column":19341}},"20":{"start":{"line":21,"column":0},"end":{"line":21,"column":201}},"21":{"start":{"line":22,"column":0},"end":{"line":22,"column":3622}},"22":{"start":{"line":23,"column":0},"end":{"line":23,"column":573}},"23":{"start":{"line":24,"column":0},"end":{"line":24,"column":47253}},"24":{"start":{"line":25,"column":0},"end":{"line":25,"column":38796}},"25":{"start":{"line":26,"column":0},"end":{"line":26,"column":46879}},"27":{"start":{"line":28,"column":0},"end":{"line":28,"column":89}},"28":{"start":{"line":29,"column":0},"end":{"line":29,"column":18808}},"29":{"start":{"line":30,"column":0},"end":{"line":30,"column":22722}},"30":{"start":{"line":31,"column":0},"end":{"line":31,"column":68}},"31":{"start":{"line":32,"column":0},"end":{"line":32,"column":4443}},"32":{"start":{"line":33,"column":0},"end":{"line":33,"column":71}},"33":{"start":{"line":34,"column":0},"end":{"line":34,"column":74}},"34":{"start":{"line":35,"column":0},"end":{"line":35,"column":53085}},"35":{"start":{"line":36,"column":0},"end":{"line":36,"column":14061}},"36":{"start":{"line":37,"column":0},"end":{"line":37,"column":18112}},"37":{"start":{"line":38,"column":0},"end":{"line":38,"column":490}},"38":{"start":{"line":39,"column":0},"end":{"line":39,"column":12}},"39":{"start":{"line":40,"column":0},"end":{"line":40,"column":11416}},"40":{"start":{"line":41,"column":0},"end":{"line":41,"column":27}},"41":{"start":{"line":42,"column":0},"end":{"line":42,"column":1990}},"42":{"start":{"line":43,"column":0},"end":{"line":43,"column":224}},"43":{"start":{"line":44,"column":0},"end":{"line":44,"column":9842}},"44":{"start":{"line":45,"column":0},"end":{"line":45,"column":3473}},"45":{"start":{"line":46,"column":0},"end":{"line":46,"column":849}},"46":{"start":{"line":47,"column":0},"end":{"line":47,"column":71}},"47":{"start":{"line":48,"column":0},"end":{"line":48,"column":82}},"48":{"start":{"line":49,"column":0},"end":{"line":49,"column":49725}},"49":{"start":{"line":50,"column":0},"end":{"line":50,"column":73126}},"50":{"start":{"line":51,"column":0},"end":{"line":51,"column":438}},"51":{"start":{"line":52,"column":0},"end":{"line":52,"column":337}},"52":{"start":{"line":53,"column":0},"end":{"line":53,"column":39579}},"53":{"start":{"line":54,"column":0},"end":{"line":54,"column":34981}},"54":{"start":{"line":55,"column":0},"end":{"line":55,"column":21}},"55":{"start":{"line":56,"column":0},"end":{"line":56,"column":38}},"56":{"start":{"line":57,"column":0},"end":{"line":57,"column":16}},"57":{"start":{"line":58,"column":0},"end":{"line":58,"column":23903}}},"s":{"0":0,"1":0,"2":0,"3":0,"4":0,"5":0,"6":0,"7":0,"8":0,"9":0,"10":0,"11":0,"12":0,"13":0,"14":0,"15":0,"16":0,"17":0,"18":0,"19":0,"20":0,"21":0,"22":0,"23":0,"24":0,"25":0,"27":0,"28":0,"29":0,"30":0,"31":0,"32":0,"33":0,"34":0,"35":0,"36":0,"37":0,"38":0,"39":0,"40":0,"41":0,"42":0,"43":0,"44":0,"45":0,"46":0,"47":0,"48":0,"49":0,"50":0,"51":0,"52":0,"53":0,"54":0,"55":0,"56":0,"57":0},"branchMap":{"0":{"type":"branch","line":1,"loc":{"start":{"line":1,"column":0},"end":{"line":58,"column":23267}},"locations":[{"start":{"line":1,"column":0},"end":{"line":58,"column":23267}}]}},"b":{"0":[0]},"fnMap":{"0":{"name":"(empty-report)","decl":{"start":{"line":1,"column":0},"end":{"line":58,"column":23267}},"loc":{"start":{"line":1,"column":0},"end":{"line":58,"column":23267}},"line":1}},"f":{"0":0}}
,"C:\\Users\\Bernard\\Documents\\GitHub\\murburaba\\packages\\murmuraba\\scripts\\embed-wasm.js": {"path":"C:\\Users\\Bernard\\Documents\\GitHub\\murburaba\\packages\\murmuraba\\scripts\\embed-wasm.js","all":true,"statementMap":{"0":{"start":{"line":1,"column":0},"end":{"line":1,"column":25}},"1":{"start":{"line":2,"column":0},"end":{"line":2,"column":29}},"3":{"start":{"line":4,"column":0},"end":{"line":4,"column":17}},"4":{"start":{"line":5,"column":0},"end":{"line":5,"column":95}},"5":{"start":{"line":6,"column":0},"end":{"line":6,"column":45}},"7":{"start":{"line":8,"column":0},"end":{"line":8,"column":20}},"8":{"start":{"line":9,"column":0},"end":{"line":9,"column":49}},"10":{"start":{"line":11,"column":0},"end":{"line":11,"column":25}},"11":{"start":{"line":12,"column":0},"end":{"line":12,"column":24}},"12":{"start":{"line":13,"column":0},"end":{"line":13,"column":36}},"13":{"start":{"line":14,"column":0},"end":{"line":14,"column":51}},"15":{"start":{"line":16,"column":0},"end":{"line":16,"column":41}},"16":{"start":{"line":17,"column":0},"end":{"line":17,"column":39}},"17":{"start":{"line":18,"column":0},"end":{"line":18,"column":49}},"18":{"start":{"line":19,"column":0},"end":{"line":19,"column":52}},"19":{"start":{"line":20,"column":0},"end":{"line":20,"column":49}},"20":{"start":{"line":21,"column":0},"end":{"line":21,"column":42}},"21":{"start":{"line":22,"column":0},"end":{"line":22,"column":3}},"22":{"start":{"line":23,"column":0},"end":{"line":23,"column":2}},"23":{"start":{"line":24,"column":0},"end":{"line":24,"column":35}},"24":{"start":{"line":25,"column":0},"end":{"line":25,"column":65}},"25":{"start":{"line":26,"column":0},"end":{"line":26,"column":20}},"26":{"start":{"line":27,"column":0},"end":{"line":27,"column":1}},"27":{"start":{"line":28,"column":0},"end":{"line":28,"column":2}},"29":{"start":{"line":30,"column":0},"end":{"line":30,"column":16}},"30":{"start":{"line":31,"column":0},"end":{"line":31,"column":17}},"31":{"start":{"line":32,"column":0},"end":{"line":32,"column":66}},"32":{"start":{"line":33,"column":0},"end":{"line":33,"column":16}},"33":{"start":{"line":34,"column":0},"end":{"line":34,"column":2}},"35":{"start":{"line":36,"column":0},"end":{"line":36,"column":45}},"36":{"start":{"line":37,"column":0},"end":{"line":37,"column":73}},"37":{"start":{"line":38,"column":0},"end":{"line":38,"column":75}}},"s":{"0":0,"1":0,"3":0,"4":0,"5":0,"7":0,"8":0,"10":0,"11":0,"12":0,"13":0,"15":0,"16":0,"17":0,"18":0,"19":0,"20":0,"21":0,"22":0,"23":0,"24":0,"25":0,"26":0,"27":0,"29":0,"30":0,"31":0,"32":0,"33":0,"35":0,"36":0,"37":0},"branchMap":{"0":{"type":"branch","line":1,"loc":{"start":{"line":1,"column":0},"end":{"line":38,"column":75}},"locations":[{"start":{"line":1,"column":0},"end":{"line":38,"column":75}}]}},"b":{"0":[0]},"fnMap":{"0":{"name":"(empty-report)","decl":{"start":{"line":1,"column":0},"end":{"line":38,"column":75}},"loc":{"start":{"line":1,"column":0},"end":{"line":38,"column":75}},"line":1}},"f":{"0":0}}
,"C:\\Users\\Bernard\\Documents\\GitHub\\murburaba\\packages\\murmuraba\\src\\api.ts": {"path":"C:\\Users\\Bernard\\Documents\\GitHub\\murburaba\\packages\\murmuraba\\src\\api.ts","all":true,"statementMap":{"0":{"start":{"line":1,"column":0},"end":{"line":1,"column":57}},"3":{"start":{"line":4,"column":0},"end":{"line":4,"column":48}},"5":{"start":{"line":6,"column":0},"end":{"line":6,"column":86}},"6":{"start":{"line":7,"column":0},"end":{"line":7,"column":21}},"7":{"start":{"line":8,"column":0},"end":{"line":8,"column":88}},"8":{"start":{"line":9,"column":0},"end":{"line":9,"column":3}},"10":{"start":{"line":11,"column":0},"end":{"line":11,"column":45}},"11":{"start":{"line":12,"column":0},"end":{"line":12,"column":34}},"12":{"start":{"line":13,"column":0},"end":{"line":13,"column":1}},"14":{"start":{"line":15,"column":0},"end":{"line":15,"column":46}},"15":{"start":{"line":16,"column":0},"end":{"line":16,"column":22}},"16":{"start":{"line":17,"column":0},"end":{"line":17,"column":89}},"17":{"start":{"line":18,"column":0},"end":{"line":18,"column":3}},"18":{"start":{"line":19,"column":0},"end":{"line":19,"column":22}},"19":{"start":{"line":20,"column":0},"end":{"line":20,"column":1}},"21":{"start":{"line":22,"column":0},"end":{"line":22,"column":58}},"22":{"start":{"line":23,"column":0},"end":{"line":23,"column":29}},"23":{"start":{"line":24,"column":0},"end":{"line":24,"column":38}},"24":{"start":{"line":25,"column":0},"end":{"line":25,"column":1}},"26":{"start":{"line":27,"column":0},"end":{"line":27,"column":43}},"27":{"start":{"line":28,"column":0},"end":{"line":28,"column":22}},"28":{"start":{"line":29,"column":0},"end":{"line":29,"column":11}},"32":{"start":{"line":33,"column":0},"end":{"line":33,"column":3}},"33":{"start":{"line":34,"column":0},"end":{"line":34,"column":29}},"34":{"start":{"line":35,"column":0},"end":{"line":35,"column":46}},"35":{"start":{"line":36,"column":0},"end":{"line":36,"column":1}},"37":{"start":{"line":38,"column":0},"end":{"line":38,"column":83}},"38":{"start":{"line":39,"column":0},"end":{"line":39,"column":22}},"39":{"start":{"line":40,"column":0},"end":{"line":40,"column":11}},"40":{"start":{"line":41,"column":0},"end":{"line":41,"column":3}},"42":{"start":{"line":43,"column":0},"end":{"line":43,"column":54}},"43":{"start":{"line":44,"column":0},"end":{"line":44,"column":22}},"44":{"start":{"line":45,"column":0},"end":{"line":45,"column":1}},"46":{"start":{"line":47,"column":0},"end":{"line":47,"column":35}},"47":{"start":{"line":48,"column":0},"end":{"line":48,"column":22}},"48":{"start":{"line":49,"column":0},"end":{"line":49,"column":27}},"49":{"start":{"line":50,"column":0},"end":{"line":50,"column":3}},"50":{"start":{"line":51,"column":0},"end":{"line":51,"column":51}},"51":{"start":{"line":52,"column":0},"end":{"line":52,"column":1}},"53":{"start":{"line":54,"column":0},"end":{"line":54,"column":34}},"54":{"start":{"line":55,"column":0},"end":{"line":55,"column":29}},"55":{"start":{"line":56,"column":0},"end":{"line":56,"column":33}},"56":{"start":{"line":57,"column":0},"end":{"line":57,"column":1}},"58":{"start":{"line":59,"column":0},"end":{"line":59,"column":67}},"59":{"start":{"line":60,"column":0},"end":{"line":60,"column":29}},"60":{"start":{"line":61,"column":0},"end":{"line":61,"column":35}},"61":{"start":{"line":62,"column":0},"end":{"line":62,"column":1}}},"s":{"0":0,"3":0,"5":0,"6":0,"7":0,"8":0,"10":0,"11":0,"12":0,"14":0,"15":0,"16":0,"17":0,"18":0,"19":0,"21":0,"22":0,"23":0,"24":0,"26":0,"27":0,"28":0,"32":0,"33":0,"34":0,"35":0,"37":0,"38":0,"39":0,"40":0,"42":0,"43":0,"44":0,"46":0,"47":0,"48":0,"49":0,"50":0,"51":0,"53":0,"54":0,"55":0,"56":0,"58":0,"59":0,"60":0,"61":0},"branchMap":{"0":{"type":"branch","line":1,"loc":{"start":{"line":1,"column":1591},"end":{"line":62,"column":1}},"locations":[{"start":{"line":1,"column":1591},"end":{"line":62,"column":1}}]}},"b":{"0":[0]},"fnMap":{"0":{"name":"(empty-report)","decl":{"start":{"line":1,"column":1591},"end":{"line":62,"column":1}},"loc":{"start":{"line":1,"column":1591},"end":{"line":62,"column":1}},"line":1}},"f":{"0":0}}
,"C:\\Users\\Bernard\\Documents\\GitHub\\murburaba\\packages\\murmuraba\\src\\core\\EventEmitter.ts": {"path":"C:\\Users\\Bernard\\Documents\\GitHub\\murburaba\\packages\\murmuraba\\src\\core\\EventEmitter.ts","all":true,"statementMap":{"2":{"start":{"line":3,"column":0},"end":{"line":3,"column":67}},"3":{"start":{"line":4,"column":0},"end":{"line":4,"column":62}},"5":{"start":{"line":6,"column":0},"end":{"line":6,"column":56}},"6":{"start":{"line":7,"column":0},"end":{"line":7,"column":34}},"7":{"start":{"line":8,"column":0},"end":{"line":8,"column":40}},"8":{"start":{"line":9,"column":0},"end":{"line":9,"column":5}},"9":{"start":{"line":10,"column":0},"end":{"line":10,"column":41}},"10":{"start":{"line":11,"column":0},"end":{"line":11,"column":3}},"12":{"start":{"line":13,"column":0},"end":{"line":13,"column":57}},"13":{"start":{"line":14,"column":0},"end":{"line":14,"column":44}},"14":{"start":{"line":15,"column":0},"end":{"line":15,"column":19}},"15":{"start":{"line":16,"column":0},"end":{"line":16,"column":31}},"16":{"start":{"line":17,"column":0},"end":{"line":17,"column":32}},"17":{"start":{"line":18,"column":0},"end":{"line":18,"column":34}},"18":{"start":{"line":19,"column":0},"end":{"line":19,"column":7}},"19":{"start":{"line":20,"column":0},"end":{"line":20,"column":5}},"20":{"start":{"line":21,"column":0},"end":{"line":21,"column":3}},"22":{"start":{"line":23,"column":0},"end":{"line":23,"column":70}},"23":{"start":{"line":24,"column":0},"end":{"line":24,"column":44}},"24":{"start":{"line":25,"column":0},"end":{"line":25,"column":19}},"25":{"start":{"line":26,"column":0},"end":{"line":26,"column":35}},"26":{"start":{"line":27,"column":0},"end":{"line":27,"column":13}},"27":{"start":{"line":28,"column":0},"end":{"line":28,"column":27}},"28":{"start":{"line":29,"column":0},"end":{"line":29,"column":25}},"29":{"start":{"line":30,"column":0},"end":{"line":30,"column":79}},"30":{"start":{"line":31,"column":0},"end":{"line":31,"column":9}},"31":{"start":{"line":32,"column":0},"end":{"line":32,"column":9}},"32":{"start":{"line":33,"column":0},"end":{"line":33,"column":5}},"33":{"start":{"line":34,"column":0},"end":{"line":34,"column":3}},"35":{"start":{"line":36,"column":0},"end":{"line":36,"column":58}},"36":{"start":{"line":37,"column":0},"end":{"line":37,"column":49}},"37":{"start":{"line":38,"column":0},"end":{"line":38,"column":46}},"38":{"start":{"line":39,"column":0},"end":{"line":39,"column":23}},"39":{"start":{"line":40,"column":0},"end":{"line":40,"column":15}},"40":{"start":{"line":41,"column":0},"end":{"line":41,"column":35}},"41":{"start":{"line":42,"column":0},"end":{"line":42,"column":3}},"43":{"start":{"line":44,"column":0},"end":{"line":44,"column":45}},"44":{"start":{"line":45,"column":0},"end":{"line":45,"column":16}},"45":{"start":{"line":46,"column":0},"end":{"line":46,"column":32}},"46":{"start":{"line":47,"column":0},"end":{"line":47,"column":12}},"47":{"start":{"line":48,"column":0},"end":{"line":48,"column":26}},"48":{"start":{"line":49,"column":0},"end":{"line":49,"column":5}},"49":{"start":{"line":50,"column":0},"end":{"line":50,"column":3}},"51":{"start":{"line":52,"column":0},"end":{"line":52,"column":41}},"52":{"start":{"line":53,"column":0},"end":{"line":53,"column":44}},"53":{"start":{"line":54,"column":0},"end":{"line":54,"column":40}},"54":{"start":{"line":55,"column":0},"end":{"line":55,"column":3}},"55":{"start":{"line":56,"column":0},"end":{"line":56,"column":1}}},"s":{"2":0,"3":0,"5":0,"6":0,"7":0,"8":0,"9":0,"10":0,"12":0,"13":0,"14":0,"15":0,"16":0,"17":0,"18":0,"19":0,"20":0,"22":0,"23":0,"24":0,"25":0,"26":0,"27":0,"28":0,"29":0,"30":0,"31":0,"32":0,"33":0,"35":0,"36":0,"37":0,"38":0,"39":0,"40":0,"41":0,"43":0,"44":0,"45":0,"46":0,"47":0,"48":0,"49":0,"51":0,"52":0,"53":0,"54":0,"55":0},"branchMap":{"0":{"type":"branch","line":1,"loc":{"start":{"line":1,"column":1494},"end":{"line":56,"column":1}},"locations":[{"start":{"line":1,"column":1494},"end":{"line":56,"column":1}}]}},"b":{"0":[1]},"fnMap":{"0":{"name":"(empty-report)","decl":{"start":{"line":1,"column":1494},"end":{"line":56,"column":1}},"loc":{"start":{"line":1,"column":1494},"end":{"line":56,"column":1}},"line":1}},"f":{"0":1}}
,"C:\\Users\\Bernard\\Documents\\GitHub\\murburaba\\packages\\murmuraba\\src\\core\\Logger.ts": {"path":"C:\\Users\\Bernard\\Documents\\GitHub\\murburaba\\packages\\murmuraba\\src\\core\\Logger.ts","all":true,"statementMap":{"2":{"start":{"line":3,"column":0},"end":{"line":3,"column":21}},"3":{"start":{"line":4,"column":0},"end":{"line":4,"column":35}},"7":{"start":{"line":8,"column":0},"end":{"line":8,"column":47}},"8":{"start":{"line":9,"column":0},"end":{"line":9,"column":25}},"9":{"start":{"line":10,"column":0},"end":{"line":10,"column":3}},"11":{"start":{"line":12,"column":0},"end":{"line":12,"column":35}},"12":{"start":{"line":13,"column":0},"end":{"line":13,"column":23}},"13":{"start":{"line":14,"column":0},"end":{"line":14,"column":3}},"15":{"start":{"line":16,"column":0},"end":{"line":16,"column":88}},"16":{"start":{"line":17,"column":0},"end":{"line":17,"column":25}},"17":{"start":{"line":18,"column":0},"end":{"line":18,"column":3}},"19":{"start":{"line":20,"column":0},"end":{"line":20,"column":47}},"20":{"start":{"line":21,"column":0},"end":{"line":21,"column":74}},"21":{"start":{"line":22,"column":0},"end":{"line":22,"column":52}},"22":{"start":{"line":23,"column":0},"end":{"line":23,"column":47}},"23":{"start":{"line":24,"column":0},"end":{"line":24,"column":60}},"24":{"start":{"line":25,"column":0},"end":{"line":25,"column":3}},"26":{"start":{"line":27,"column":0},"end":{"line":27,"column":67}},"27":{"start":{"line":28,"column":0},"end":{"line":28,"column":39}},"29":{"start":{"line":30,"column":0},"end":{"line":30,"column":47}},"30":{"start":{"line":31,"column":0},"end":{"line":31,"column":97}},"32":{"start":{"line":33,"column":0},"end":{"line":33,"column":21}},"33":{"start":{"line":34,"column":0},"end":{"line":34,"column":48}},"34":{"start":{"line":35,"column":0},"end":{"line":35,"column":12}},"35":{"start":{"line":36,"column":0},"end":{"line":36,"column":60}},"36":{"start":{"line":37,"column":0},"end":{"line":37,"column":57}},"37":{"start":{"line":38,"column":0},"end":{"line":38,"column":35}},"39":{"start":{"line":40,"column":0},"end":{"line":40,"column":31}},"40":{"start":{"line":41,"column":0},"end":{"line":41,"column":42}},"41":{"start":{"line":42,"column":0},"end":{"line":42,"column":14}},"42":{"start":{"line":43,"column":0},"end":{"line":43,"column":36}},"43":{"start":{"line":44,"column":0},"end":{"line":44,"column":7}},"44":{"start":{"line":45,"column":0},"end":{"line":45,"column":5}},"45":{"start":{"line":46,"column":0},"end":{"line":46,"column":3}},"47":{"start":{"line":48,"column":0},"end":{"line":48,"column":44}},"48":{"start":{"line":49,"column":0},"end":{"line":49,"column":37}},"49":{"start":{"line":50,"column":0},"end":{"line":50,"column":3}},"51":{"start":{"line":52,"column":0},"end":{"line":52,"column":43}},"52":{"start":{"line":53,"column":0},"end":{"line":53,"column":36}},"53":{"start":{"line":54,"column":0},"end":{"line":54,"column":3}},"55":{"start":{"line":56,"column":0},"end":{"line":56,"column":43}},"56":{"start":{"line":57,"column":0},"end":{"line":57,"column":36}},"57":{"start":{"line":58,"column":0},"end":{"line":58,"column":3}},"59":{"start":{"line":60,"column":0},"end":{"line":60,"column":44}},"60":{"start":{"line":61,"column":0},"end":{"line":61,"column":37}},"61":{"start":{"line":62,"column":0},"end":{"line":62,"column":3}},"62":{"start":{"line":63,"column":0},"end":{"line":63,"column":1}}},"s":{"2":0,"3":0,"7":0,"8":0,"9":0,"11":0,"12":0,"13":0,"15":0,"16":0,"17":0,"19":0,"20":0,"21":0,"22":0,"23":0,"24":0,"26":0,"27":0,"29":0,"30":0,"32":0,"33":0,"34":0,"35":0,"36":0,"37":0,"39":0,"40":0,"41":0,"42":0,"43":0,"44":0,"45":0,"47":0,"48":0,"49":0,"51":0,"52":0,"53":0,"55":0,"56":0,"57":0,"59":0,"60":0,"61":0,"62":0},"branchMap":{"0":{"type":"branch","line":1,"loc":{"start":{"line":1,"column":1773},"end":{"line":63,"column":1}},"locations":[{"start":{"line":1,"column":1773},"end":{"line":63,"column":1}}]}},"b":{"0":[1]},"fnMap":{"0":{"name":"(empty-report)","decl":{"start":{"line":1,"column":1773},"end":{"line":63,"column":1}},"loc":{"start":{"line":1,"column":1773},"end":{"line":63,"column":1}},"line":1}},"f":{"0":1}}
,"C:\\Users\\Bernard\\Documents\\GitHub\\murburaba\\packages\\murmuraba\\src\\core\\MurmubaraEngine.ts": {"path":"C:\\Users\\Bernard\\Documents\\GitHub\\murburaba\\packages\\murmuraba\\src\\core\\MurmubaraEngine.ts","all":true,"statementMap":{"0":{"start":{"line":1,"column":0},"end":{"line":1,"column":46}},"1":{"start":{"line":2,"column":0},"end":{"line":2,"column":46}},"2":{"start":{"line":3,"column":0},"end":{"line":3,"column":34}},"3":{"start":{"line":4,"column":0},"end":{"line":4,"column":58}},"4":{"start":{"line":5,"column":0},"end":{"line":5,"column":60}},"5":{"start":{"line":6,"column":0},"end":{"line":6,"column":60}},"6":{"start":{"line":7,"column":0},"end":{"line":7,"column":8}},"19":{"start":{"line":20,"column":0},"end":{"line":20,"column":65}},"26":{"start":{"line":27,"column":0},"end":{"line":27,"column":67}},"33":{"start":{"line":34,"column":0},"end":{"line":34,"column":73}},"35":{"start":{"line":36,"column":0},"end":{"line":36,"column":45}},"36":{"start":{"line":37,"column":0},"end":{"line":37,"column":12}},"38":{"start":{"line":39,"column":0},"end":{"line":39,"column":19}},"39":{"start":{"line":40,"column":0},"end":{"line":40,"column":42}},"40":{"start":{"line":41,"column":0},"end":{"line":41,"column":39}},"41":{"start":{"line":42,"column":0},"end":{"line":42,"column":66}},"42":{"start":{"line":43,"column":0},"end":{"line":43,"column":44}},"43":{"start":{"line":44,"column":0},"end":{"line":44,"column":47}},"44":{"start":{"line":45,"column":0},"end":{"line":45,"column":46}},"45":{"start":{"line":46,"column":0},"end":{"line":46,"column":49}},"46":{"start":{"line":47,"column":0},"end":{"line":47,"column":43}},"47":{"start":{"line":48,"column":0},"end":{"line":48,"column":62}},"48":{"start":{"line":49,"column":0},"end":{"line":49,"column":51}},"49":{"start":{"line":50,"column":0},"end":{"line":50,"column":35}},"51":{"start":{"line":52,"column":0},"end":{"line":52,"column":44}},"52":{"start":{"line":53,"column":0},"end":{"line":53,"column":47}},"53":{"start":{"line":54,"column":0},"end":{"line":54,"column":28}},"54":{"start":{"line":55,"column":0},"end":{"line":55,"column":51}},"55":{"start":{"line":56,"column":0},"end":{"line":56,"column":5}},"57":{"start":{"line":58,"column":0},"end":{"line":58,"column":43}},"58":{"start":{"line":59,"column":0},"end":{"line":59,"column":56}},"59":{"start":{"line":60,"column":0},"end":{"line":60,"column":47}},"61":{"start":{"line":62,"column":0},"end":{"line":62,"column":32}},"62":{"start":{"line":63,"column":0},"end":{"line":63,"column":28}},"63":{"start":{"line":64,"column":0},"end":{"line":64,"column":3}},"65":{"start":{"line":66,"column":0},"end":{"line":66,"column":40}},"66":{"start":{"line":67,"column":0},"end":{"line":67,"column":66}},"67":{"start":{"line":68,"column":0},"end":{"line":68,"column":71}},"68":{"start":{"line":69,"column":0},"end":{"line":69,"column":52}},"69":{"start":{"line":70,"column":0},"end":{"line":70,"column":7}},"71":{"start":{"line":72,"column":0},"end":{"line":72,"column":59}},"72":{"start":{"line":73,"column":0},"end":{"line":73,"column":43}},"73":{"start":{"line":74,"column":0},"end":{"line":74,"column":7}},"74":{"start":{"line":75,"column":0},"end":{"line":75,"column":3}},"76":{"start":{"line":77,"column":0},"end":{"line":77,"column":36}},"77":{"start":{"line":78,"column":0},"end":{"line":78,"column":41}},"79":{"start":{"line":80,"column":0},"end":{"line":80,"column":37}},"80":{"start":{"line":81,"column":0},"end":{"line":81,"column":30}},"81":{"start":{"line":82,"column":0},"end":{"line":82,"column":40}},"82":{"start":{"line":83,"column":0},"end":{"line":83,"column":7}},"84":{"start":{"line":85,"column":0},"end":{"line":85,"column":82}},"85":{"start":{"line":86,"column":0},"end":{"line":86,"column":46}},"86":{"start":{"line":87,"column":0},"end":{"line":87,"column":71}},"87":{"start":{"line":88,"column":0},"end":{"line":88,"column":25}},"88":{"start":{"line":89,"column":0},"end":{"line":89,"column":37}},"89":{"start":{"line":90,"column":0},"end":{"line":90,"column":7}},"90":{"start":{"line":91,"column":0},"end":{"line":91,"column":6}},"92":{"start":{"line":93,"column":0},"end":{"line":93,"column":39}},"93":{"start":{"line":94,"column":0},"end":{"line":94,"column":30}},"94":{"start":{"line":95,"column":0},"end":{"line":95,"column":40}},"95":{"start":{"line":96,"column":0},"end":{"line":96,"column":38}},"96":{"start":{"line":97,"column":0},"end":{"line":97,"column":7}},"97":{"start":{"line":98,"column":0},"end":{"line":98,"column":7}},"99":{"start":{"line":100,"column":0},"end":{"line":100,"column":49}},"100":{"start":{"line":101,"column":0},"end":{"line":101,"column":3}},"102":{"start":{"line":103,"column":0},"end":{"line":103,"column":37}},"103":{"start":{"line":104,"column":0},"end":{"line":104,"column":27}},"104":{"start":{"line":105,"column":0},"end":{"line":105,"column":30}},"105":{"start":{"line":106,"column":0},"end":{"line":106,"column":5}},"107":{"start":{"line":108,"column":0},"end":{"line":108,"column":61}},"108":{"start":{"line":109,"column":0},"end":{"line":109,"column":31}},"109":{"start":{"line":110,"column":0},"end":{"line":110,"column":39}},"110":{"start":{"line":111,"column":0},"end":{"line":111,"column":62}},"111":{"start":{"line":112,"column":0},"end":{"line":112,"column":8}},"112":{"start":{"line":113,"column":0},"end":{"line":113,"column":5}},"114":{"start":{"line":115,"column":0},"end":{"line":115,"column":52}},"115":{"start":{"line":116,"column":0},"end":{"line":116,"column":28}},"116":{"start":{"line":117,"column":0},"end":{"line":117,"column":3}},"118":{"start":{"line":119,"column":0},"end":{"line":119,"column":56}},"119":{"start":{"line":120,"column":0},"end":{"line":120,"column":51}},"121":{"start":{"line":122,"column":0},"end":{"line":122,"column":9}},"122":{"start":{"line":123,"column":0},"end":{"line":123,"column":59}},"125":{"start":{"line":126,"column":0},"end":{"line":126,"column":44}},"126":{"start":{"line":127,"column":0},"end":{"line":127,"column":76}},"127":{"start":{"line":128,"column":0},"end":{"line":128,"column":7}},"130":{"start":{"line":131,"column":0},"end":{"line":131,"column":57}},"131":{"start":{"line":132,"column":0},"end":{"line":132,"column":42}},"134":{"start":{"line":135,"column":0},"end":{"line":135,"column":53}},"135":{"start":{"line":136,"column":0},"end":{"line":136,"column":49}},"138":{"start":{"line":139,"column":0},"end":{"line":139,"column":47}},"140":{"start":{"line":141,"column":0},"end":{"line":141,"column":46}},"141":{"start":{"line":142,"column":0},"end":{"line":142,"column":31}},"142":{"start":{"line":143,"column":0},"end":{"line":143,"column":68}},"144":{"start":{"line":145,"column":0},"end":{"line":145,"column":21}},"145":{"start":{"line":146,"column":0},"end":{"line":146,"column":46}},"146":{"start":{"line":147,"column":0},"end":{"line":147,"column":30}},"148":{"start":{"line":149,"column":0},"end":{"line":149,"column":48}},"149":{"start":{"line":150,"column":0},"end":{"line":150,"column":41}},"150":{"start":{"line":151,"column":0},"end":{"line":151,"column":91}},"151":{"start":{"line":152,"column":0},"end":{"line":152,"column":13}},"152":{"start":{"line":153,"column":0},"end":{"line":153,"column":8}},"153":{"start":{"line":154,"column":0},"end":{"line":154,"column":41}},"156":{"start":{"line":157,"column":0},"end":{"line":157,"column":38}},"157":{"start":{"line":158,"column":0},"end":{"line":158,"column":71}},"158":{"start":{"line":159,"column":0},"end":{"line":159,"column":40}},"159":{"start":{"line":160,"column":0},"end":{"line":160,"column":14}},"160":{"start":{"line":161,"column":0},"end":{"line":161,"column":29}},"161":{"start":{"line":162,"column":0},"end":{"line":162,"column":7}},"162":{"start":{"line":163,"column":0},"end":{"line":163,"column":5}},"163":{"start":{"line":164,"column":0},"end":{"line":164,"column":3}},"165":{"start":{"line":166,"column":0},"end":{"line":166,"column":46}},"167":{"start":{"line":168,"column":0},"end":{"line":168,"column":31}},"168":{"start":{"line":169,"column":0},"end":{"line":169,"column":29}},"169":{"start":{"line":170,"column":0},"end":{"line":170,"column":40}},"171":{"start":{"line":172,"column":0},"end":{"line":172,"column":48}},"173":{"start":{"line":174,"column":0},"end":{"line":174,"column":27}},"174":{"start":{"line":175,"column":0},"end":{"line":175,"column":58}},"175":{"start":{"line":176,"column":0},"end":{"line":176,"column":5}},"176":{"start":{"line":177,"column":0},"end":{"line":177,"column":26}},"177":{"start":{"line":178,"column":0},"end":{"line":178,"column":53}},"178":{"start":{"line":179,"column":0},"end":{"line":179,"column":5}},"180":{"start":{"line":181,"column":0},"end":{"line":181,"column":45}},"181":{"start":{"line":182,"column":0},"end":{"line":182,"column":3}},"183":{"start":{"line":184,"column":0},"end":{"line":184,"column":57}},"184":{"start":{"line":185,"column":0},"end":{"line":185,"column":9}},"185":{"start":{"line":186,"column":0},"end":{"line":186,"column":90}},"186":{"start":{"line":187,"column":0},"end":{"line":187,"column":71}},"189":{"start":{"line":190,"column":0},"end":{"line":190,"column":52}},"190":{"start":{"line":191,"column":0},"end":{"line":191,"column":41}},"191":{"start":{"line":192,"column":0},"end":{"line":192,"column":7}},"192":{"start":{"line":193,"column":0},"end":{"line":193,"column":21}},"193":{"start":{"line":194,"column":0},"end":{"line":194,"column":114}},"194":{"start":{"line":195,"column":0},"end":{"line":195,"column":5}},"195":{"start":{"line":196,"column":0},"end":{"line":196,"column":3}},"197":{"start":{"line":198,"column":0},"end":{"line":198,"column":77}},"198":{"start":{"line":199,"column":0},"end":{"line":199,"column":62}},"199":{"start":{"line":200,"column":0},"end":{"line":200,"column":98}},"200":{"start":{"line":201,"column":0},"end":{"line":201,"column":7}},"202":{"start":{"line":203,"column":0},"end":{"line":203,"column":9}},"203":{"start":{"line":204,"column":0},"end":{"line":204,"column":26}},"204":{"start":{"line":205,"column":0},"end":{"line":205,"column":30}},"205":{"start":{"line":206,"column":0},"end":{"line":206,"column":22}},"206":{"start":{"line":207,"column":0},"end":{"line":207,"column":9}},"207":{"start":{"line":208,"column":0},"end":{"line":208,"column":21}},"208":{"start":{"line":209,"column":0},"end":{"line":209,"column":72}},"209":{"start":{"line":210,"column":0},"end":{"line":210,"column":59}},"210":{"start":{"line":211,"column":0},"end":{"line":211,"column":7}},"211":{"start":{"line":212,"column":0},"end":{"line":212,"column":18}},"212":{"start":{"line":213,"column":0},"end":{"line":213,"column":5}},"213":{"start":{"line":214,"column":0},"end":{"line":214,"column":3}},"215":{"start":{"line":216,"column":0},"end":{"line":216,"column":45}},"216":{"start":{"line":217,"column":0},"end":{"line":217,"column":80}},"217":{"start":{"line":218,"column":0},"end":{"line":218,"column":28}},"218":{"start":{"line":219,"column":0},"end":{"line":219,"column":28}},"219":{"start":{"line":220,"column":0},"end":{"line":220,"column":25}},"220":{"start":{"line":221,"column":0},"end":{"line":221,"column":7}},"223":{"start":{"line":224,"column":0},"end":{"line":224,"column":40}},"224":{"start":{"line":225,"column":0},"end":{"line":225,"column":32}},"225":{"start":{"line":226,"column":0},"end":{"line":226,"column":5}},"226":{"start":{"line":227,"column":0},"end":{"line":227,"column":3}},"228":{"start":{"line":229,"column":0},"end":{"line":229,"column":53}},"229":{"start":{"line":230,"column":0},"end":{"line":230,"column":57}},"230":{"start":{"line":231,"column":0},"end":{"line":231,"column":47}},"233":{"start":{"line":234,"column":0},"end":{"line":234,"column":29}},"234":{"start":{"line":235,"column":0},"end":{"line":235,"column":11}},"235":{"start":{"line":236,"column":0},"end":{"line":236,"column":44}},"236":{"start":{"line":237,"column":0},"end":{"line":237,"column":15}},"237":{"start":{"line":238,"column":0},"end":{"line":238,"column":82}},"238":{"start":{"line":239,"column":0},"end":{"line":239,"column":15}},"239":{"start":{"line":240,"column":0},"end":{"line":240,"column":7}},"240":{"start":{"line":241,"column":0},"end":{"line":241,"column":5}},"243":{"start":{"line":244,"column":0},"end":{"line":244,"column":31}},"244":{"start":{"line":245,"column":0},"end":{"line":245,"column":83}},"245":{"start":{"line":246,"column":0},"end":{"line":246,"column":3}},"247":{"start":{"line":248,"column":0},"end":{"line":248,"column":49}},"248":{"start":{"line":249,"column":0},"end":{"line":249,"column":48}},"251":{"start":{"line":252,"column":0},"end":{"line":252,"column":52}},"252":{"start":{"line":253,"column":0},"end":{"line":253,"column":37}},"254":{"start":{"line":255,"column":0},"end":{"line":255,"column":50}},"255":{"start":{"line":256,"column":0},"end":{"line":256,"column":38}},"256":{"start":{"line":257,"column":0},"end":{"line":257,"column":80}},"257":{"start":{"line":258,"column":0},"end":{"line":258,"column":40}},"258":{"start":{"line":259,"column":0},"end":{"line":259,"column":7}},"261":{"start":{"line":262,"column":0},"end":{"line":262,"column":68}},"262":{"start":{"line":263,"column":0},"end":{"line":263,"column":31}},"263":{"start":{"line":264,"column":0},"end":{"line":264,"column":63}},"264":{"start":{"line":265,"column":0},"end":{"line":265,"column":5}},"266":{"start":{"line":267,"column":0},"end":{"line":267,"column":49}},"267":{"start":{"line":268,"column":0},"end":{"line":268,"column":41}},"268":{"start":{"line":269,"column":0},"end":{"line":269,"column":41}},"269":{"start":{"line":270,"column":0},"end":{"line":270,"column":37}},"270":{"start":{"line":271,"column":0},"end":{"line":271,"column":9}},"271":{"start":{"line":272,"column":0},"end":{"line":272,"column":24}},"272":{"start":{"line":273,"column":0},"end":{"line":273,"column":7}},"273":{"start":{"line":274,"column":0},"end":{"line":274,"column":7}},"276":{"start":{"line":277,"column":0},"end":{"line":277,"column":59}},"277":{"start":{"line":278,"column":0},"end":{"line":278,"column":29}},"278":{"start":{"line":279,"column":0},"end":{"line":279,"column":56}},"279":{"start":{"line":280,"column":0},"end":{"line":280,"column":5}},"282":{"start":{"line":283,"column":0},"end":{"line":283,"column":53}},"283":{"start":{"line":284,"column":0},"end":{"line":284,"column":54}},"286":{"start":{"line":287,"column":0},"end":{"line":287,"column":29}},"288":{"start":{"line":289,"column":0},"end":{"line":289,"column":57}},"289":{"start":{"line":290,"column":0},"end":{"line":290,"column":3}},"291":{"start":{"line":292,"column":0},"end":{"line":292,"column":46}},"292":{"start":{"line":293,"column":0},"end":{"line":293,"column":61}},"293":{"start":{"line":294,"column":0},"end":{"line":294,"column":46}},"295":{"start":{"line":296,"column":0},"end":{"line":296,"column":34}},"296":{"start":{"line":297,"column":0},"end":{"line":297,"column":37}},"297":{"start":{"line":298,"column":0},"end":{"line":298,"column":5}},"298":{"start":{"line":299,"column":0},"end":{"line":299,"column":3}},"300":{"start":{"line":301,"column":0},"end":{"line":301,"column":59}},"301":{"start":{"line":302,"column":0},"end":{"line":302,"column":86}},"302":{"start":{"line":303,"column":0},"end":{"line":303,"column":53}},"303":{"start":{"line":304,"column":0},"end":{"line":304,"column":5}},"306":{"start":{"line":307,"column":0},"end":{"line":307,"column":59}},"309":{"start":{"line":310,"column":0},"end":{"line":310,"column":43}},"310":{"start":{"line":311,"column":0},"end":{"line":311,"column":24}},"311":{"start":{"line":312,"column":0},"end":{"line":312,"column":21}},"312":{"start":{"line":313,"column":0},"end":{"line":313,"column":19}},"313":{"start":{"line":314,"column":0},"end":{"line":314,"column":6}},"316":{"start":{"line":317,"column":0},"end":{"line":317,"column":41}},"317":{"start":{"line":318,"column":0},"end":{"line":318,"column":35}},"318":{"start":{"line":319,"column":0},"end":{"line":319,"column":69}},"319":{"start":{"line":320,"column":0},"end":{"line":320,"column":5}},"321":{"start":{"line":322,"column":0},"end":{"line":322,"column":18}},"322":{"start":{"line":323,"column":0},"end":{"line":323,"column":3}},"324":{"start":{"line":325,"column":0},"end":{"line":325,"column":22}},"325":{"start":{"line":326,"column":0},"end":{"line":326,"column":24}},"326":{"start":{"line":327,"column":0},"end":{"line":327,"column":29}},"327":{"start":{"line":328,"column":0},"end":{"line":328,"column":32}},"328":{"start":{"line":329,"column":0},"end":{"line":329,"column":58}},"330":{"start":{"line":331,"column":0},"end":{"line":331,"column":45}},"331":{"start":{"line":332,"column":0},"end":{"line":332,"column":54}},"333":{"start":{"line":334,"column":0},"end":{"line":334,"column":9}},"334":{"start":{"line":335,"column":0},"end":{"line":335,"column":90}},"335":{"start":{"line":336,"column":0},"end":{"line":336,"column":51}},"337":{"start":{"line":338,"column":0},"end":{"line":338,"column":42}},"338":{"start":{"line":339,"column":0},"end":{"line":339,"column":53}},"339":{"start":{"line":340,"column":0},"end":{"line":340,"column":38}},"340":{"start":{"line":341,"column":0},"end":{"line":341,"column":7}},"342":{"start":{"line":343,"column":0},"end":{"line":343,"column":24}},"344":{"start":{"line":345,"column":0},"end":{"line":345,"column":21}},"345":{"start":{"line":346,"column":0},"end":{"line":346,"column":48}},"346":{"start":{"line":347,"column":0},"end":{"line":347,"column":37}},"347":{"start":{"line":348,"column":0},"end":{"line":348,"column":94}},"348":{"start":{"line":349,"column":0},"end":{"line":349,"column":13}},"349":{"start":{"line":350,"column":0},"end":{"line":350,"column":8}},"350":{"start":{"line":351,"column":0},"end":{"line":351,"column":41}},"351":{"start":{"line":352,"column":0},"end":{"line":352,"column":27}},"352":{"start":{"line":353,"column":0},"end":{"line":353,"column":5}},"353":{"start":{"line":354,"column":0},"end":{"line":354,"column":3}},"355":{"start":{"line":356,"column":0},"end":{"line":356,"column":39}},"356":{"start":{"line":357,"column":0},"end":{"line":357,"column":24}},"357":{"start":{"line":358,"column":0},"end":{"line":358,"column":21}},"358":{"start":{"line":359,"column":0},"end":{"line":359,"column":29}},"359":{"start":{"line":360,"column":0},"end":{"line":360,"column":32}},"360":{"start":{"line":361,"column":0},"end":{"line":361,"column":29}},"361":{"start":{"line":362,"column":0},"end":{"line":362,"column":55}},"362":{"start":{"line":363,"column":0},"end":{"line":363,"column":5}},"364":{"start":{"line":365,"column":0},"end":{"line":365,"column":69}},"365":{"start":{"line":366,"column":0},"end":{"line":366,"column":73}},"366":{"start":{"line":367,"column":0},"end":{"line":367,"column":92}},"369":{"start":{"line":370,"column":0},"end":{"line":370,"column":64}},"370":{"start":{"line":371,"column":0},"end":{"line":371,"column":32}},"371":{"start":{"line":372,"column":0},"end":{"line":372,"column":83}},"372":{"start":{"line":373,"column":0},"end":{"line":373,"column":46}},"374":{"start":{"line":375,"column":0},"end":{"line":375,"column":64}},"375":{"start":{"line":376,"column":0},"end":{"line":376,"column":32}},"376":{"start":{"line":377,"column":0},"end":{"line":377,"column":62}},"377":{"start":{"line":378,"column":0},"end":{"line":378,"column":30}},"379":{"start":{"line":380,"column":0},"end":{"line":380,"column":66}},"380":{"start":{"line":381,"column":0},"end":{"line":381,"column":37}},"381":{"start":{"line":382,"column":0},"end":{"line":382,"column":85}},"382":{"start":{"line":383,"column":0},"end":{"line":383,"column":33}},"384":{"start":{"line":385,"column":0},"end":{"line":385,"column":66}},"385":{"start":{"line":386,"column":0},"end":{"line":386,"column":37}},"386":{"start":{"line":387,"column":0},"end":{"line":387,"column":71}},"387":{"start":{"line":388,"column":0},"end":{"line":388,"column":55}},"389":{"start":{"line":390,"column":0},"end":{"line":390,"column":25}},"390":{"start":{"line":391,"column":0},"end":{"line":391,"column":26}},"391":{"start":{"line":392,"column":0},"end":{"line":392,"column":37}},"392":{"start":{"line":393,"column":0},"end":{"line":393,"column":38}},"395":{"start":{"line":396,"column":0},"end":{"line":396,"column":51}},"396":{"start":{"line":397,"column":0},"end":{"line":397,"column":22}},"397":{"start":{"line":398,"column":0},"end":{"line":398,"column":42}},"398":{"start":{"line":399,"column":0},"end":{"line":399,"column":37}},"399":{"start":{"line":400,"column":0},"end":{"line":400,"column":20}},"400":{"start":{"line":401,"column":0},"end":{"line":401,"column":20}},"401":{"start":{"line":402,"column":0},"end":{"line":402,"column":27}},"402":{"start":{"line":403,"column":0},"end":{"line":403,"column":8}},"405":{"start":{"line":406,"column":0},"end":{"line":406,"column":57}},"406":{"start":{"line":407,"column":0},"end":{"line":407,"column":55}},"407":{"start":{"line":408,"column":0},"end":{"line":408,"column":49}},"408":{"start":{"line":409,"column":0},"end":{"line":409,"column":9}},"411":{"start":{"line":412,"column":0},"end":{"line":412,"column":67}},"412":{"start":{"line":413,"column":0},"end":{"line":413,"column":176}},"416":{"start":{"line":417,"column":0},"end":{"line":417,"column":51}},"417":{"start":{"line":418,"column":0},"end":{"line":418,"column":80}},"418":{"start":{"line":419,"column":0},"end":{"line":419,"column":9}},"419":{"start":{"line":420,"column":0},"end":{"line":420,"column":9}},"422":{"start":{"line":423,"column":0},"end":{"line":423,"column":46}},"423":{"start":{"line":424,"column":0},"end":{"line":424,"column":23}},"424":{"start":{"line":425,"column":0},"end":{"line":425,"column":42}},"426":{"start":{"line":427,"column":0},"end":{"line":427,"column":71}},"427":{"start":{"line":428,"column":0},"end":{"line":428,"column":89}},"428":{"start":{"line":429,"column":0},"end":{"line":429,"column":41}},"429":{"start":{"line":430,"column":0},"end":{"line":430,"column":15}},"430":{"start":{"line":431,"column":0},"end":{"line":431,"column":11}},"431":{"start":{"line":432,"column":0},"end":{"line":432,"column":10}},"432":{"start":{"line":433,"column":0},"end":{"line":433,"column":36}},"433":{"start":{"line":434,"column":0},"end":{"line":434,"column":8}},"434":{"start":{"line":435,"column":0},"end":{"line":435,"column":5}},"436":{"start":{"line":437,"column":0},"end":{"line":437,"column":43}},"437":{"start":{"line":438,"column":0},"end":{"line":438,"column":34}},"438":{"start":{"line":439,"column":0},"end":{"line":439,"column":53}},"439":{"start":{"line":440,"column":0},"end":{"line":440,"column":15}},"440":{"start":{"line":441,"column":0},"end":{"line":441,"column":7}},"442":{"start":{"line":443,"column":0},"end":{"line":443,"column":56}},"443":{"start":{"line":444,"column":0},"end":{"line":444,"column":58}},"446":{"start":{"line":447,"column":0},"end":{"line":447,"column":65}},"447":{"start":{"line":448,"column":0},"end":{"line":448,"column":65}},"448":{"start":{"line":449,"column":0},"end":{"line":449,"column":54}},"451":{"start":{"line":452,"column":0},"end":{"line":452,"column":46}},"452":{"start":{"line":453,"column":0},"end":{"line":453,"column":35}},"453":{"start":{"line":454,"column":0},"end":{"line":454,"column":7}},"456":{"start":{"line":457,"column":0},"end":{"line":457,"column":54}},"457":{"start":{"line":458,"column":0},"end":{"line":458,"column":41}},"461":{"start":{"line":462,"column":0},"end":{"line":462,"column":37}},"462":{"start":{"line":463,"column":0},"end":{"line":463,"column":76}},"463":{"start":{"line":464,"column":0},"end":{"line":464,"column":64}},"464":{"start":{"line":465,"column":0},"end":{"line":465,"column":11}},"465":{"start":{"line":466,"column":0},"end":{"line":466,"column":7}},"468":{"start":{"line":469,"column":0},"end":{"line":469,"column":28}},"469":{"start":{"line":470,"column":0},"end":{"line":470,"column":29}},"470":{"start":{"line":471,"column":0},"end":{"line":471,"column":30}},"472":{"start":{"line":473,"column":0},"end":{"line":473,"column":41}},"473":{"start":{"line":474,"column":0},"end":{"line":474,"column":67}},"474":{"start":{"line":475,"column":0},"end":{"line":475,"column":70}},"476":{"start":{"line":477,"column":0},"end":{"line":477,"column":51}},"477":{"start":{"line":478,"column":0},"end":{"line":478,"column":75}},"480":{"start":{"line":481,"column":0},"end":{"line":481,"column":58}},"481":{"start":{"line":482,"column":0},"end":{"line":482,"column":52}},"482":{"start":{"line":483,"column":0},"end":{"line":483,"column":42}},"483":{"start":{"line":484,"column":0},"end":{"line":484,"column":42}},"484":{"start":{"line":485,"column":0},"end":{"line":485,"column":9}},"487":{"start":{"line":488,"column":0},"end":{"line":488,"column":39}},"488":{"start":{"line":489,"column":0},"end":{"line":489,"column":91}},"489":{"start":{"line":490,"column":0},"end":{"line":490,"column":26}},"491":{"start":{"line":492,"column":0},"end":{"line":492,"column":42}},"492":{"start":{"line":493,"column":0},"end":{"line":493,"column":7}},"495":{"start":{"line":496,"column":0},"end":{"line":496,"column":47}},"496":{"start":{"line":497,"column":0},"end":{"line":497,"column":38}},"497":{"start":{"line":498,"column":0},"end":{"line":498,"column":44}},"498":{"start":{"line":499,"column":0},"end":{"line":499,"column":16}},"499":{"start":{"line":500,"column":0},"end":{"line":500,"column":24}},"500":{"start":{"line":501,"column":0},"end":{"line":501,"column":9}},"501":{"start":{"line":502,"column":0},"end":{"line":502,"column":7}},"504":{"start":{"line":505,"column":0},"end":{"line":505,"column":67}},"505":{"start":{"line":506,"column":0},"end":{"line":506,"column":67}},"506":{"start":{"line":507,"column":0},"end":{"line":507,"column":56}},"509":{"start":{"line":510,"column":0},"end":{"line":510,"column":32}},"510":{"start":{"line":511,"column":0},"end":{"line":511,"column":60}},"511":{"start":{"line":512,"column":0},"end":{"line":512,"column":62}},"512":{"start":{"line":513,"column":0},"end":{"line":513,"column":100}},"513":{"start":{"line":514,"column":0},"end":{"line":514,"column":60}},"514":{"start":{"line":515,"column":0},"end":{"line":515,"column":7}},"515":{"start":{"line":516,"column":0},"end":{"line":516,"column":6}},"518":{"start":{"line":519,"column":0},"end":{"line":519,"column":35}},"519":{"start":{"line":520,"column":0},"end":{"line":520,"column":41}},"520":{"start":{"line":521,"column":0},"end":{"line":521,"column":39}},"521":{"start":{"line":522,"column":0},"end":{"line":522,"column":41}},"522":{"start":{"line":523,"column":0},"end":{"line":523,"column":38}},"523":{"start":{"line":524,"column":0},"end":{"line":524,"column":35}},"525":{"start":{"line":526,"column":0},"end":{"line":526,"column":42}},"526":{"start":{"line":527,"column":0},"end":{"line":527,"column":33}},"527":{"start":{"line":528,"column":0},"end":{"line":528,"column":18}},"528":{"start":{"line":529,"column":0},"end":{"line":529,"column":21}},"529":{"start":{"line":530,"column":0},"end":{"line":530,"column":28}},"530":{"start":{"line":531,"column":0},"end":{"line":531,"column":26}},"531":{"start":{"line":532,"column":0},"end":{"line":532,"column":32}},"532":{"start":{"line":533,"column":0},"end":{"line":533,"column":8}},"533":{"start":{"line":534,"column":0},"end":{"line":534,"column":19}},"534":{"start":{"line":535,"column":0},"end":{"line":535,"column":25}},"537":{"start":{"line":538,"column":0},"end":{"line":538,"column":29}},"538":{"start":{"line":539,"column":0},"end":{"line":539,"column":33}},"539":{"start":{"line":540,"column":0},"end":{"line":540,"column":9}},"541":{"start":{"line":542,"column":0},"end":{"line":542,"column":31}},"542":{"start":{"line":543,"column":0},"end":{"line":543,"column":28}},"543":{"start":{"line":544,"column":0},"end":{"line":544,"column":44}},"544":{"start":{"line":545,"column":0},"end":{"line":545,"column":55}},"546":{"start":{"line":547,"column":0},"end":{"line":547,"column":44}},"547":{"start":{"line":548,"column":0},"end":{"line":548,"column":50}},"548":{"start":{"line":549,"column":0},"end":{"line":549,"column":38}},"549":{"start":{"line":550,"column":0},"end":{"line":550,"column":9}},"550":{"start":{"line":551,"column":0},"end":{"line":551,"column":8}},"551":{"start":{"line":552,"column":0},"end":{"line":552,"column":20}},"552":{"start":{"line":553,"column":0},"end":{"line":553,"column":24}},"553":{"start":{"line":554,"column":0},"end":{"line":554,"column":46}},"554":{"start":{"line":555,"column":0},"end":{"line":555,"column":55}},"555":{"start":{"line":556,"column":0},"end":{"line":556,"column":8}},"556":{"start":{"line":557,"column":0},"end":{"line":557,"column":21}},"557":{"start":{"line":558,"column":0},"end":{"line":558,"column":25}},"558":{"start":{"line":559,"column":0},"end":{"line":559,"column":50}},"559":{"start":{"line":560,"column":0},"end":{"line":560,"column":56}},"560":{"start":{"line":561,"column":0},"end":{"line":561,"column":8}},"561":{"start":{"line":562,"column":0},"end":{"line":562,"column":64}},"562":{"start":{"line":563,"column":0},"end":{"line":563,"column":6}},"564":{"start":{"line":565,"column":0},"end":{"line":565,"column":22}},"565":{"start":{"line":566,"column":0},"end":{"line":566,"column":3}},"567":{"start":{"line":568,"column":0},"end":{"line":568,"column":40}},"568":{"start":{"line":569,"column":0},"end":{"line":569,"column":46}},"569":{"start":{"line":570,"column":0},"end":{"line":570,"column":29}},"570":{"start":{"line":571,"column":0},"end":{"line":571,"column":32}},"571":{"start":{"line":572,"column":0},"end":{"line":572,"column":30}},"572":{"start":{"line":573,"column":0},"end":{"line":573,"column":65}},"573":{"start":{"line":574,"column":0},"end":{"line":574,"column":26}},"574":{"start":{"line":575,"column":0},"end":{"line":575,"column":5}},"575":{"start":{"line":576,"column":0},"end":{"line":576,"column":3}},"577":{"start":{"line":578,"column":0},"end":{"line":578,"column":38}},"578":{"start":{"line":579,"column":0},"end":{"line":579,"column":77}},"579":{"start":{"line":580,"column":0},"end":{"line":580,"column":3}},"581":{"start":{"line":582,"column":0},"end":{"line":582,"column":56}},"582":{"start":{"line":583,"column":0},"end":{"line":583,"column":59}},"583":{"start":{"line":584,"column":0},"end":{"line":584,"column":18}},"584":{"start":{"line":585,"column":0},"end":{"line":585,"column":52}},"585":{"start":{"line":586,"column":0},"end":{"line":586,"column":14}},"586":{"start":{"line":587,"column":0},"end":{"line":587,"column":33}},"587":{"start":{"line":588,"column":0},"end":{"line":588,"column":36}},"588":{"start":{"line":589,"column":0},"end":{"line":589,"column":50}},"589":{"start":{"line":590,"column":0},"end":{"line":590,"column":10}},"590":{"start":{"line":591,"column":0},"end":{"line":591,"column":7}},"591":{"start":{"line":592,"column":0},"end":{"line":592,"column":5}},"593":{"start":{"line":594,"column":0},"end":{"line":594,"column":49}},"594":{"start":{"line":595,"column":0},"end":{"line":595,"column":55}},"596":{"start":{"line":597,"column":0},"end":{"line":597,"column":9}},"598":{"start":{"line":599,"column":0},"end":{"line":599,"column":58}},"599":{"start":{"line":600,"column":0},"end":{"line":600,"column":26}},"600":{"start":{"line":601,"column":0},"end":{"line":601,"column":7}},"601":{"start":{"line":602,"column":0},"end":{"line":602,"column":33}},"604":{"start":{"line":605,"column":0},"end":{"line":605,"column":43}},"607":{"start":{"line":608,"column":0},"end":{"line":608,"column":40}},"610":{"start":{"line":611,"column":0},"end":{"line":611,"column":28}},"611":{"start":{"line":612,"column":0},"end":{"line":612,"column":64}},"612":{"start":{"line":613,"column":0},"end":{"line":613,"column":66}},"613":{"start":{"line":614,"column":0},"end":{"line":614,"column":83}},"614":{"start":{"line":615,"column":0},"end":{"line":615,"column":7}},"617":{"start":{"line":618,"column":0},"end":{"line":618,"column":70}},"618":{"start":{"line":619,"column":0},"end":{"line":619,"column":40}},"619":{"start":{"line":620,"column":0},"end":{"line":620,"column":7}},"622":{"start":{"line":623,"column":0},"end":{"line":623,"column":30}},"623":{"start":{"line":624,"column":0},"end":{"line":624,"column":40}},"624":{"start":{"line":625,"column":0},"end":{"line":625,"column":7}},"627":{"start":{"line":628,"column":0},"end":{"line":628,"column":32}},"629":{"start":{"line":630,"column":0},"end":{"line":630,"column":50}},"630":{"start":{"line":631,"column":0},"end":{"line":631,"column":29}},"631":{"start":{"line":632,"column":0},"end":{"line":632,"column":66}},"633":{"start":{"line":634,"column":0},"end":{"line":634,"column":21}},"634":{"start":{"line":635,"column":0},"end":{"line":635,"column":46}},"635":{"start":{"line":636,"column":0},"end":{"line":636,"column":48}},"636":{"start":{"line":637,"column":0},"end":{"line":637,"column":34}},"637":{"start":{"line":638,"column":0},"end":{"line":638,"column":84}},"638":{"start":{"line":639,"column":0},"end":{"line":639,"column":13}},"639":{"start":{"line":640,"column":0},"end":{"line":640,"column":8}},"640":{"start":{"line":641,"column":0},"end":{"line":641,"column":41}},"641":{"start":{"line":642,"column":0},"end":{"line":642,"column":27}},"642":{"start":{"line":643,"column":0},"end":{"line":643,"column":5}},"643":{"start":{"line":644,"column":0},"end":{"line":644,"column":3}},"645":{"start":{"line":646,"column":0},"end":{"line":646,"column":35}},"646":{"start":{"line":647,"column":0},"end":{"line":647,"column":44}},"647":{"start":{"line":648,"column":0},"end":{"line":648,"column":3}},"649":{"start":{"line":650,"column":0},"end":{"line":650,"column":73}},"650":{"start":{"line":651,"column":0},"end":{"line":651,"column":40}},"651":{"start":{"line":652,"column":0},"end":{"line":652,"column":3}},"653":{"start":{"line":654,"column":0},"end":{"line":654,"column":36}},"654":{"start":{"line":655,"column":0},"end":{"line":655,"column":69}},"655":{"start":{"line":656,"column":0},"end":{"line":656,"column":26}},"656":{"start":{"line":657,"column":0},"end":{"line":657,"column":36}},"657":{"start":{"line":658,"column":0},"end":{"line":658,"column":85}},"658":{"start":{"line":659,"column":0},"end":{"line":659,"column":46}},"659":{"start":{"line":660,"column":0},"end":{"line":660,"column":71}},"660":{"start":{"line":661,"column":0},"end":{"line":661,"column":6}},"662":{"start":{"line":663,"column":0},"end":{"line":663,"column":25}},"663":{"start":{"line":664,"column":0},"end":{"line":664,"column":34}},"664":{"start":{"line":665,"column":0},"end":{"line":665,"column":40}},"665":{"start":{"line":666,"column":0},"end":{"line":666,"column":55}},"666":{"start":{"line":667,"column":0},"end":{"line":667,"column":6}},"668":{"start":{"line":669,"column":0},"end":{"line":669,"column":12}},"669":{"start":{"line":670,"column":0},"end":{"line":670,"column":23}},"670":{"start":{"line":671,"column":0},"end":{"line":671,"column":29}},"671":{"start":{"line":672,"column":0},"end":{"line":672,"column":19}},"672":{"start":{"line":673,"column":0},"end":{"line":673,"column":18}},"673":{"start":{"line":674,"column":0},"end":{"line":674,"column":36}},"674":{"start":{"line":675,"column":0},"end":{"line":675,"column":48}},"675":{"start":{"line":676,"column":0},"end":{"line":676,"column":68}},"676":{"start":{"line":677,"column":0},"end":{"line":677,"column":73}},"677":{"start":{"line":678,"column":0},"end":{"line":678,"column":48}},"678":{"start":{"line":679,"column":0},"end":{"line":679,"column":19}},"679":{"start":{"line":680,"column":0},"end":{"line":680,"column":32}},"680":{"start":{"line":681,"column":0},"end":{"line":681,"column":68}},"681":{"start":{"line":682,"column":0},"end":{"line":682,"column":27}},"682":{"start":{"line":683,"column":0},"end":{"line":683,"column":57}},"683":{"start":{"line":684,"column":0},"end":{"line":684,"column":31}},"684":{"start":{"line":685,"column":0},"end":{"line":685,"column":25}},"685":{"start":{"line":686,"column":0},"end":{"line":686,"column":8}},"686":{"start":{"line":687,"column":0},"end":{"line":687,"column":6}},"687":{"start":{"line":688,"column":0},"end":{"line":688,"column":3}},"689":{"start":{"line":690,"column":0},"end":{"line":690,"column":36}},"690":{"start":{"line":691,"column":0},"end":{"line":691,"column":42}},"691":{"start":{"line":692,"column":0},"end":{"line":692,"column":54}},"692":{"start":{"line":693,"column":0},"end":{"line":693,"column":56}},"693":{"start":{"line":694,"column":0},"end":{"line":694,"column":54}},"694":{"start":{"line":695,"column":0},"end":{"line":695,"column":50}},"695":{"start":{"line":696,"column":0},"end":{"line":696,"column":21}},"696":{"start":{"line":697,"column":0},"end":{"line":697,"column":3}},"698":{"start":{"line":699,"column":0},"end":{"line":699,"column":39}},"699":{"start":{"line":700,"column":0},"end":{"line":700,"column":42}},"700":{"start":{"line":701,"column":0},"end":{"line":701,"column":76}},"701":{"start":{"line":702,"column":0},"end":{"line":702,"column":40}},"702":{"start":{"line":703,"column":0},"end":{"line":703,"column":3}},"704":{"start":{"line":705,"column":0},"end":{"line":705,"column":45}},"705":{"start":{"line":706,"column":0},"end":{"line":706,"column":30}},"706":{"start":{"line":707,"column":0},"end":{"line":707,"column":93}},"707":{"start":{"line":708,"column":0},"end":{"line":708,"column":59}},"708":{"start":{"line":709,"column":0},"end":{"line":709,"column":76}},"709":{"start":{"line":710,"column":0},"end":{"line":710,"column":53}},"710":{"start":{"line":711,"column":0},"end":{"line":711,"column":57}},"711":{"start":{"line":712,"column":0},"end":{"line":712,"column":16}},"712":{"start":{"line":713,"column":0},"end":{"line":713,"column":3}},"714":{"start":{"line":715,"column":0},"end":{"line":715,"column":57}},"715":{"start":{"line":716,"column":0},"end":{"line":716,"column":38}},"716":{"start":{"line":717,"column":0},"end":{"line":717,"column":28}},"717":{"start":{"line":718,"column":0},"end":{"line":718,"column":16}},"718":{"start":{"line":719,"column":0},"end":{"line":719,"column":16}},"719":{"start":{"line":720,"column":0},"end":{"line":720,"column":16}},"720":{"start":{"line":721,"column":0},"end":{"line":721,"column":18}},"721":{"start":{"line":722,"column":0},"end":{"line":722,"column":6}},"724":{"start":{"line":725,"column":0},"end":{"line":725,"column":21}},"725":{"start":{"line":726,"column":0},"end":{"line":726,"column":34}},"726":{"start":{"line":727,"column":0},"end":{"line":727,"column":20}},"727":{"start":{"line":728,"column":0},"end":{"line":728,"column":18}},"728":{"start":{"line":729,"column":0},"end":{"line":729,"column":18}},"729":{"start":{"line":730,"column":0},"end":{"line":730,"column":6}},"730":{"start":{"line":731,"column":0},"end":{"line":731,"column":32}},"731":{"start":{"line":732,"column":0},"end":{"line":732,"column":41}},"732":{"start":{"line":733,"column":0},"end":{"line":733,"column":28}},"733":{"start":{"line":734,"column":0},"end":{"line":734,"column":58}},"734":{"start":{"line":735,"column":0},"end":{"line":735,"column":12}},"735":{"start":{"line":736,"column":0},"end":{"line":736,"column":48}},"736":{"start":{"line":737,"column":0},"end":{"line":737,"column":5}},"737":{"start":{"line":738,"column":0},"end":{"line":738,"column":45}},"738":{"start":{"line":739,"column":0},"end":{"line":739,"column":31}},"741":{"start":{"line":742,"column":0},"end":{"line":742,"column":23}},"742":{"start":{"line":743,"column":0},"end":{"line":743,"column":37}},"743":{"start":{"line":744,"column":0},"end":{"line":744,"column":20}},"744":{"start":{"line":745,"column":0},"end":{"line":745,"column":18}},"745":{"start":{"line":746,"column":0},"end":{"line":746,"column":18}},"746":{"start":{"line":747,"column":0},"end":{"line":747,"column":6}},"747":{"start":{"line":748,"column":0},"end":{"line":748,"column":34}},"748":{"start":{"line":749,"column":0},"end":{"line":749,"column":9}},"749":{"start":{"line":750,"column":0},"end":{"line":750,"column":31}},"750":{"start":{"line":751,"column":0},"end":{"line":751,"column":44}},"751":{"start":{"line":752,"column":0},"end":{"line":752,"column":7}},"752":{"start":{"line":753,"column":0},"end":{"line":753,"column":30}},"753":{"start":{"line":754,"column":0},"end":{"line":754,"column":87}},"754":{"start":{"line":755,"column":0},"end":{"line":755,"column":21}},"755":{"start":{"line":756,"column":0},"end":{"line":756,"column":94}},"756":{"start":{"line":757,"column":0},"end":{"line":757,"column":5}},"757":{"start":{"line":758,"column":0},"end":{"line":758,"column":49}},"758":{"start":{"line":759,"column":0},"end":{"line":759,"column":33}},"761":{"start":{"line":762,"column":0},"end":{"line":762,"column":22}},"762":{"start":{"line":763,"column":0},"end":{"line":763,"column":34}},"763":{"start":{"line":764,"column":0},"end":{"line":764,"column":20}},"764":{"start":{"line":765,"column":0},"end":{"line":765,"column":18}},"765":{"start":{"line":766,"column":0},"end":{"line":766,"column":18}},"766":{"start":{"line":767,"column":0},"end":{"line":767,"column":6}},"767":{"start":{"line":768,"column":0},"end":{"line":768,"column":33}},"768":{"start":{"line":769,"column":0},"end":{"line":769,"column":26}},"769":{"start":{"line":770,"column":0},"end":{"line":770,"column":29}},"770":{"start":{"line":771,"column":0},"end":{"line":771,"column":54}},"771":{"start":{"line":772,"column":0},"end":{"line":772,"column":12}},"772":{"start":{"line":773,"column":0},"end":{"line":773,"column":73}},"773":{"start":{"line":774,"column":0},"end":{"line":774,"column":5}},"774":{"start":{"line":775,"column":0},"end":{"line":775,"column":47}},"775":{"start":{"line":776,"column":0},"end":{"line":776,"column":32}},"778":{"start":{"line":779,"column":0},"end":{"line":779,"column":23}},"779":{"start":{"line":780,"column":0},"end":{"line":780,"column":31}},"780":{"start":{"line":781,"column":0},"end":{"line":781,"column":20}},"781":{"start":{"line":782,"column":0},"end":{"line":782,"column":18}},"782":{"start":{"line":783,"column":0},"end":{"line":783,"column":18}},"783":{"start":{"line":784,"column":0},"end":{"line":784,"column":6}},"784":{"start":{"line":785,"column":0},"end":{"line":785,"column":34}},"785":{"start":{"line":786,"column":0},"end":{"line":786,"column":9}},"786":{"start":{"line":787,"column":0},"end":{"line":787,"column":49}},"787":{"start":{"line":788,"column":0},"end":{"line":788,"column":48}},"788":{"start":{"line":789,"column":0},"end":{"line":789,"column":52}},"789":{"start":{"line":790,"column":0},"end":{"line":790,"column":49}},"790":{"start":{"line":791,"column":0},"end":{"line":791,"column":101}},"791":{"start":{"line":792,"column":0},"end":{"line":792,"column":14}},"792":{"start":{"line":793,"column":0},"end":{"line":793,"column":53}},"793":{"start":{"line":794,"column":0},"end":{"line":794,"column":7}},"794":{"start":{"line":795,"column":0},"end":{"line":795,"column":21}},"795":{"start":{"line":796,"column":0},"end":{"line":796,"column":94}},"796":{"start":{"line":797,"column":0},"end":{"line":797,"column":5}},"797":{"start":{"line":798,"column":0},"end":{"line":798,"column":49}},"798":{"start":{"line":799,"column":0},"end":{"line":799,"column":33}},"801":{"start":{"line":802,"column":0},"end":{"line":802,"column":69}},"802":{"start":{"line":803,"column":0},"end":{"line":803,"column":70}},"804":{"start":{"line":805,"column":0},"end":{"line":805,"column":18}},"805":{"start":{"line":806,"column":0},"end":{"line":806,"column":3}},"806":{"start":{"line":807,"column":0},"end":{"line":807,"column":1}}},"s":{"0":0,"1":0,"2":0,"3":0,"4":0,"5":0,"6":0,"19":0,"26":0,"33":0,"35":0,"36":0,"38":0,"39":0,"40":0,"41":0,"42":0,"43":0,"44":0,"45":0,"46":0,"47":0,"48":0,"49":0,"51":0,"52":0,"53":0,"54":0,"55":0,"57":0,"58":0,"59":0,"61":0,"62":0,"63":0,"65":0,"66":0,"67":0,"68":0,"69":0,"71":0,"72":0,"73":0,"74":0,"76":0,"77":0,"79":0,"80":0,"81":0,"82":0,"84":0,"85":0,"86":0,"87":0,"88":0,"89":0,"90":0,"92":0,"93":0,"94":0,"95":0,"96":0,"97":0,"99":0,"100":0,"102":0,"103":0,"104":0,"105":0,"107":0,"108":0,"109":0,"110":0,"111":0,"112":0,"114":0,"115":0,"116":0,"118":0,"119":0,"121":0,"122":0,"125":0,"126":0,"127":0,"130":0,"131":0,"134":0,"135":0,"138":0,"140":0,"141":0,"142":0,"144":0,"145":0,"146":0,"148":0,"149":0,"150":0,"151":0,"152":0,"153":0,"156":0,"157":0,"158":0,"159":0,"160":0,"161":0,"162":0,"163":0,"165":0,"167":0,"168":0,"169":0,"171":0,"173":0,"174":0,"175":0,"176":0,"177":0,"178":0,"180":0,"181":0,"183":0,"184":0,"185":0,"186":0,"189":0,"190":0,"191":0,"192":0,"193":0,"194":0,"195":0,"197":0,"198":0,"199":0,"200":0,"202":0,"203":0,"204":0,"205":0,"206":0,"207":0,"208":0,"209":0,"210":0,"211":0,"212":0,"213":0,"215":0,"216":0,"217":0,"218":0,"219":0,"220":0,"223":0,"224":0,"225":0,"226":0,"228":0,"229":0,"230":0,"233":0,"234":0,"235":0,"236":0,"237":0,"238":0,"239":0,"240":0,"243":0,"244":0,"245":0,"247":0,"248":0,"251":0,"252":0,"254":0,"255":0,"256":0,"257":0,"258":0,"261":0,"262":0,"263":0,"264":0,"266":0,"267":0,"268":0,"269":0,"270":0,"271":0,"272":0,"273":0,"276":0,"277":0,"278":0,"279":0,"282":0,"283":0,"286":0,"288":0,"289":0,"291":0,"292":0,"293":0,"295":0,"296":0,"297":0,"298":0,"300":0,"301":0,"302":0,"303":0,"306":0,"309":0,"310":0,"311":0,"312":0,"313":0,"316":0,"317":0,"318":0,"319":0,"321":0,"322":0,"324":0,"325":0,"326":0,"327":0,"328":0,"330":0,"331":0,"333":0,"334":0,"335":0,"337":0,"338":0,"339":0,"340":0,"342":0,"344":0,"345":0,"346":0,"347":0,"348":0,"349":0,"350":0,"351":0,"352":0,"353":0,"355":0,"356":0,"357":0,"358":0,"359":0,"360":0,"361":0,"362":0,"364":0,"365":0,"366":0,"369":0,"370":0,"371":0,"372":0,"374":0,"375":0,"376":0,"377":0,"379":0,"380":0,"381":0,"382":0,"384":0,"385":0,"386":0,"387":0,"389":0,"390":0,"391":0,"392":0,"395":0,"396":0,"397":0,"398":0,"399":0,"400":0,"401":0,"402":0,"405":0,"406":0,"407":0,"408":0,"411":0,"412":0,"416":0,"417":0,"418":0,"419":0,"422":0,"423":0,"424":0,"426":0,"427":0,"428":0,"429":0,"430":0,"431":0,"432":0,"433":0,"434":0,"436":0,"437":0,"438":0,"439":0,"440":0,"442":0,"443":0,"446":0,"447":0,"448":0,"451":0,"452":0,"453":0,"456":0,"457":0,"461":0,"462":0,"463":0,"464":0,"465":0,"468":0,"469":0,"470":0,"472":0,"473":0,"474":0,"476":0,"477":0,"480":0,"481":0,"482":0,"483":0,"484":0,"487":0,"488":0,"489":0,"491":0,"492":0,"495":0,"496":0,"497":0,"498":0,"499":0,"500
[...]
ine":99,"column":0},"end":{"line":99,"column":34}},"99":{"start":{"line":100,"column":0},"end":{"line":100,"column":31}},"100":{"start":{"line":101,"column":0},"end":{"line":101,"column":9}},"102":{"start":{"line":103,"column":0},"end":{"line":103,"column":73}},"103":{"start":{"line":104,"column":0},"end":{"line":104,"column":55}},"104":{"start":{"line":105,"column":0},"end":{"line":105,"column":21}},"105":{"start":{"line":106,"column":0},"end":{"line":106,"column":56}},"106":{"start":{"line":107,"column":0},"end":{"line":107,"column":18}},"107":{"start":{"line":108,"column":0},"end":{"line":108,"column":5}},"108":{"start":{"line":109,"column":0},"end":{"line":109,"column":3}},"113":{"start":{"line":114,"column":0},"end":{"line":114,"column":60}},"114":{"start":{"line":115,"column":0},"end":{"line":115,"column":58}},"115":{"start":{"line":116,"column":0},"end":{"line":116,"column":61}},"116":{"start":{"line":117,"column":0},"end":{"line":117,"column":48}},"117":{"start":{"line":118,"column":0},"end":{"line":118,"column":38}},"120":{"start":{"line":121,"column":0},"end":{"line":121,"column":61}},"121":{"start":{"line":122,"column":0},"end":{"line":122,"column":47}},"122":{"start":{"line":123,"column":0},"end":{"line":123,"column":56}},"123":{"start":{"line":124,"column":0},"end":{"line":124,"column":7}},"124":{"start":{"line":125,"column":0},"end":{"line":125,"column":6}},"127":{"start":{"line":128,"column":0},"end":{"line":128,"column":27}},"128":{"start":{"line":129,"column":0},"end":{"line":129,"column":41}},"129":{"start":{"line":130,"column":0},"end":{"line":130,"column":27}},"132":{"start":{"line":133,"column":0},"end":{"line":133,"column":28}},"133":{"start":{"line":134,"column":0},"end":{"line":134,"column":50}},"134":{"start":{"line":135,"column":0},"end":{"line":135,"column":53}},"135":{"start":{"line":136,"column":0},"end":{"line":136,"column":47}},"136":{"start":{"line":137,"column":0},"end":{"line":137,"column":53}},"137":{"start":{"line":138,"column":0},"end":{"line":138,"column":88}},"138":{"start":{"line":139,"column":0},"end":{"line":139,"column":65}},"139":{"start":{"line":140,"column":0},"end":{"line":140,"column":50}},"142":{"start":{"line":143,"column":0},"end":{"line":143,"column":28}},"143":{"start":{"line":144,"column":0},"end":{"line":144,"column":37}},"146":{"start":{"line":147,"column":0},"end":{"line":147,"column":20}},"147":{"start":{"line":148,"column":0},"end":{"line":148,"column":50}},"148":{"start":{"line":149,"column":0},"end":{"line":149,"column":68}},"149":{"start":{"line":150,"column":0},"end":{"line":150,"column":62}},"150":{"start":{"line":151,"column":0},"end":{"line":151,"column":72}},"151":{"start":{"line":152,"column":0},"end":{"line":152,"column":43}},"152":{"start":{"line":153,"column":0},"end":{"line":153,"column":20}},"153":{"start":{"line":154,"column":0},"end":{"line":154,"column":7}},"154":{"start":{"line":155,"column":0},"end":{"line":155,"column":5}},"156":{"start":{"line":157,"column":0},"end":{"line":157,"column":53}},"157":{"start":{"line":158,"column":0},"end":{"line":158,"column":3}},"162":{"start":{"line":163,"column":0},"end":{"line":163,"column":49}},"163":{"start":{"line":164,"column":0},"end":{"line":164,"column":30}},"164":{"start":{"line":165,"column":0},"end":{"line":165,"column":48}},"166":{"start":{"line":167,"column":0},"end":{"line":167,"column":34}},"167":{"start":{"line":168,"column":0},"end":{"line":168,"column":3}},"172":{"start":{"line":173,"column":0},"end":{"line":173,"column":43}},"174":{"start":{"line":175,"column":0},"end":{"line":175,"column":54}},"175":{"start":{"line":176,"column":0},"end":{"line":176,"column":52}},"176":{"start":{"line":177,"column":0},"end":{"line":177,"column":26}},"177":{"start":{"line":178,"column":0},"end":{"line":178,"column":5}},"180":{"start":{"line":181,"column":0},"end":{"line":181,"column":66}},"181":{"start":{"line":182,"column":0},"end":{"line":182,"column":64}},"182":{"start":{"line":183,"column":0},"end":{"line":183,"column":38}},"183":{"start":{"line":184,"column":0},"end":{"line":184,"column":5}},"186":{"start":{"line":187,"column":0},"end":{"line":187,"column":53}},"187":{"start":{"line":188,"column":0},"end":{"line":188,"column":72}},"188":{"start":{"line":189,"column":0},"end":{"line":189,"column":25}},"189":{"start":{"line":190,"column":0},"end":{"line":190,"column":5}},"192":{"start":{"line":193,"column":0},"end":{"line":193,"column":73}},"193":{"start":{"line":194,"column":0},"end":{"line":194,"column":38}},"194":{"start":{"line":195,"column":0},"end":{"line":195,"column":3}},"199":{"start":{"line":200,"column":0},"end":{"line":200,"column":58}},"200":{"start":{"line":201,"column":0},"end":{"line":201,"column":9}},"201":{"start":{"line":202,"column":0},"end":{"line":202,"column":44}},"202":{"start":{"line":203,"column":0},"end":{"line":203,"column":41}},"205":{"start":{"line":206,"column":0},"end":{"line":206,"column":38}},"206":{"start":{"line":207,"column":0},"end":{"line":207,"column":51}},"207":{"start":{"line":208,"column":0},"end":{"line":208,"column":23}},"208":{"start":{"line":209,"column":0},"end":{"line":209,"column":7}},"211":{"start":{"line":212,"column":0},"end":{"line":212,"column":68}},"212":{"start":{"line":213,"column":0},"end":{"line":213,"column":68}},"213":{"start":{"line":214,"column":0},"end":{"line":214,"column":23}},"214":{"start":{"line":215,"column":0},"end":{"line":215,"column":7}},"217":{"start":{"line":218,"column":0},"end":{"line":218,"column":87}},"219":{"start":{"line":220,"column":0},"end":{"line":220,"column":52}},"220":{"start":{"line":221,"column":0},"end":{"line":221,"column":50}},"223":{"start":{"line":224,"column":0},"end":{"line":224,"column":35}},"225":{"start":{"line":226,"column":0},"end":{"line":226,"column":82}},"226":{"start":{"line":227,"column":0},"end":{"line":227,"column":20}},"227":{"start":{"line":228,"column":0},"end":{"line":228,"column":21}},"228":{"start":{"line":229,"column":0},"end":{"line":229,"column":57}},"229":{"start":{"line":230,"column":0},"end":{"line":230,"column":52}},"231":{"start":{"line":232,"column":0},"end":{"line":232,"column":21}},"232":{"start":{"line":233,"column":0},"end":{"line":233,"column":5}},"233":{"start":{"line":234,"column":0},"end":{"line":234,"column":3}},"239":{"start":{"line":240,"column":0},"end":{"line":240,"column":19}},"241":{"start":{"line":242,"column":0},"end":{"line":242,"column":37}},"242":{"start":{"line":243,"column":0},"end":{"line":243,"column":31}},"243":{"start":{"line":244,"column":0},"end":{"line":244,"column":7}},"244":{"start":{"line":245,"column":0},"end":{"line":245,"column":29}},"247":{"start":{"line":248,"column":0},"end":{"line":248,"column":68}},"248":{"start":{"line":249,"column":0},"end":{"line":249,"column":32}},"249":{"start":{"line":250,"column":0},"end":{"line":250,"column":5}},"250":{"start":{"line":251,"column":0},"end":{"line":251,"column":3}},"251":{"start":{"line":252,"column":0},"end":{"line":252,"column":1}},"254":{"start":{"line":255,"column":0},"end":{"line":255,"column":52}},"256":{"start":{"line":257,"column":0},"end":{"line":257,"column":53}},"257":{"start":{"line":258,"column":0},"end":{"line":258,"column":27}},"258":{"start":{"line":259,"column":0},"end":{"line":259,"column":45}},"259":{"start":{"line":260,"column":0},"end":{"line":260,"column":3}},"260":{"start":{"line":261,"column":0},"end":{"line":261,"column":27}},"261":{"start":{"line":262,"column":0},"end":{"line":262,"column":1}},"267":{"start":{"line":268,"column":0},"end":{"line":268,"column":47}},"268":{"start":{"line":269,"column":0},"end":{"line":269,"column":26}},"269":{"start":{"line":270,"column":0},"end":{"line":270,"column":32}},"270":{"start":{"line":271,"column":0},"end":{"line":271,"column":29}},"271":{"start":{"line":272,"column":0},"end":{"line":272,"column":3}},"272":{"start":{"line":273,"column":0},"end":{"line":273,"column":1}}},"s":{"5":0,"8":0,"10":0,"11":0,"12":0,"17":0,"18":0,"20":0,"21":0,"24":0,"25":0,"26":0,"27":0,"28":0,"29":0,"30":0,"31":0,"36":0,"37":0,"38":0,"39":0,"44":0,"45":0,"47":0,"49":0,"52":0,"53":0,"56":0,"57":0,"58":0,"61":0,"62":0,"65":0,"66":0,"67":0,"68":0,"71":0,"74":0,"75":0,"77":0,"78":0,"79":0,"80":0,"81":0,"82":0,"83":0,"86":0,"87":0,"88":0,"89":0,"92":0,"93":0,"95":0,"96":0,"97":0,"98":0,"99":0,"100":0,"102":0,"103":0,"104":0,"105":0,"106":0,"107":0,"108":0,"113":0,"114":0,"115":0,"116":0,"117":0,"120":0,"121":0,"122":0,"123":0,"124":0,"127":0,"128":0,"129":0,"132":0,"133":0,"134":0,"135":0,"136":0,"137":0,"138":0,"139":0,"142":0,"143":0,"146":0,"147":0,"148":0,"149":0,"150":0,"151":0,"152":0,"153":0,"154":0,"156":0,"157":0,"162":0,"163":0,"164":0,"166":0,"167":0,"172":0,"174":0,"175":0,"176":0,"177":0,"180":0,"181":0,"182":0,"183":0,"186":0,"187":0,"188":0,"189":0,"192":0,"193":0,"194":0,"199":0,"200":0,"201":0,"202":0,"205":0,"206":0,"207":0,"208":0,"211":0,"212":0,"213":0,"214":0,"217":0,"219":0,"220":0,"223":0,"225":0,"226":0,"227":0,"228":0,"229":0,"231":0,"232":0,"233":0,"239":0,"241":0,"242":0,"243":0,"244":0,"247":0,"248":0,"249":0,"250":0,"251":0,"254":0,"256":0,"257":0,"258":0,"259":0,"260":0,"261":0,"267":0,"268":0,"269":0,"270":0,"271":0,"272":0},"branchMap":{"0":{"type":"branch","line":1,"loc":{"start":{"line":1,"column":8714},"end":{"line":273,"column":1}},"locations":[{"start":{"line":1,"column":8714},"end":{"line":273,"column":1}}]}},"b":{"0":[1]},"fnMap":{"0":{"name":"(empty-report)","decl":{"start":{"line":1,"column":8714},"end":{"line":273,"column":1}},"loc":{"start":{"line":1,"column":8714},"end":{"line":273,"column":1}},"line":1}},"f":{"0":1}}
,"C:\\Users\\Bernard\\Documents\\GitHub\\murburaba\\packages\\murmuraba\\src\\utils\\performance.ts": {"path":"C:\\Users\\Bernard\\Documents\\GitHub\\murburaba\\packages\\murmuraba\\src\\utils\\performance.ts","all":true,"statementMap":{"8":{"start":{"line":9,"column":0},"end":{"line":9,"column":60}},"9":{"start":{"line":10,"column":0},"end":{"line":10,"column":11}},"10":{"start":{"line":11,"column":0},"end":{"line":11,"column":15}},"11":{"start":{"line":12,"column":0},"end":{"line":12,"column":37}},"12":{"start":{"line":13,"column":0},"end":{"line":13,"column":46}},"14":{"start":{"line":15,"column":0},"end":{"line":15,"column":38}},"15":{"start":{"line":16,"column":0},"end":{"line":16,"column":43}},"17":{"start":{"line":18,"column":0},"end":{"line":18,"column":34}},"18":{"start":{"line":19,"column":0},"end":{"line":19,"column":20}},"19":{"start":{"line":20,"column":0},"end":{"line":20,"column":23}},"20":{"start":{"line":21,"column":0},"end":{"line":21,"column":14}},"21":{"start":{"line":22,"column":0},"end":{"line":22,"column":4}},"22":{"start":{"line":23,"column":0},"end":{"line":23,"column":1}},"27":{"start":{"line":28,"column":0},"end":{"line":28,"column":60}},"28":{"start":{"line":29,"column":0},"end":{"line":29,"column":11}},"29":{"start":{"line":30,"column":0},"end":{"line":30,"column":15}},"30":{"start":{"line":31,"column":0},"end":{"line":31,"column":37}},"31":{"start":{"line":32,"column":0},"end":{"line":32,"column":25}},"33":{"start":{"line":34,"column":0},"end":{"line":34,"column":38}},"34":{"start":{"line":35,"column":0},"end":{"line":35,"column":22}},"35":{"start":{"line":36,"column":0},"end":{"line":36,"column":20}},"36":{"start":{"line":37,"column":0},"end":{"line":37,"column":24}},"37":{"start":{"line":38,"column":0},"end":{"line":38,"column":50}},"38":{"start":{"line":39,"column":0},"end":{"line":39,"column":5}},"39":{"start":{"line":40,"column":0},"end":{"line":40,"column":4}},"40":{"start":{"line":41,"column":0},"end":{"line":41,"column":1}},"45":{"start":{"line":46,"column":0},"end":{"line":46,"column":25}},"46":{"start":{"line":47,"column":0},"end":{"line":47,"column":71}},"49":{"start":{"line":50,"column":0},"end":{"line":50,"column":56}},"51":{"start":{"line":52,"column":0},"end":{"line":52,"column":46}},"52":{"start":{"line":53,"column":0},"end":{"line":53,"column":27}},"53":{"start":{"line":54,"column":0},"end":{"line":54,"column":38}},"56":{"start":{"line":57,"column":0},"end":{"line":57,"column":68}},"57":{"start":{"line":58,"column":0},"end":{"line":58,"column":3}},"59":{"start":{"line":60,"column":0},"end":{"line":60,"column":38}},"61":{"start":{"line":62,"column":0},"end":{"line":62,"column":42}},"62":{"start":{"line":63,"column":0},"end":{"line":63,"column":53}},"63":{"start":{"line":64,"column":0},"end":{"line":64,"column":62}},"64":{"start":{"line":65,"column":0},"end":{"line":65,"column":47}},"65":{"start":{"line":66,"column":0},"end":{"line":66,"column":5}},"67":{"start":{"line":68,"column":0},"end":{"line":68,"column":57}},"68":{"start":{"line":69,"column":0},"end":{"line":69,"column":3}},"70":{"start":{"line":71,"column":0},"end":{"line":71,"column":33}},"71":{"start":{"line":72,"column":0},"end":{"line":72,"column":38}},"72":{"start":{"line":73,"column":0},"end":{"line":73,"column":28}},"75":{"start":{"line":76,"column":0},"end":{"line":76,"column":50}},"76":{"start":{"line":77,"column":0},"end":{"line":77,"column":29}},"77":{"start":{"line":78,"column":0},"end":{"line":78,"column":18}},"78":{"start":{"line":79,"column":0},"end":{"line":79,"column":5}},"80":{"start":{"line":81,"column":0},"end":{"line":81,"column":22}},"81":{"start":{"line":82,"column":0},"end":{"line":82,"column":3}},"83":{"start":{"line":84,"column":0},"end":{"line":84,"column":29}},"84":{"start":{"line":85,"column":0},"end":{"line":85,"column":34}},"85":{"start":{"line":86,"column":0},"end":{"line":86,"column":3}},"87":{"start":{"line":88,"column":0},"end":{"line":88,"column":19}},"88":{"start":{"line":89,"column":0},"end":{"line":89,"column":27}},"89":{"start":{"line":90,"column":0},"end":{"line":90,"column":54}},"90":{"start":{"line":91,"column":0},"end":{"line":91,"column":45}},"91":{"start":{"line":92,"column":0},"end":{"line":92,"column":31}},"92":{"start":{"line":93,"column":0},"end":{"line":93,"column":7}},"93":{"start":{"line":94,"column":0},"end":{"line":94,"column":5}},"94":{"start":{"line":95,"column":0},"end":{"line":95,"column":3}},"96":{"start":{"line":97,"column":0},"end":{"line":97,"column":17}},"97":{"start":{"line":98,"column":0},"end":{"line":98,"column":23}},"98":{"start":{"line":99,"column":0},"end":{"line":99,"column":3}},"104":{"start":{"line":105,"column":0},"end":{"line":105,"column":19}},"105":{"start":{"line":106,"column":0},"end":{"line":106,"column":31}},"106":{"start":{"line":107,"column":0},"end":{"line":107,"column":42}},"107":{"start":{"line":108,"column":0},"end":{"line":108,"column":34}},"108":{"start":{"line":109,"column":0},"end":{"line":109,"column":5}},"109":{"start":{"line":110,"column":0},"end":{"line":110,"column":23}},"110":{"start":{"line":111,"column":0},"end":{"line":111,"column":3}},"111":{"start":{"line":112,"column":0},"end":{"line":112,"column":1}},"116":{"start":{"line":117,"column":0},"end":{"line":117,"column":64}},"117":{"start":{"line":118,"column":0},"end":{"line":118,"column":42}},"118":{"start":{"line":119,"column":0},"end":{"line":119,"column":67}},"119":{"start":{"line":120,"column":0},"end":{"line":120,"column":59}},"120":{"start":{"line":121,"column":0},"end":{"line":121,"column":70}},"121":{"start":{"line":122,"column":0},"end":{"line":122,"column":1}},"126":{"start":{"line":127,"column":0},"end":{"line":127,"column":55}},"127":{"start":{"line":128,"column":0},"end":{"line":128,"column":42}},"128":{"start":{"line":129,"column":0},"end":{"line":129,"column":18}},"129":{"start":{"line":130,"column":0},"end":{"line":130,"column":49}},"130":{"start":{"line":131,"column":0},"end":{"line":131,"column":26}},"131":{"start":{"line":132,"column":0},"end":{"line":132,"column":7}},"132":{"start":{"line":133,"column":0},"end":{"line":133,"column":19}},"133":{"start":{"line":134,"column":0},"end":{"line":134,"column":3}},"134":{"start":{"line":135,"column":0},"end":{"line":135,"column":20}},"135":{"start":{"line":136,"column":0},"end":{"line":136,"column":1}},"140":{"start":{"line":141,"column":0},"end":{"line":141,"column":35}},"141":{"start":{"line":142,"column":0},"end":{"line":142,"column":32}},"142":{"start":{"line":143,"column":0},"end":{"line":143,"column":53}},"143":{"start":{"line":144,"column":0},"end":{"line":144,"column":22}},"144":{"start":{"line":145,"column":0},"end":{"line":145,"column":27}},"145":{"start":{"line":146,"column":0},"end":{"line":146,"column":26}},"150":{"start":{"line":151,"column":0},"end":{"line":151,"column":74}},"151":{"start":{"line":152,"column":0},"end":{"line":152,"column":46}},"153":{"start":{"line":154,"column":0},"end":{"line":154,"column":45}},"154":{"start":{"line":155,"column":0},"end":{"line":155,"column":10}},"155":{"start":{"line":156,"column":0},"end":{"line":156,"column":32}},"156":{"start":{"line":157,"column":0},"end":{"line":157,"column":33}},"157":{"start":{"line":158,"column":0},"end":{"line":158,"column":4}},"158":{"start":{"line":159,"column":0},"end":{"line":159,"column":1}},"163":{"start":{"line":164,"column":0},"end":{"line":164,"column":32}},"164":{"start":{"line":165,"column":0},"end":{"line":165,"column":44}},"166":{"start":{"line":167,"column":0},"end":{"line":167,"column":29}},"167":{"start":{"line":168,"column":0},"end":{"line":168,"column":44}},"168":{"start":{"line":169,"column":0},"end":{"line":169,"column":3}},"170":{"start":{"line":171,"column":0},"end":{"line":171,"column":29}},"171":{"start":{"line":172,"column":0},"end":{"line":172,"column":39}},"172":{"start":{"line":173,"column":0},"end":{"line":173,"column":25}},"174":{"start":{"line":175,"column":0},"end":{"line":175,"column":47}},"175":{"start":{"line":176,"column":0},"end":{"line":176,"column":28}},"176":{"start":{"line":177,"column":0},"end":{"line":177,"column":20}},"177":{"start":{"line":178,"column":0},"end":{"line":178,"column":3}},"179":{"start":{"line":180,"column":0},"end":{"line":180,"column":49}},"180":{"start":{"line":181,"column":0},"end":{"line":181,"column":21}},"181":{"start":{"line":182,"column":0},"end":{"line":182,"column":9}},"182":{"start":{"line":183,"column":0},"end":{"line":183,"column":26}},"183":{"start":{"line":184,"column":0},"end":{"line":184,"column":3}},"185":{"start":{"line":186,"column":0},"end":{"line":186,"column":83}},"186":{"start":{"line":187,"column":0},"end":{"line":187,"column":21}},"187":{"start":{"line":188,"column":0},"end":{"line":188,"column":30}},"188":{"start":{"line":189,"column":0},"end":{"line":189,"column":36}},"189":{"start":{"line":190,"column":0},"end":{"line":190,"column":30}},"190":{"start":{"line":191,"column":0},"end":{"line":191,"column":3}},"191":{"start":{"line":192,"column":0},"end":{"line":192,"column":1}}},"s":{"8":0,"9":0,"10":0,"11":0,"12":0,"14":0,"15":0,"17":0,"18":0,"19":0,"20":0,"21":0,"22":0,"27":0,"28":0,"29":0,"30":0,"31":0,"33":0,"34":0,"35":0,"36":0,"37":0,"38":0,"39":0,"40":0,"45":0,"46":0,"49":0,"51":0,"52":0,"53":0,"56":0,"57":0,"59":0,"61":0,"62":0,"63":0,"64":0,"65":0,"67":0,"68":0,"70":0,"71":0,"72":0,"75":0,"76":0,"77":0,"78":0,"80":0,"81":0,"83":0,"84":0,"85":0,"87":0,"88":0,"89":0,"90":0,"91":0,"92":0,"93":0,"94":0,"96":0,"97":0,"98":0,"104":0,"105":0,"106":0,"107":0,"108":0,"109":0,"110":0,"111":0,"116":0,"117":0,"118":0,"119":0,"120":0,"121":0,"126":0,"127":0,"128":0,"129":0,"130":0,"131":0,"132":0,"133":0,"134":0,"135":0,"140":0,"141":0,"142":0,"143":0,"144":0,"145":0,"150":0,"151":0,"153":0,"154":0,"155":0,"156":0,"157":0,"158":0,"163":0,"164":0,"166":0,"167":0,"168":0,"170":0,"171":0,"172":0,"174":0,"175":0,"176":0,"177":0,"179":0,"180":0,"181":0,"182":0,"183":0,"185":0,"186":0,"187":0,"188":0,"189":0,"190":0,"191":0},"branchMap":{"0":{"type":"branch","line":1,"loc":{"start":{"line":1,"column":4600},"end":{"line":192,"column":1}},"locations":[{"start":{"line":1,"column":4600},"end":{"line":192,"column":1}}]}},"b":{"0":[1]},"fnMap":{"0":{"name":"(empty-report)","decl":{"start":{"line":1,"column":4600},"end":{"line":192,"column":1}},"loc":{"start":{"line":1,"column":4600},"end":{"line":192,"column":1}},"line":1}},"f":{"0":1}}
}
