TN:
SF:src\api.ts
FN:6,initializeAudioEngine
FN:15,getEngine
FN:22,processStream
FN:27,processStreamChunked
FN:38,destroyEngine
FN:47,getEngineStatus
FN:54,getDiagnostics
FN:59,onMetricsUpdate
FNF:8
FNH:0
FNDA:0,initializeAudioEngine
FNDA:0,getEngine
FNDA:0,processStream
FNDA:0,processStreamChunked
FNDA:0,destroyEngine
FNDA:0,getEngineStatus
FNDA:0,getDiagnostics
FNDA:0,onMetricsUpdate
DA:1,1
DA:4,1
DA:6,1
DA:7,0
DA:8,0
DA:11,0
DA:12,0
DA:15,1
DA:16,0
DA:17,0
DA:19,0
DA:22,1
DA:23,0
DA:24,0
DA:27,1
DA:34,0
DA:35,0
DA:38,1
DA:39,0
DA:40,0
DA:43,0
DA:44,0
DA:47,1
DA:48,0
DA:49,0
DA:51,0
DA:54,1
DA:55,0
DA:56,0
DA:59,1
DA:60,0
DA:61,0
LF:32
LH:10
BRDA:7,0,0,0
BRDA:16,1,0,0
BRDA:39,2,0,0
BRDA:43,3,0,0
BRDA:43,3,1,0
BRDA:48,4,0,0
BRF:6
BRH:0
end_of_record
TN:
SF:src\core\EventEmitter.ts
FN:3,(anonymous_0)
FN:6,(anonymous_1)
FN:13,(anonymous_2)
FN:23,(anonymous_3)
FN:26,(anonymous_4)
FN:36,(anonymous_5)
FN:37,(anonymous_6)
FN:44,(anonymous_7)
FN:52,(anonymous_8)
FNF:9
FNH:0
FNDA:0,(anonymous_0)
FNDA:0,(anonymous_1)
FNDA:0,(anonymous_2)
FNDA:0,(anonymous_3)
FNDA:0,(anonymous_4)
FNDA:0,(anonymous_5)
FNDA:0,(anonymous_6)
FNDA:0,(anonymous_7)
FNDA:0,(anonymous_8)
DA:3,1
DA:4,0
DA:7,0
DA:8,0
DA:10,0
DA:14,0
DA:15,0
DA:16,0
DA:17,0
DA:18,0
DA:24,0
DA:25,0
DA:26,0
DA:27,0
DA:28,0
DA:30,0
DA:37,0
DA:38,0
DA:39,0
DA:41,0
DA:45,0
DA:46,0
DA:48,0
DA:53,0
DA:54,0
LF:25
LH:1
BRDA:7,0,0,0
BRDA:15,1,0,0
BRDA:17,2,0,0
BRDA:25,3,0,0
BRDA:45,4,0,0
BRDA:45,4,1,0
BRDA:54,5,0,0
BRDA:54,5,1,0
BRF:8
BRH:0
end_of_record
TN:
SF:src\core\Logger.ts
FN:8,(anonymous_0)
FN:12,(anonymous_1)
FN:16,(anonymous_2)
FN:20,(anonymous_3)
FN:27,(anonymous_4)
FN:48,(anonymous_5)
FN:52,(anonymous_6)
FN:56,(anonymous_7)
FN:60,(anonymous_8)
FNF:9
FNH:0
FNDA:0,(anonymous_0)
FNDA:0,(anonymous_1)
FNDA:0,(anonymous_2)
FNDA:0,(anonymous_3)
FNDA:0,(anonymous_4)
FNDA:0,(anonymous_5)
FNDA:0,(anonymous_6)
FNDA:0,(anonymous_7)
FNDA:0,(anonymous_8)
DA:3,1
DA:4,0
DA:9,0
DA:13,0
DA:17,0
DA:21,0
DA:22,0
DA:23,0
DA:24,0
DA:28,0
DA:30,0
DA:31,0
DA:33,0
DA:34,0
DA:36,0
DA:40,0
DA:41,0
DA:43,0
DA:49,0
DA:53,0
DA:57,0
DA:61,0
LF:22
LH:1
BRDA:8,0,0,0
BRDA:24,1,0,0
BRDA:24,1,1,0
BRDA:28,2,0,0
BRDA:33,3,0,0
BRDA:33,3,1,0
BRDA:36,4,0,0
BRDA:36,4,1,0
BRDA:37,5,0,0
BRDA:37,5,1,0
BRDA:40,6,0,0
BRDA:40,6,1,0
BRF:12
BRH:0
end_of_record
TN:
SF:src\core\MurmubaraEngine.ts
FN:36,(anonymous_0)
FN:66,(anonymous_1)
FN:67,(anonymous_2)
FN:72,(anonymous_3)
FN:77,(anonymous_4)
FN:80,(anonymous_5)
FN:86,(anonymous_6)
FN:93,(anonymous_7)
FN:103,(anonymous_8)
FN:119,(anonymous_9)
FN:166,(anonymous_10)
FN:184,(anonymous_11)
FN:198,(anonymous_12)
FN:199,(anonymous_13)
FN:200,(anonymous_14)
FN:216,(anonymous_15)
FN:229,(anonymous_16)
FN:248,(anonymous_17)
FN:255,(anonymous_18)
FN:256,(anonymous_19)
FN:257,(anonymous_20)
FN:268,(anonymous_21)
FN:292,(anonymous_22)
FN:301,(anonymous_23)
FN:325,(anonymous_24)
FN:356,(anonymous_25)
FN:406,(anonymous_26)
FN:412,(anonymous_27)
FN:502,(anonymous_28)
FN:520,(anonymous_29)
FN:525,(anonymous_30)
FN:530,(anonymous_31)
FN:536,(anonymous_32)
FN:546,(anonymous_33)
FN:550,(anonymous_34)
FN:614,(anonymous_35)
FN:618,(anonymous_36)
FN:622,(anonymous_37)
FN:658,(anonymous_38)
FN:667,(anonymous_39)
FN:673,(anonymous_40)
FN:683,(anonymous_41)
FN:770,(anonymous_42)
FN:771,(anonymous_43)
FNF:44
FNH:0
FNDA:0,(anonymous_0)
FNDA:0,(anonymous_1)
FNDA:0,(anonymous_2)
FNDA:0,(anonymous_3)
FNDA:0,(anonymous_4)
FNDA:0,(anonymous_5)
FNDA:0,(anonymous_6)
FNDA:0,(anonymous_7)
FNDA:0,(anonymous_8)
FNDA:0,(anonymous_9)
FNDA:0,(anonymous_10)
FNDA:0,(anonymous_11)
FNDA:0,(anonymous_12)
FNDA:0,(anonymous_13)
FNDA:0,(anonymous_14)
FNDA:0,(anonymous_15)
FNDA:0,(anonymous_16)
FNDA:0,(anonymous_17)
FNDA:0,(anonymous_18)
FNDA:0,(anonymous_19)
FNDA:0,(anonymous_20)
FNDA:0,(anonymous_21)
FNDA:0,(anonymous_22)
FNDA:0,(anonymous_23)
FNDA:0,(anonymous_24)
FNDA:0,(anonymous_25)
FNDA:0,(anonymous_26)
FNDA:0,(anonymous_27)
FNDA:0,(anonymous_28)
FNDA:0,(anonymous_29)
FNDA:0,(anonymous_30)
FNDA:0,(anonymous_31)
FNDA:0,(anonymous_32)
FNDA:0,(anonymous_33)
FNDA:0,(anonymous_34)
FNDA:0,(anonymous_35)
FNDA:0,(anonymous_36)
FNDA:0,(anonymous_37)
FNDA:0,(anonymous_38)
FNDA:0,(anonymous_39)
FNDA:0,(anonymous_40)
FNDA:0,(anonymous_41)
FNDA:0,(anonymous_42)
FNDA:0,(anonymous_43)
DA:1,1
DA:2,1
DA:3,1
DA:4,1
DA:5,1
DA:6,1
DA:7,1
DA:20,1
DA:27,0
DA:34,0
DA:37,0
DA:39,0
DA:52,0
DA:53,0
DA:54,0
DA:55,0
DA:58,0
DA:59,0
DA:60,0
DA:62,0
DA:63,0
DA:67,0
DA:68,0
DA:69,0
DA:72,0
DA:73,0
DA:78,0
DA:80,0
DA:81,0
DA:82,0
DA:85,0
DA:86,0
DA:87,0
DA:88,0
DA:93,0
DA:94,0
DA:95,0
DA:96,0
DA:100,0
DA:104,0
DA:105,0
DA:108,0
DA:109,0
DA:115,0
DA:116,0
DA:120,0
DA:122,0
DA:123,0
DA:126,0
DA:127,0
DA:131,0
DA:132,0
DA:135,0
DA:136,0
DA:139,0
DA:141,0
DA:142,0
DA:143,0
DA:146,0
DA:147,0
DA:149,0
DA:154,0
DA:157,0
DA:158,0
DA:159,0
DA:161,0
DA:168,0
DA:172,0
DA:174,0
DA:175,0
DA:177,0
DA:178,0
DA:181,0
DA:185,0
DA:186,0
DA:187,0
DA:190,0
DA:191,0
DA:194,0
DA:199,0
DA:200,0
DA:203,0
DA:204,0
DA:209,0
DA:210,0
DA:212,0
DA:217,0
DA:218,0
DA:224,0
DA:225,0
DA:230,0
DA:231,0
DA:234,0
DA:235,0
DA:236,0
DA:238,0
DA:239,0
DA:244,0
DA:245,0
DA:249,0
DA:252,0
DA:253,0
DA:255,0
DA:256,0
DA:257,0
DA:258,0
DA:262,0
DA:263,0
DA:264,0
DA:267,0
DA:269,0
DA:270,0
DA:272,0
DA:277,0
DA:278,0
DA:279,0
DA:283,0
DA:284,0
DA:287,0
DA:289,0
DA:293,0
DA:294,0
DA:296,0
DA:297,0
DA:302,0
DA:303,0
DA:307,0
DA:310,0
DA:317,0
DA:318,0
DA:319,0
DA:322,0
DA:329,0
DA:331,0
DA:332,0
DA:334,0
DA:335,0
DA:336,0
DA:338,0
DA:339,0
DA:340,0
DA:343,0
DA:346,0
DA:351,0
DA:352,0
DA:361,0
DA:362,0
DA:365,0
DA:366,0
DA:367,0
DA:370,0
DA:371,0
DA:372,0
DA:373,0
DA:375,0
DA:376,0
DA:377,0
DA:378,0
DA:380,0
DA:381,0
DA:382,0
DA:383,0
DA:385,0
DA:386,0
DA:387,0
DA:388,0
DA:390,0
DA:391,0
DA:392,0
DA:393,0
DA:397,0
DA:398,0
DA:406,0
DA:407,0
DA:408,0
DA:412,0
DA:413,0
DA:414,0
DA:415,0
DA:418,0
DA:419,0
DA:422,0
DA:423,0
DA:424,0
DA:427,0
DA:428,0
DA:432,0
DA:433,0
DA:437,0
DA:438,0
DA:439,0
DA:441,0
DA:442,0
DA:443,0
DA:445,0
DA:446,0
DA:449,0
DA:450,0
DA:451,0
DA:452,0
DA:456,0
DA:457,0
DA:458,0
DA:460,0
DA:464,0
DA:465,0
DA:466,0
DA:468,0
DA:473,0
DA:474,0
DA:475,0
DA:478,0
DA:479,0
DA:480,0
DA:481,0
DA:482,0
DA:487,0
DA:488,0
DA:489,0
DA:490,0
DA:491,0
DA:492,0
DA:494,0
DA:503,0
DA:506,0
DA:507,0
DA:510,0
DA:511,0
DA:512,0
DA:513,0
DA:515,0
DA:516,0
DA:517,0
DA:521,0
DA:522,0
DA:523,0
DA:526,0
DA:527,0
DA:528,0
DA:530,0
DA:533,0
DA:537,0
DA:538,0
DA:539,0
DA:540,0
DA:541,0
DA:542,0
DA:547,0
DA:551,0
DA:552,0
DA:553,0
DA:555,0
DA:562,0
DA:563,0
DA:565,0
DA:567,0
DA:568,0
DA:570,0
DA:573,0
DA:576,0
DA:579,0
DA:580,0
DA:581,0
DA:582,0
DA:586,0
DA:587,0
DA:591,0
DA:592,0
DA:596,0
DA:598,0
DA:599,0
DA:600,0
DA:603,0
DA:604,0
DA:609,0
DA:610,0
DA:615,0
DA:619,0
DA:623,0
DA:624,0
DA:631,0
DA:637,0
DA:659,0
DA:660,0
DA:661,0
DA:662,0
DA:663,0
DA:664,0
DA:668,0
DA:669,0
DA:670,0
DA:674,0
DA:675,0
DA:676,0
DA:677,0
DA:678,0
DA:679,0
DA:680,0
DA:684,0
DA:693,0
DA:699,0
DA:700,0
DA:701,0
DA:702,0
DA:704,0
DA:706,0
DA:707,0
DA:710,0
DA:716,0
DA:717,0
DA:718,0
DA:719,0
DA:721,0
DA:722,0
DA:724,0
DA:726,0
DA:727,0
DA:730,0
DA:736,0
DA:737,0
DA:738,0
DA:739,0
DA:741,0
DA:743,0
DA:744,0
DA:747,0
DA:753,0
DA:754,0
DA:755,0
DA:756,0
DA:757,0
DA:758,0
DA:759,0
DA:761,0
DA:764,0
DA:766,0
DA:767,0
DA:770,0
DA:771,0
DA:773,0
LF:340
LH:8
BRDA:36,0,0,0
BRDA:40,1,0,0
BRDA:40,1,1,0
BRDA:41,2,0,0
BRDA:41,2,1,0
BRDA:42,3,0,0
BRDA:42,3,1,0
BRDA:43,4,0,0
BRDA:43,4,1,0
BRDA:44,5,0,0
BRDA:44,5,1,0
BRDA:45,6,0,0
BRDA:45,6,1,0
BRDA:46,7,0,0
BRDA:46,7,1,0
BRDA:47,8,0,0
BRDA:47,8,1,0
BRDA:48,9,0,0
BRDA:48,9,1,0
BRDA:49,10,0,0
BRDA:49,10,1,0
BRDA:54,11,0,0
BRDA:78,12,0,0
BRDA:81,13,0,0
BRDA:85,14,0,0
BRDA:85,15,0,0
BRDA:85,15,1,0
BRDA:94,16,0,0
BRDA:104,17,0,0
BRDA:108,18,0,0
BRDA:126,19,0,0
BRDA:151,20,0,0
BRDA:151,20,1,0
BRDA:157,21,0,0
BRDA:157,21,1,0
BRDA:169,22,0,0
BRDA:169,22,1,0
BRDA:174,23,0,0
BRDA:177,24,0,0
BRDA:181,25,0,0
BRDA:181,25,1,0
BRDA:186,26,0,0
BRDA:186,26,1,0
BRDA:190,27,0,0
BRDA:194,28,0,0
BRDA:194,28,1,0
BRDA:209,29,0,0
BRDA:209,30,0,0
BRDA:209,30,1,0
BRDA:217,31,0,0
BRDA:217,31,1,0
BRDA:224,32,0,0
BRDA:234,33,0,0
BRDA:263,34,0,0
BRDA:269,35,0,0
BRDA:278,36,0,0
BRDA:302,37,0,0
BRDA:302,38,0,0
BRDA:302,38,1,0
BRDA:302,38,2,0
BRDA:302,38,3,0
BRDA:338,39,0,0
BRDA:348,40,0,0
BRDA:348,40,1,0
BRDA:361,41,0,0
BRDA:397,42,0,0
BRDA:413,43,0,0
BRDA:413,44,0,0
BRDA:413,44,1,0
BRDA:432,45,0,0
BRDA:432,46,0,0
BRDA:432,46,1,0
BRDA:432,46,2,0
BRDA:465,47,0,0
BRDA:465,47,1,0
BRDA:478,48,0,0
BRDA:481,49,0,0
BRDA:481,49,1,0
BRDA:506,50,0,0
BRDA:515,51,0,0
BRDA:537,52,0,0
BRDA:537,52,1,0
BRDA:537,52,2,0
BRDA:537,52,3,0
BRDA:537,52,4,0
BRDA:550,53,0,0
BRDA:551,54,0,0
BRDA:552,55,0,0
BRDA:552,55,1,0
BRDA:579,56,0,0
BRDA:580,57,0,0
BRDA:581,58,0,0
BRDA:582,59,0,0
BRDA:586,60,0,0
BRDA:586,61,0,0
BRDA:586,61,1,0
BRDA:591,62,0,0
BRDA:606,63,0,0
BRDA:606,63,1,0
BRDA:623,64,0,0
BRDA:623,64,1,0
BRDA:626,65,0,0
BRDA:626,65,1,0
BRDA:628,66,0,0
BRDA:628,66,1,0
BRDA:644,67,0,0
BRDA:644,67,1,0
BRDA:660,68,0,0
BRDA:661,69,0,0
BRDA:662,70,0,0
BRDA:663,71,0,0
BRDA:670,72,0,0
BRDA:670,72,1,0
BRDA:675,73,0,0
BRDA:675,74,0,0
BRDA:675,74,1,0
BRDA:676,75,0,0
BRDA:677,76,0,0
BRDA:678,77,0,0
BRDA:679,78,0,0
BRDA:700,79,0,0
BRDA:700,79,1,0
BRDA:718,80,0,0
BRDA:724,81,0,0
BRDA:724,81,1,0
BRDA:737,82,0,0
BRDA:737,82,1,0
BRDA:755,83,0,0
BRDA:755,83,1,0
BRDA:755,84,0,0
BRDA:755,84,1,0
BRDA:759,85,0,0
BRDA:759,85,1,0
BRDA:764,86,0,0
BRDA:764,86,1,0
BRF:135
BRH:0
end_of_record
TN:
SF:src\core\StateManager.ts
FN:9,(anonymous_0)
FN:22,(anonymous_1)
FN:26,(anonymous_2)
FN:31,(anonymous_3)
FN:45,(anonymous_4)
FN:49,(anonymous_5)
FN:58,(anonymous_6)
FNF:7
FNH:0
FNDA:0,(anonymous_0)
FNDA:0,(anonymous_1)
FNDA:0,(anonymous_2)
FNDA:0,(anonymous_3)
FNDA:0,(anonymous_4)
FNDA:0,(anonymous_5)
FNDA:0,(anonymous_6)
DA:2,1
DA:9,1
DA:10,0
DA:11,0
DA:23,0
DA:27,0
DA:28,0
DA:32,0
DA:33,0
DA:36,0
DA:39,0
DA:40,0
DA:41,0
DA:42,0
DA:46,0
DA:50,0
DA:51,0
DA:59,0
DA:60,0
DA:61,0
DA:62,0
LF:21
LH:2
BRDA:27,0,0,0
BRDA:27,0,1,0
BRDA:32,1,0,0
BRDA:50,2,0,0
BRDA:61,3,0,0
BRF:5
BRH:0
end_of_record
TN:
SF:src\engines\RNNoiseEngine.ts
FN:3,(anonymous_0)
FN:13,(anonymous_1)
FN:21,(anonymous_2)
FN:30,(anonymous_3)
FN:59,(anonymous_4)
FN:87,(anonymous_5)
FNF:6
FNH:0
FNDA:0,(anonymous_0)
FNDA:0,(anonymous_1)
FNDA:0,(anonymous_2)
FNDA:0,(anonymous_3)
FNDA:0,(anonymous_4)
FNDA:0,(anonymous_5)
DA:3,0
DA:4,0
DA:5,0
DA:6,0
DA:8,0
DA:9,0
DA:10,0
DA:11,0
DA:14,0
DA:16,0
DA:19,0
DA:20,0
DA:21,0
DA:22,0
DA:23,0
DA:24,0
DA:28,0
DA:29,0
DA:31,0
DA:32,0
DA:34,0
DA:39,0
DA:40,0
DA:41,0
DA:45,0
DA:46,0
DA:49,0
DA:50,0
DA:51,0
DA:52,0
DA:55,0
DA:56,0
DA:60,0
DA:61,0
DA:64,0
DA:65,0
DA:69,0
DA:72,0
DA:79,0
DA:80,0
DA:81,0
DA:84,0
DA:88,0
DA:89,0
DA:90,0
DA:91,0
DA:92,0
DA:93,0
DA:94,0
LF:49
LH:0
BRDA:14,0,0,0
BRDA:31,1,0,0
BRDA:40,2,0,0
BRDA:60,3,0,0
BRDA:64,4,0,0
BRDA:88,5,0,0
BRDA:88,6,0,0
BRDA:88,6,1,0
BRF:8
BRH:0
end_of_record
TN:
SF:src\engines\index.ts
FN:4,createAudioEngine
FNF:1
FNH:0
FNDA:0,createAudioEngine
DA:2,0
DA:4,0
DA:5,0
DA:7,0
DA:9,0
DA:11,0
DA:13,0
LF:7
LH:0
BRDA:5,0,0,0
BRDA:5,0,1,0
BRDA:5,0,2,0
BRDA:5,0,3,0
BRF:4
BRH:0
end_of_record
TN:
SF:src\hooks\useAudioEngine.ts
FN:5,(anonymous_0)
FN:27,(anonymous_1)
FN:57,(anonymous_2)
FN:97,(anonymous_3)
FN:107,(anonymous_4)
FN:114,(anonymous_5)
FN:124,(anonymous_6)
FN:172,(anonymous_7)
FN:187,(anonymous_8)
FN:217,(anonymous_9)
FN:238,(anonymous_10)
FN:263,calculateRMS
FNF:12
FNH:0
FNDA:0,(anonymous_0)
FNDA:0,(anonymous_1)
FNDA:0,(anonymous_2)
FNDA:0,(anonymous_3)
FNDA:0,(anonymous_4)
FNDA:0,(anonymous_5)
FNDA:0,(anonymous_6)
FNDA:0,(anonymous_7)
FNDA:0,(anonymous_8)
FNDA:0,(anonymous_9)
FNDA:0,(anonymous_10)
FNDA:0,calculateRMS
DA:1,0
DA:2,0
DA:5,0
DA:6,0
DA:7,0
DA:8,0
DA:9,0
DA:10,0
DA:11,0
DA:12,0
DA:13,0
DA:14,0
DA:27,0
DA:28,0
DA:30,0
DA:31,0
DA:33,0
DA:34,0
DA:37,0
DA:38,0
DA:39,0
DA:42,0
DA:49,0
DA:52,0
DA:55,0
DA:57,0
DA:58,0
DA:59,0
DA:61,0
DA:62,0
DA:63,0
DA:67,0
DA:70,0
DA:71,0
DA:72,0
DA:76,0
DA:77,0
DA:78,0
DA:81,0
DA:84,0
DA:85,0
DA:88,0
DA:89,0
DA:90,0
DA:93,0
DA:94,0
DA:97,0
DA:100,0
DA:101,0
DA:102,0
DA:103,0
DA:105,0
DA:107,0
DA:108,0
DA:109,0
DA:110,0
DA:112,0
DA:113,0
DA:114,0
DA:115,0
DA:117,0
DA:121,0
DA:122,0
DA:124,0
DA:125,0
DA:129,0
DA:130,0
DA:132,0
DA:141,0
DA:142,0
DA:147,0
DA:148,0
DA:149,0
DA:150,0
DA:151,0
DA:152,0
DA:154,0
DA:159,0
DA:160,0
DA:161,0
DA:164,0
DA:165,0
DA:166,0
DA:168,0
DA:172,0
DA:173,0
DA:187,0
DA:188,0
DA:189,0
DA:190,0
DA:191,0
DA:195,0
DA:196,0
DA:199,0
DA:201,0
DA:217,0
DA:218,0
DA:219,0
DA:222,0
DA:223,0
DA:227,0
DA:229,0
DA:230,0
DA:232,0
DA:233,0
DA:235,0
DA:238,0
DA:239,0
DA:240,0
DA:242,0
DA:243,0
DA:244,0
DA:246,0
DA:247,0
DA:251,0
DA:264,0
DA:265,0
DA:266,0
DA:268,0
LF:119
LH:0
BRDA:5,0,0,0
BRDA:28,1,0,0
BRDA:28,2,0,0
BRDA:28,2,1,0
BRDA:61,3,0,0
BRDA:61,4,0,0
BRDA:61,4,1,0
BRDA:105,5,0,0
BRDA:105,5,1,0
BRDA:110,6,0,0
BRDA:110,6,1,0
BRDA:122,7,0,0
BRDA:122,8,0,0
BRDA:122,8,1,0
BRDA:125,9,0,0
BRDA:129,10,0,0
BRDA:130,11,0,0
BRDA:130,11,1,0
BRDA:131,12,0,0
BRDA:131,12,1,0
BRDA:137,13,0,0
BRDA:137,13,1,0
BRDA:148,14,0,0
BRDA:148,14,1,0
BRDA:165,15,0,0
BRDA:165,15,1,0
BRDA:190,16,0,0
BRDA:190,16,1,0
BRDA:191,17,0,0
BRDA:191,17,1,0
BRDA:195,18,0,0
BRDA:195,18,1,0
BRDA:196,19,0,0
BRDA:196,19,1,0
BRDA:218,20,0,0
BRDA:222,21,0,0
BRDA:222,22,0,0
BRDA:222,22,1,0
BRDA:239,23,0,0
BRDA:242,24,0,0
BRDA:246,25,0,0
BRDA:246,26,0,0
BRDA:246,26,1,0
BRF:43
BRH:0
end_of_record
TN:
SF:src\hooks\useMurmubaraEngine.ts
FN:3,(anonymous_4)
FN:12,(anonymous_5)
FNF:2
FNH:0
FNDA:0,(anonymous_4)
FNDA:0,(anonymous_5)
DA:2,0
DA:3,0
DA:6,0
DA:12,0
LF:4
LH:0
BRF:0
BRH:0
end_of_record
TN:
SF:src\hooks\murmuraba-engine\audioExporter.ts
FN:5,(anonymous_0)
FN:8,(anonymous_1)
FN:15,(anonymous_2)
FN:39,(anonymous_3)
FN:60,(anonymous_4)
FN:100,(anonymous_5)
FNF:6
FNH:6
FNDA:398,(anonymous_0)
FNDA:41,(anonymous_1)
FNDA:10,(anonymous_2)
FNDA:6,(anonymous_3)
FNDA:7,(anonymous_4)
FNDA:1,(anonymous_5)
DA:2,3
DA:3,3
DA:5,3
DA:6,398
DA:9,41
DA:19,10
DA:20,10
DA:21,1
DA:24,9
DA:26,9
DA:27,7
DA:29,7
DA:30,1
DA:33,6
DA:44,6
DA:45,6
DA:46,1
DA:49,5
DA:51,5
DA:52,5
DA:54,5
DA:67,7
DA:68,7
DA:70,7
DA:71,3
DA:72,3
DA:73,1
DA:75,2
DA:76,2
DA:77,2
DA:78,4
DA:79,2
DA:80,1
DA:81,2
DA:82,1
DA:83,1
DA:85,1
DA:89,4
DA:90,4
DA:91,4
DA:92,4
DA:95,4
DA:96,4
DA:97,4
DA:100,4
DA:102,4
LF:46
LH:46
BRDA:19,0,0,8
BRDA:19,0,1,2
BRDA:20,1,0,1
BRDA:29,2,0,1
BRDA:42,3,0,4
BRDA:44,4,0,5
BRDA:44,4,1,1
BRDA:45,5,0,1
BRDA:68,6,0,6
BRDA:68,6,1,1
BRDA:70,7,0,3
BRDA:70,7,1,4
BRDA:71,8,0,3
BRDA:71,8,1,0
BRDA:72,9,0,1
BRDA:78,10,0,2
BRDA:78,10,1,2
BRDA:81,11,0,1
BRDA:81,11,1,1
BRF:19
BRH:18
end_of_record
TN:
SF:src\hooks\murmuraba-engine\chunkManager.ts
FN:8,(anonymous_0)
FN:15,(anonymous_1)
FN:27,(anonymous_2)
FN:43,(anonymous_3)
FN:48,(anonymous_4)
FN:57,(anonymous_5)
FN:61,(anonymous_6)
FN:70,(anonymous_7)
FN:71,(anonymous_8)
FN:77,(anonymous_9)
FN:79,(anonymous_10)
FN:87,(anonymous_11)
FN:88,(anonymous_12)
FN:91,(anonymous_13)
FNF:14
FNH:11
FNDA:392,(anonymous_0)
FNDA:539,(anonymous_1)
FNDA:363,(anonymous_2)
FNDA:103,(anonymous_3)
FNDA:9007,(anonymous_4)
FNDA:1,(anonymous_5)
FNDA:2,(anonymous_6)
FNDA:5,(anonymous_7)
FNDA:8,(anonymous_8)
FNDA:1,(anonymous_9)
FNDA:0,(anonymous_10)
FNDA:1,(anonymous_11)
FNDA:0,(anonymous_12)
FNDA:0,(anonymous_13)
DA:3,3
DA:5,3
DA:9,392
DA:19,539
DA:22,539
DA:23,33
DA:26,33
DA:27,33
DA:28,363
DA:31,33
DA:34,539
DA:48,9007
DA:61,2
DA:71,8
DA:79,1
DA:80,0
DA:88,1
DA:89,1
DA:91,0
DA:92,0
LF:20
LH:17
BRDA:22,0,0,33
BRDA:50,1,0,102
BRDA:50,1,1,8905
BRDA:63,2,0,1
BRDA:63,2,1,1
BRDA:89,3,0,1
BRF:6
BRH:6
end_of_record
TN:
SF:src\hooks\murmuraba-engine\constants.ts
FNF:0
FNH:0
DA:7,5
DA:8,5
DA:11,5
DA:12,5
DA:13,5
DA:16,5
DA:17,5
DA:24,5
LF:8
LH:8
BRF:0
BRH:0
end_of_record
TN:
SF:src\hooks\murmuraba-engine\index.ts
FN:2,(anonymous_0)
FN:14,(anonymous_1)
FN:15,(anonymous_2)
FN:16,(anonymous_3)
FN:17,(anonymous_4)
FN:18,(anonymous_5)
FNF:6
FNH:1
FNDA:380,(anonymous_0)
FNDA:0,(anonymous_1)
FNDA:0,(anonymous_2)
FNDA:0,(anonymous_3)
FNDA:0,(anonymous_4)
FNDA:0,(anonymous_5)
DA:2,382
DA:13,2
DA:14,2
DA:15,2
DA:16,2
DA:17,2
DA:18,2
LF:7
LH:7
BRF:0
BRH:0
end_of_record
TN:
SF:src\hooks\murmuraba-engine\playbackManager.ts
FN:4,(anonymous_0)
FN:10,(anonymous_1)
FN:30,(anonymous_2)
FN:34,(anonymous_3)
FN:63,(anonymous_4)
FN:64,(anonymous_5)
FN:75,(anonymous_6)
FN:78,(anonymous_7)
FN:86,(anonymous_8)
FN:92,(anonymous_9)
FN:93,(anonymous_10)
FNF:11
FNH:11
FNDA:393,(anonymous_0)
FNDA:20,(anonymous_1)
FNDA:1,(anonymous_2)
FNDA:1,(anonymous_3)
FNDA:18,(anonymous_4)
FNDA:27,(anonymous_5)
FNDA:1,(anonymous_6)
FNDA:2,(anonymous_7)
FNDA:2,(anonymous_8)
FNDA:38,(anonymous_9)
FNDA:16,(anonymous_10)
DA:2,3
DA:4,3
DA:5,393
DA:15,20
DA:16,20
DA:17,1
DA:18,1
DA:22,19
DA:23,19
DA:25,19
DA:26,18
DA:27,18
DA:30,18
DA:31,1
DA:34,18
DA:35,1
DA:36,1
DA:40,19
DA:42,2
DA:43,2
DA:44,2
DA:47,17
DA:50,17
DA:51,17
DA:52,16
DA:54,1
DA:55,1
DA:64,18
DA:65,27
DA:66,4
DA:67,4
DA:76,1
DA:78,1
DA:79,2
DA:80,2
DA:81,2
DA:82,2
DA:86,2
DA:93,38
DA:94,16
DA:95,16
DA:97,38
LF:42
LH:42
BRDA:15,0,0,17
BRDA:15,0,1,3
BRDA:16,1,0,1
BRDA:25,2,0,18
BRDA:40,3,0,2
BRDA:40,3,1,17
BRDA:65,4,0,4
BRDA:79,5,0,2
BRF:8
BRH:8
end_of_record
TN:
SF:src\hooks\murmuraba-engine\recordingFunctions.ts
FN:24,createRecordingFunctions
FN:42,(anonymous_1)
FN:72,(anonymous_2)
FN:85,(anonymous_3)
FN:86,(anonymous_4)
FN:101,(anonymous_5)
FN:109,(anonymous_6)
FN:112,(anonymous_7)
FN:117,(anonymous_8)
FN:132,(anonymous_9)
FN:135,(anonymous_10)
FN:142,(anonymous_11)
FN:145,(anonymous_12)
FN:152,(anonymous_13)
FN:154,(anonymous_14)
FNF:15
FNH:15
FNDA:380,createRecordingFunctions
FNDA:5,(anonymous_1)
FNDA:4,(anonymous_2)
FNDA:225,(anonymous_3)
FNDA:225,(anonymous_4)
FNDA:2,(anonymous_5)
FNDA:1,(anonymous_6)
FNDA:1,(anonymous_7)
FNDA:2,(anonymous_8)
FNDA:1,(anonymous_9)
FNDA:1,(anonymous_10)
FNDA:1,(anonymous_11)
FNDA:1,(anonymous_12)
FNDA:1,(anonymous_13)
FNDA:1,(anonymous_14)
DA:3,2
DA:4,2
DA:7,2
DA:24,2
DA:42,380
DA:43,5
DA:44,5
DA:45,4
DA:48,5
DA:57,5
DA:58,4
DA:61,4
DA:62,4
DA:64,4
DA:65,4
DA:68,4
DA:69,4
DA:72,4
DA:80,4
DA:86,225
DA:87,225
DA:93,1
DA:94,1
DA:101,380
DA:102,2
DA:104,2
DA:107,2
DA:108,1
DA:109,1
DA:111,1
DA:112,1
DA:117,2
DA:124,2
DA:125,2
DA:126,2
DA:132,380
DA:133,1
DA:134,1
DA:135,1
DA:142,380
DA:143,1
DA:144,1
DA:145,1
DA:152,380
DA:153,1
DA:154,1
DA:160,380
LF:47
LH:47
BRDA:42,0,0,4
BRDA:44,1,0,4
BRDA:94,2,0,1
BRDA:94,2,1,0
BRDA:107,3,0,1
BRDA:108,4,0,1
BRDA:111,5,0,1
BRDA:133,6,0,1
BRDA:133,7,0,1
BRDA:133,7,1,1
BRDA:143,8,0,1
BRDA:143,9,0,1
BRDA:143,9,1,1
BRF:13
BRH:12
end_of_record
TN:
SF:src\hooks\murmuraba-engine\recordingManager.ts
FN:21,(anonymous_0)
FN:26,(anonymous_1)
FN:36,(anonymous_2)
FN:57,(anonymous_3)
FN:67,(anonymous_4)
FN:77,(anonymous_5)
FN:81,(anonymous_6)
FN:86,(anonymous_7)
FN:109,(anonymous_8)
FN:138,(anonymous_9)
FN:204,(anonymous_10)
FN:229,(anonymous_11)
FN:241,(anonymous_12)
FNF:13
FNH:10
FNDA:380,(anonymous_0)
FNDA:4,(anonymous_1)
FNDA:228,(anonymous_2)
FNDA:225,(anonymous_3)
FNDA:0,(anonymous_4)
FNDA:0,(anonymous_5)
FNDA:0,(anonymous_6)
FNDA:225,(anonymous_7)
FNDA:225,(anonymous_8)
FNDA:225,(anonymous_9)
FNDA:2,(anonymous_10)
FNDA:1,(anonymous_11)
FNDA:1,(anonymous_12)
DA:4,2
DA:13,2
DA:14,380
DA:15,380
DA:16,380
DA:17,380
DA:18,380
DA:19,380
DA:21,380
DA:33,4
DA:34,4
DA:36,4
DA:37,228
DA:39,228
DA:40,228
DA:41,228
DA:44,228
DA:47,228
DA:54,228
DA:55,228
DA:57,228
DA:58,225
DA:59,225
DA:60,225
DA:61,1
DA:62,1
DA:67,228
DA:68,0
DA:69,0
DA:70,0
DA:71,0
DA:72,0
DA:77,228
DA:78,0
DA:81,228
DA:82,0
DA:86,228
DA:87,225
DA:88,225
DA:89,225
DA:100,228
DA:101,228
DA:104,228
DA:105,228
DA:109,4
DA:110,225
DA:112,225
DA:114,225
DA:115,0
DA:116,0
DA:119,225
DA:120,0
DA:121,0
DA:125,225
DA:129,4
DA:132,4
DA:145,225
DA:146,225
DA:148,225
DA:151,225
DA:152,225
DA:154,225
DA:155,225
DA:156,225
DA:157,225
DA:161,225
DA:162,225
DA:164,225
DA:165,225
DA:168,225
DA:195,225
DA:196,225
DA:198,225
DA:205,2
DA:207,2
DA:209,2
DA:210,1
DA:211,1
DA:214,2
DA:215,0
DA:218,2
DA:219,0
DA:223,2
DA:230,1
DA:231,0
DA:233,1
DA:234,0
DA:242,1
DA:243,0
DA:245,1
DA:246,0
LF:91
LH:74
BRDA:37,0,0,0
BRDA:58,1,0,225
BRDA:60,2,0,1
BRDA:60,3,0,225
BRDA:60,3,1,225
BRDA:68,4,0,0
BRDA:70,5,0,0
BRDA:70,6,0,0
BRDA:70,6,1,0
BRDA:88,7,0,225
BRDA:88,8,0,225
BRDA:88,8,1,225
BRDA:110,9,0,0
BRDA:114,10,0,0
BRDA:119,11,0,0
BRDA:154,12,0,225
BRDA:154,13,0,225
BRDA:154,13,1,0
BRDA:161,14,0,0
BRDA:161,14,1,225
BRDA:162,15,0,0
BRDA:162,15,1,225
BRDA:179,16,0,0
BRDA:179,16,1,225
BRDA:209,17,0,1
BRDA:214,18,0,0
BRDA:218,19,0,0
BRDA:230,20,0,0
BRDA:233,21,0,0
BRDA:242,22,0,0
BRDA:245,23,0,0
BRF:31
BRH:13
end_of_record
TN:
SF:src\hooks\murmuraba-engine\urlManager.ts
FN:9,(anonymous_0)
FN:16,(anonymous_1)
FN:30,(anonymous_2)
FN:33,(anonymous_3)
FN:43,(anonymous_4)
FN:44,(anonymous_5)
FN:45,(anonymous_6)
FN:55,(anonymous_7)
FN:57,(anonymous_8)
FNF:9
FNH:9
FNDA:400,(anonymous_0)
FNDA:2031,(anonymous_1)
FNDA:367,(anonymous_2)
FNDA:4,(anonymous_3)
FNDA:29,(anonymous_4)
FNDA:1011,(anonymous_5)
FNDA:2022,(anonymous_6)
FNDA:4,(anonymous_7)
FNDA:4,(anonymous_8)
DA:6,4
DA:10,400
DA:17,2031
DA:19,2031
DA:20,1017
DA:23,2031
DA:24,2031
DA:31,367
DA:32,367
DA:33,2
DA:34,4
DA:36,2
DA:44,29
DA:45,1011
DA:46,2022
DA:49,29
DA:56,4
DA:57,4
DA:58,4
DA:61,4
LF:20
LH:20
BRDA:19,0,0,1017
BRDA:32,1,0,2
BRF:2
BRH:2
end_of_record
TN:
SF:src\hooks\murmuraba-engine\useMurmubaraEngine.ts
FN:44,useMurmubaraEngine
FN:91,(anonymous_10)
FN:107,(anonymous_11)
FN:122,(anonymous_12)
FN:128,(anonymous_13)
FN:162,(anonymous_14)
FN:202,(anonymous_15)
FN:212,(anonymous_16)
FN:223,(anonymous_17)
FN:235,(anonymous_18)
FN:246,(anonymous_19)
FN:267,(anonymous_20)
FN:277,(anonymous_21)
FN:278,(anonymous_22)
FN:286,(anonymous_23)
FN:287,(anonymous_24)
FN:296,(anonymous_25)
FN:304,(anonymous_26)
FN:307,(anonymous_27)
FN:308,(anonymous_28)
FN:314,(anonymous_29)
FN:319,(anonymous_30)
FN:322,(anonymous_31)
FN:331,(anonymous_32)
FN:335,(anonymous_33)
FN:338,(anonymous_34)
FN:390,(anonymous_35)
FNF:27
FNH:21
FNDA:380,useMurmubaraEngine
FNDA:25,(anonymous_10)
FNDA:26,(anonymous_11)
FNDA:26,(anonymous_12)
FNDA:101,(anonymous_13)
FNDA:1,(anonymous_14)
FNDA:2,(anonymous_15)
FNDA:1,(anonymous_16)
FNDA:0,(anonymous_17)
FNDA:4,(anonymous_18)
FNDA:1,(anonymous_19)
FNDA:0,(anonymous_20)
FNDA:0,(anonymous_21)
FNDA:0,(anonymous_22)
FNDA:0,(anonymous_23)
FNDA:0,(anonymous_24)
FNDA:380,(anonymous_25)
FNDA:256,(anonymous_26)
FNDA:18000,(anonymous_27)
FNDA:18000,(anonymous_28)
FNDA:230,(anonymous_29)
FNDA:45,(anonymous_30)
FNDA:1800,(anonymous_31)
FNDA:20,(anonymous_32)
FNDA:24,(anonymous_33)
FNDA:24,(anonymous_34)
FNDA:1,(anonymous_35)
DA:1,2
DA:2,2
DA:12,2
DA:30,2
DA:31,2
DA:32,2
DA:33,2
DA:34,2
DA:35,2
DA:38,2
DA:44,2
DA:54,380
DA:57,380
DA:60,380
DA:61,380
DA:62,380
DA:63,380
DA:64,380
DA:65,380
DA:66,380
DA:72,380
DA:73,380
DA:74,380
DA:77,380
DA:78,380
DA:79,380
DA:80,380
DA:81,380
DA:84,380
DA:85,380
DA:86,380
DA:87,380
DA:88,380
DA:91,380
DA:92,25
DA:93,24
DA:94,24
DA:97,1
DA:98,1
DA:99,1
DA:100,1
DA:102,0
DA:107,380
DA:108,26
DA:109,26
DA:110,0
DA:111,0
DA:114,26
DA:115,0
DA:116,0
DA:119,26
DA:120,26
DA:122,26
DA:123,26
DA:124,26
DA:125,26
DA:128,24
DA:129,101
DA:133,24
DA:134,24
DA:136,24
DA:137,24
DA:138,24
DA:139,24
DA:142,2
DA:143,2
DA:144,2
DA:145,2
DA:147,2
DA:148,0
DA:151,2
DA:153,26
DA:154,26
DA:158,26
DA:162,380
DA:163,1
DA:164,1
DA:165,0
DA:166,0
DA:169,1
DA:171,1
DA:172,0
DA:173,0
DA:177,1
DA:178,0
DA:179,0
DA:183,1
DA:186,1
DA:188,1
DA:189,1
DA:190,1
DA:191,1
DA:192,1
DA:193,1
DA:195,0
DA:196,0
DA:197,0
DA:202,380
DA:206,2
DA:207,2
DA:209,2
DA:212,380
DA:217,1
DA:218,1
DA:220,1
DA:223,380
DA:228,0
DA:229,0
DA:231,0
DA:235,380
DA:236,4
DA:237,4
DA:238,4
DA:240,4
DA:241,1
DA:243,3
DA:246,380
DA:247,1
DA:251,380
DA:267,380
DA:271,0
DA:272,0
DA:274,0
DA:278,0
DA:286,380
DA:287,0
DA:296,380
DA:297,380
DA:298,0
DA:299,0
DA:304,380
DA:305,256
DA:306,230
DA:307,230
DA:308,18000
DA:314,230
DA:319,380
DA:320,45
DA:322,20
DA:323,1800
DA:324,1800
DA:325,1800
DA:331,20
DA:335,380
DA:336,24
DA:338,24
DA:339,24
DA:342,24
DA:345,24
DA:348,24
DA:352,380
DA:390,1
LF:152
LH:127
BRDA:45,0,0,48
BRDA:48,1,0,380
BRDA:49,2,0,152
BRDA:50,3,0,380
BRDA:52,4,0,380
BRDA:57,5,0,380
BRDA:57,5,1,380
BRDA:92,6,0,24
BRDA:109,7,0,0
BRDA:114,8,0,0
BRDA:142,9,0,2
BRDA:142,9,1,0
BRDA:147,10,0,0
BRDA:148,11,0,0
BRDA:148,11,1,0
BRDA:162,12,0,1
BRDA:164,13,0,0
BRDA:171,14,0,0
BRDA:177,15,0,0
BRDA:195,16,0,0
BRDA:195,16,1,0
BRDA:207,17,0,0
BRDA:218,18,0,0
BRDA:229,19,0,0
BRDA:240,20,0,1
BRDA:272,21,0,0
BRDA:297,22,0,0
BRDA:297,23,0,380
BRDA:297,23,1,0
BRDA:297,23,2,0
BRDA:305,24,0,230
BRDA:305,25,0,256
BRDA:305,25,1,231
BRDA:320,26,0,25
BRF:34
BRH:16
end_of_record
TN:
SF:src\managers\ChunkProcessor.ts
FN:33,(anonymous_0)
FN:66,(anonymous_1)
FN:84,(anonymous_2)
FN:117,(anonymous_3)
FN:147,(anonymous_4)
FN:180,(anonymous_5)
FN:235,(anonymous_6)
FN:254,(anonymous_7)
FN:266,(anonymous_8)
FN:267,(anonymous_9)
FN:282,(anonymous_10)
FNF:11
FNH:0
FNDA:0,(anonymous_0)
FNDA:0,(anonymous_1)
FNDA:0,(anonymous_2)
FNDA:0,(anonymous_3)
FNDA:0,(anonymous_4)
FNDA:0,(anonymous_5)
FNDA:0,(anonymous_6)
FNDA:0,(anonymous_7)
FNDA:0,(anonymous_8)
FNDA:0,(anonymous_9)
FNDA:0,(anonymous_10)
DA:1,1
DA:21,1
DA:24,0
DA:25,0
DA:26,0
DA:29,0
DA:30,0
DA:39,0
DA:40,0
DA:41,0
DA:42,0
DA:44,0
DA:51,0
DA:55,0
DA:68,0
DA:69,0
DA:72,0
DA:73,0
DA:76,0
DA:77,0
DA:85,0
DA:86,0
DA:89,0
DA:92,0
DA:95,0
DA:105,0
DA:108,0
DA:111,0
DA:118,0
DA:119,0
DA:120,0
DA:122,0
DA:123,0
DA:124,0
DA:127,0
DA:128,0
DA:129,0
DA:131,0
DA:133,0
DA:136,0
DA:140,0
DA:141,0
DA:148,0
DA:149,0
DA:152,0
DA:153,0
DA:156,0
DA:159,0
DA:160,0
DA:161,0
DA:164,0
DA:165,0
DA:166,0
DA:167,0
DA:172,0
DA:174,0
DA:186,0
DA:187,0
DA:188,0
DA:189,0
DA:191,0
DA:195,0
DA:214,0
DA:217,0
DA:218,0
DA:219,0
DA:221,0
DA:225,0
DA:236,0
DA:237,0
DA:240,0
DA:241,0
DA:242,0
DA:245,0
DA:248,0
DA:255,0
DA:256,0
DA:257,0
DA:258,0
DA:259,0
DA:260,0
DA:267,0
DA:268,0
DA:269,0
DA:271,0
DA:272,0
DA:273,0
DA:276,0
DA:288,0
LF:89
LH:2
BRDA:46,0,0,0
BRDA:46,0,1,0
BRDA:47,1,0,0
BRDA:47,1,1,0
BRDA:68,2,0,0
BRDA:122,3,0,0
BRDA:122,3,1,0
BRDA:131,4,0,0
BRDA:131,4,1,0
BRDA:148,5,0,0
BRDA:159,6,0,0
BRDA:191,7,0,0
BRDA:191,7,1,0
BRDA:217,8,0,0
BRDA:236,9,0,0
BRDA:241,10,0,0
BRF:16
BRH:0
end_of_record
TN:
SF:src\managers\MetricsManager.ts
FN:10,(anonymous_0)
FN:25,(anonymous_1)
FN:27,(anonymous_2)
FN:33,(anonymous_3)
FN:40,(anonymous_4)
FN:44,(anonymous_5)
FN:48,(anonymous_6)
FN:52,(anonymous_7)
FN:61,(anonymous_8)
FN:65,(anonymous_9)
FN:69,(anonymous_10)
FN:80,(anonymous_11)
FN:84,(anonymous_12)
FN:88,(anonymous_13)
FN:101,(anonymous_14)
FN:109,(anonymous_15)
FNF:16
FNH:0
FNDA:0,(anonymous_0)
FNDA:0,(anonymous_1)
FNDA:0,(anonymous_2)
FNDA:0,(anonymous_3)
FNDA:0,(anonymous_4)
FNDA:0,(anonymous_5)
FNDA:0,(anonymous_6)
FNDA:0,(anonymous_7)
FNDA:0,(anonymous_8)
FNDA:0,(anonymous_9)
FNDA:0,(anonymous_10)
FNDA:0,(anonymous_11)
FNDA:0,(anonymous_12)
FNDA:0,(anonymous_13)
FNDA:0,(anonymous_14)
FNDA:0,(anonymous_15)
DA:2,1
DA:10,1
DA:11,0
DA:22,0
DA:23,0
DA:26,0
DA:27,0
DA:28,0
DA:29,0
DA:34,0
DA:35,0
DA:36,0
DA:41,0
DA:45,0
DA:49,0
DA:53,0
DA:54,0
DA:55,0
DA:57,0
DA:58,0
DA:62,0
DA:66,0
DA:70,0
DA:71,0
DA:72,0
DA:75,0
DA:76,0
DA:77,0
DA:80,0
DA:81,0
DA:85,0
DA:89,0
DA:98,0
DA:102,0
DA:103,0
DA:104,0
DA:106,0
DA:110,0
DA:111,0
DA:112,0
DA:114,0
LF:41
LH:2
BRDA:25,0,0,0
BRDA:34,1,0,0
BRDA:52,2,0,0
BRDA:54,3,0,0
BRDA:70,4,0,0
BRF:5
BRH:0
end_of_record
TN:
SF:src\managers\WorkerManager.ts
FN:13,(anonymous_0)
FN:17,(anonymous_1)
FN:39,(anonymous_2)
FN:43,(anonymous_3)
FN:56,(anonymous_4)
FN:65,(anonymous_5)
FN:74,(anonymous_6)
FN:78,(anonymous_7)
FNF:8
FNH:0
FNDA:0,(anonymous_0)
FNDA:0,(anonymous_1)
FNDA:0,(anonymous_2)
FNDA:0,(anonymous_3)
FNDA:0,(anonymous_4)
FNDA:0,(anonymous_5)
FNDA:0,(anonymous_6)
FNDA:0,(anonymous_7)
DA:2,1
DA:9,1
DA:10,0
DA:14,0
DA:18,0
DA:19,0
DA:25,0
DA:26,0
DA:27,0
DA:28,0
DA:29,0
DA:31,0
DA:32,0
DA:40,0
DA:44,0
DA:45,0
DA:46,0
DA:52,0
DA:53,0
DA:57,0
DA:58,0
DA:59,0
DA:60,0
DA:61,0
DA:66,0
DA:67,0
DA:68,0
DA:69,0
DA:71,0
DA:75,0
DA:79,0
LF:31
LH:2
BRDA:18,0,0,0
BRDA:34,1,0,0
BRDA:34,1,1,0
BRDA:45,2,0,0
BRDA:58,3,0,0
BRF:5
BRH:0
end_of_record
TN:
SF:src\types\audio-types.ts
FN:119,(anonymous_0)
FNF:1
FNH:0
FNDA:0,(anonymous_0)
DA:115,1
DA:120,0
DA:121,0
DA:122,0
DA:123,0
DA:140,1
LF:6
LH:2
BRF:0
BRH:0
end_of_record
TN:
SF:src\types\index.ts
FNF:0
FNH:0
DA:2,1
LF:1
LH:1
BRF:0
BRH:0
end_of_record
TN:
SF:src\utils\AudioStreamManager.ts
FN:5,(anonymous_0)
FN:7,(anonymous_1)
FN:19,(anonymous_2)
FN:23,(anonymous_3)
FN:27,(anonymous_4)
FN:30,(anonymous_5)
FN:41,(anonymous_6)
FN:43,(anonymous_7)
FN:46,(anonymous_8)
FNF:9
FNH:0
FNDA:0,(anonymous_0)
FNDA:0,(anonymous_1)
FNDA:0,(anonymous_2)
FNDA:0,(anonymous_3)
FNDA:0,(anonymous_4)
FNDA:0,(anonymous_5)
FNDA:0,(anonymous_6)
FNDA:0,(anonymous_7)
FNDA:0,(anonymous_8)
DA:1,0
DA:2,0
DA:3,0
DA:5,0
DA:8,0
DA:9,0
DA:12,0
DA:13,0
DA:14,0
DA:16,0
DA:20,0
DA:24,0
DA:28,0
DA:29,0
DA:30,0
DA:31,0
DA:34,0
DA:35,0
DA:36,0
DA:37,0
DA:42,0
DA:43,0
DA:47,0
LF:23
LH:0
BRDA:8,0,0,0
BRDA:29,1,0,0
BRDA:35,2,0,0
BRF:3
BRH:0
end_of_record
TN:
SF:src\utils\MurmurabaProcessor.ts
FN:22,(anonymous_0)
FN:24,(anonymous_1)
FN:33,(anonymous_2)
FN:36,(anonymous_3)
FN:86,(anonymous_4)
FN:94,(anonymous_5)
FN:108,(anonymous_6)
FN:112,(anonymous_7)
FN:127,(anonymous_8)
FNF:9
FNH:0
FNDA:0,(anonymous_0)
FNDA:0,(anonymous_1)
FNDA:0,(anonymous_2)
FNDA:0,(anonymous_3)
FNDA:0,(anonymous_4)
FNDA:0,(anonymous_5)
FNDA:0,(anonymous_6)
FNDA:0,(anonymous_7)
FNDA:0,(anonymous_8)
DA:3,0
DA:4,0
DA:5,0
DA:6,0
DA:7,0
DA:8,0
DA:9,0
DA:22,0
DA:25,0
DA:26,0
DA:29,0
DA:30,0
DA:31,0
DA:33,0
DA:37,0
DA:39,0
DA:40,0
DA:43,0
DA:44,0
DA:45,0
DA:46,0
DA:50,0
DA:51,0
DA:52,0
DA:55,0
DA:56,0
DA:57,0
DA:58,0
DA:59,0
DA:61,0
DA:62,0
DA:64,0
DA:68,0
DA:69,0
DA:74,0
DA:75,0
DA:76,0
DA:77,0
DA:78,0
DA:79,0
DA:81,0
DA:87,0
DA:88,0
DA:89,0
DA:91,0
DA:95,0
DA:96,0
DA:99,0
DA:100,0
DA:102,0
DA:103,0
DA:105,0
DA:109,0
DA:113,0
DA:128,0
DA:129,0
DA:130,0
DA:132,0
DA:133,0
DA:134,0
DA:136,0
DA:137,0
DA:138,0
LF:63
LH:0
BRDA:22,0,0,0
BRDA:24,1,0,0
BRDA:25,2,0,0
BRDA:37,3,0,0
BRDA:61,4,0,0
BRDA:61,4,1,0
BRDA:75,5,0,0
BRDA:75,5,1,0
BRDA:95,6,0,0
BRDA:95,7,0,0
BRDA:95,7,1,0
BRDA:128,8,0,0
BRDA:132,9,0,0
BRDA:132,10,0,0
BRDA:132,10,1,0
BRDA:136,11,0,0
BRF:16
BRH:0
end_of_record
TN:
SF:src\utils\audioConverter.ts
FN:11,(anonymous_9)
FN:18,(anonymous_10)
FN:37,(anonymous_11)
FN:45,(anonymous_12)
FN:50,(anonymous_13)
FN:94,(anonymous_14)
FN:98,(anonymous_15)
FN:114,(anonymous_16)
FN:121,(anonymous_17)
FN:163,(anonymous_18)
FN:173,(anonymous_19)
FN:200,(anonymous_20)
FN:240,(anonymous_21)
FN:242,(anonymous_22)
FN:257,getAudioConverter
FN:268,destroyAudioConverter
FNF:16
FNH:15
FNDA:25,(anonymous_9)
FNDA:7,(anonymous_10)
FNDA:1,(anonymous_11)
FNDA:1,(anonymous_12)
FNDA:1,(anonymous_13)
FNDA:418,(anonymous_14)
FNDA:418,(anonymous_15)
FNDA:6,(anonymous_16)
FNDA:24,(anonymous_17)
FNDA:0,(anonymous_18)
FNDA:6,(anonymous_19)
FNDA:5,(anonymous_20)
FNDA:25,(anonymous_21)
FNDA:4,(anonymous_22)
FNDA:16,getAudioConverter
FNDA:36,destroyAudioConverter
DA:6,2
DA:9,25
DA:12,25
DA:19,7
DA:21,7
DA:22,7
DA:25,6
DA:26,6
DA:27,6
DA:29,1
DA:30,1
DA:38,1
DA:39,1
DA:46,1
DA:48,1
DA:50,2
DA:53,1
DA:54,1
DA:57,1
DA:58,1
DA:59,1
DA:62,1
DA:63,1
DA:66,1
DA:67,480000
DA:68,480000
DA:72,1
DA:75,1
DA:76,1
DA:78,1
DA:79,417
DA:80,417
DA:81,417
DA:82,417
DA:87,1
DA:88,1
DA:89,1
DA:93,1
DA:94,418
DA:96,1
DA:97,1
DA:98,1
DA:99,418
DA:100,418
DA:103,1
DA:104,1
DA:106,0
DA:107,0
DA:115,6
DA:116,6
DA:117,6
DA:118,6
DA:121,6
DA:122,24
DA:123,96
DA:128,6
DA:129,6
DA:130,6
DA:133,6
DA:134,6
DA:135,6
DA:136,6
DA:137,6
DA:138,6
DA:139,6
DA:140,6
DA:143,6
DA:144,6
DA:147,6
DA:148,6
DA:149,2880000
DA:150,5760000
DA:151,5760000
DA:152,5760000
DA:153,5760000
DA:157,6
DA:164,0
DA:165,0
DA:167,0
DA:175,6
DA:176,5
DA:177,5
DA:181,1
DA:182,0
DA:183,0
DA:187,1
DA:188,0
DA:189,0
DA:193,1
DA:194,1
DA:201,5
DA:202,5
DA:203,4
DA:206,4
DA:207,0
DA:208,0
DA:212,4
DA:213,0
DA:214,0
DA:218,4
DA:220,4
DA:221,4
DA:224,4
DA:226,4
DA:227,4
DA:229,1
DA:230,1
DA:232,1
DA:242,25
DA:243,4
DA:245,25
DA:248,25
DA:249,25
DA:255,2
DA:257,2
DA:258,16
DA:259,11
DA:261,16
DA:268,2
DA:269,36
DA:270,11
DA:271,11
LF:122
LH:109
BRDA:12,0,0,25
BRDA:12,0,1,0
BRDA:45,1,0,0
BRDA:68,2,0,0
BRDA:68,2,1,480000
BRDA:81,3,0,417
BRDA:88,4,0,1
BRDA:175,5,0,5
BRDA:181,6,0,0
BRDA:187,7,0,0
BRDA:206,8,0,0
BRDA:212,9,0,0
BRDA:212,10,0,4
BRDA:212,10,1,4
BRDA:248,11,0,25
BRDA:248,12,0,25
BRDA:248,12,1,25
BRDA:258,13,0,11
BRDA:269,14,0,11
BRF:19
BRH:12
end_of_record
TN:
SF:src\utils\performance.ts
FN:9,debounce
FN:15,(anonymous_1)
FN:18,(anonymous_2)
FN:28,throttle
FN:34,(anonymous_4)
FN:38,(anonymous_5)
FN:52,(anonymous_6)
FN:57,(anonymous_7)
FN:60,(anonymous_8)
FN:64,(anonymous_9)
FN:71,(anonymous_10)
FN:84,(anonymous_11)
FN:88,(anonymous_12)
FN:97,(anonymous_13)
FN:105,(anonymous_14)
FN:117,getBlobHash
FN:121,(anonymous_16)
FN:127,batchUpdates
FN:130,(anonymous_18)
FN:143,(anonymous_19)
FN:143,(anonymous_20)
FN:145,(anonymous_21)
FN:151,getMemoryUsage
FN:164,(anonymous_23)
FN:167,(anonymous_24)
FN:171,(anonymous_25)
FN:180,(anonymous_26)
FN:186,(anonymous_27)
FNF:28
FNH:0
FNDA:0,debounce
FNDA:0,(anonymous_1)
FNDA:0,(anonymous_2)
FNDA:0,throttle
FNDA:0,(anonymous_4)
FNDA:0,(anonymous_5)
FNDA:0,(anonymous_6)
FNDA:0,(anonymous_7)
FNDA:0,(anonymous_8)
FNDA:0,(anonymous_9)
FNDA:0,(anonymous_10)
FNDA:0,(anonymous_11)
FNDA:0,(anonymous_12)
FNDA:0,(anonymous_13)
FNDA:0,(anonymous_14)
FNDA:0,getBlobHash
FNDA:0,(anonymous_16)
FNDA:0,batchUpdates
FNDA:0,(anonymous_18)
FNDA:0,(anonymous_19)
FNDA:0,(anonymous_20)
FNDA:0,(anonymous_21)
FNDA:0,getMemoryUsage
FNDA:0,(anonymous_23)
FNDA:0,(anonymous_24)
FNDA:0,(anonymous_25)
FNDA:0,(anonymous_26)
FNDA:0,(anonymous_27)
DA:9,0
DA:13,0
DA:15,0
DA:16,0
DA:18,0
DA:19,0
DA:20,0
DA:28,0
DA:32,0
DA:34,0
DA:35,0
DA:36,0
DA:37,0
DA:38,0
DA:46,0
DA:47,0
DA:50,0
DA:53,0
DA:54,0
DA:57,0
DA:62,0
DA:63,0
DA:64,0
DA:65,0
DA:68,0
DA:72,0
DA:73,0
DA:76,0
DA:77,0
DA:78,0
DA:81,0
DA:85,0
DA:89,0
DA:90,0
DA:91,0
DA:92,0
DA:98,0
DA:106,0
DA:107,0
DA:108,0
DA:110,0
DA:117,0
DA:118,0
DA:119,0
DA:120,0
DA:121,0
DA:127,0
DA:128,0
DA:130,0
DA:131,0
DA:133,0
DA:135,0
DA:141,0
DA:143,0
DA:145,0
DA:151,0
DA:152,0
DA:154,0
DA:155,0
DA:164,0
DA:165,0
DA:168,0
DA:172,0
DA:173,0
DA:175,0
DA:176,0
DA:177,0
DA:181,0
DA:182,0
DA:183,0
DA:187,0
DA:188,0
DA:189,0
DA:190,0
LF:74
LH:0
BRDA:16,0,0,0
BRDA:35,1,0,0
BRDA:52,2,0,0
BRDA:52,3,0,0
BRDA:62,4,0,0
BRDA:65,5,0,0
BRDA:73,6,0,0
BRDA:76,7,0,0
BRDA:91,8,0,0
BRDA:106,9,0,0
BRDA:128,10,0,0
BRDA:142,11,0,0
BRDA:142,11,1,0
BRDA:152,12,0,0
BRDA:173,13,0,0
BRF:15
BRH:0
end_of_record
