TN:
SF:src\api.ts
FN:6,initializeAudioEngine
FN:15,getEngine
FN:22,processStream
FN:27,processStreamChunked
FN:38,destroyEngine
FN:47,getEngineStatus
FN:54,getDiagnostics
FN:59,onMetricsUpdate
FNF:8
FNH:8
FNDA:18,initializeAudioEngine
FNDA:15,getEngine
FNDA:3,processStream
FNDA:3,processStreamChunked
FNDA:29,destroyEngine
FNDA:7,getEngineStatus
FNDA:3,getDiagnostics
FNDA:3,onMetricsUpdate
DA:1,1
DA:4,1
DA:6,1
DA:7,18
DA:8,1
DA:11,17
DA:12,17
DA:15,1
DA:16,15
DA:17,6
DA:19,9
DA:22,1
DA:23,3
DA:24,2
DA:27,1
DA:34,3
DA:35,2
DA:38,1
DA:39,29
DA:40,11
DA:43,18
DA:44,17
DA:47,1
DA:48,7
DA:49,3
DA:51,4
DA:54,1
DA:55,3
DA:56,2
DA:59,1
DA:60,3
DA:61,2
LF:32
LH:32
BRDA:7,0,0,1
BRDA:16,1,0,6
BRDA:39,2,0,11
BRDA:43,3,0,18
BRDA:43,3,1,4
BRDA:48,4,0,3
BRF:6
BRH:6
end_of_record
TN:
SF:src\core\EventEmitter.ts
FN:3,(anonymous_0)
FN:6,(anonymous_1)
FN:13,(anonymous_2)
FN:23,(anonymous_3)
FN:26,(anonymous_4)
FN:36,(anonymous_5)
FN:37,(anonymous_6)
FN:44,(anonymous_7)
FN:52,(anonymous_8)
FNF:9
FNH:4
FNDA:17,(anonymous_0)
FNDA:2,(anonymous_1)
FNDA:0,(anonymous_2)
FNDA:28,(anonymous_3)
FNDA:3,(anonymous_4)
FNDA:0,(anonymous_5)
FNDA:0,(anonymous_6)
FNDA:0,(anonymous_7)
FNDA:0,(anonymous_8)
DA:3,2
DA:4,17
DA:7,2
DA:8,2
DA:10,2
DA:14,0
DA:15,0
DA:16,0
DA:17,0
DA:18,0
DA:24,28
DA:25,28
DA:26,3
DA:27,3
DA:28,3
DA:30,0
DA:37,0
DA:38,0
DA:39,0
DA:41,0
DA:45,0
DA:46,0
DA:48,0
DA:53,0
DA:54,0
LF:25
LH:10
BRDA:7,0,0,2
BRDA:15,1,0,0
BRDA:17,2,0,0
BRDA:25,3,0,3
BRDA:45,4,0,0
BRDA:45,4,1,0
BRDA:54,5,0,0
BRDA:54,5,1,0
BRF:8
BRH:2
end_of_record
TN:
SF:src\core\Logger.ts
FN:8,(anonymous_0)
FN:12,(anonymous_1)
FN:16,(anonymous_2)
FN:20,(anonymous_3)
FN:27,(anonymous_4)
FN:48,(anonymous_5)
FN:52,(anonymous_6)
FN:56,(anonymous_7)
FN:60,(anonymous_8)
FNF:9
FNH:0
FNDA:0,(anonymous_0)
FNDA:0,(anonymous_1)
FNDA:0,(anonymous_2)
FNDA:0,(anonymous_3)
FNDA:0,(anonymous_4)
FNDA:0,(anonymous_5)
FNDA:0,(anonymous_6)
FNDA:0,(anonymous_7)
FNDA:0,(anonymous_8)
DA:3,1
DA:4,0
DA:9,0
DA:13,0
DA:17,0
DA:21,0
DA:22,0
DA:23,0
DA:24,0
DA:28,0
DA:30,0
DA:31,0
DA:33,0
DA:34,0
DA:36,0
DA:40,0
DA:41,0
DA:43,0
DA:49,0
DA:53,0
DA:57,0
DA:61,0
LF:22
LH:1
BRDA:8,0,0,0
BRDA:24,1,0,0
BRDA:24,1,1,0
BRDA:28,2,0,0
BRDA:33,3,0,0
BRDA:33,3,1,0
BRDA:36,4,0,0
BRDA:36,4,1,0
BRDA:37,5,0,0
BRDA:37,5,1,0
BRDA:40,6,0,0
BRDA:40,6,1,0
BRF:12
BRH:0
end_of_record
TN:
SF:src\core\MurmubaraEngine.ts
FN:36,(anonymous_0)
FN:66,(anonymous_1)
FN:67,(anonymous_2)
FN:72,(anonymous_3)
FN:77,(anonymous_4)
FN:80,(anonymous_5)
FN:86,(anonymous_6)
FN:93,(anonymous_7)
FN:103,(anonymous_8)
FN:119,(anonymous_9)
FN:166,(anonymous_10)
FN:184,(anonymous_11)
FN:198,(anonymous_12)
FN:199,(anonymous_13)
FN:200,(anonymous_14)
FN:216,(anonymous_15)
FN:229,(anonymous_16)
FN:248,(anonymous_17)
FN:255,(anonymous_18)
FN:256,(anonymous_19)
FN:257,(anonymous_20)
FN:268,(anonymous_21)
FN:292,(anonymous_22)
FN:301,(anonymous_23)
FN:325,(anonymous_24)
FN:356,(anonymous_25)
FN:406,(anonymous_26)
FN:412,(anonymous_27)
FN:502,(anonymous_28)
FN:520,(anonymous_29)
FN:525,(anonymous_30)
FN:530,(anonymous_31)
FN:536,(anonymous_32)
FN:546,(anonymous_33)
FN:550,(anonymous_34)
FN:614,(anonymous_35)
FN:618,(anonymous_36)
FN:622,(anonymous_37)
FN:658,(anonymous_38)
FN:667,(anonymous_39)
FN:673,(anonymous_40)
FN:683,(anonymous_41)
FN:770,(anonymous_42)
FN:771,(anonymous_43)
FNF:44
FNH:0
FNDA:0,(anonymous_0)
FNDA:0,(anonymous_1)
FNDA:0,(anonymous_2)
FNDA:0,(anonymous_3)
FNDA:0,(anonymous_4)
FNDA:0,(anonymous_5)
FNDA:0,(anonymous_6)
FNDA:0,(anonymous_7)
FNDA:0,(anonymous_8)
FNDA:0,(anonymous_9)
FNDA:0,(anonymous_10)
FNDA:0,(anonymous_11)
FNDA:0,(anonymous_12)
FNDA:0,(anonymous_13)
FNDA:0,(anonymous_14)
FNDA:0,(anonymous_15)
FNDA:0,(anonymous_16)
FNDA:0,(anonymous_17)
FNDA:0,(anonymous_18)
FNDA:0,(anonymous_19)
FNDA:0,(anonymous_20)
FNDA:0,(anonymous_21)
FNDA:0,(anonymous_22)
FNDA:0,(anonymous_23)
FNDA:0,(anonymous_24)
FNDA:0,(anonymous_25)
FNDA:0,(anonymous_26)
FNDA:0,(anonymous_27)
FNDA:0,(anonymous_28)
FNDA:0,(anonymous_29)
FNDA:0,(anonymous_30)
FNDA:0,(anonymous_31)
FNDA:0,(anonymous_32)
FNDA:0,(anonymous_33)
FNDA:0,(anonymous_34)
FNDA:0,(anonymous_35)
FNDA:0,(anonymous_36)
FNDA:0,(anonymous_37)
FNDA:0,(anonymous_38)
FNDA:0,(anonymous_39)
FNDA:0,(anonymous_40)
FNDA:0,(anonymous_41)
FNDA:0,(anonymous_42)
FNDA:0,(anonymous_43)
DA:1,1
DA:2,1
DA:3,1
DA:4,1
DA:5,1
DA:6,1
DA:7,1
DA:20,1
DA:27,0
DA:34,0
DA:37,0
DA:39,0
DA:52,0
DA:53,0
DA:54,0
DA:55,0
DA:58,0
DA:59,0
DA:60,0
DA:62,0
DA:63,0
DA:67,0
DA:68,0
DA:69,0
DA:72,0
DA:73,0
DA:78,0
DA:80,0
DA:81,0
DA:82,0
DA:85,0
DA:86,0
DA:87,0
DA:88,0
DA:93,0
DA:94,0
DA:95,0
DA:96,0
DA:100,0
DA:104,0
DA:105,0
DA:108,0
DA:109,0
DA:115,0
DA:116,0
DA:120,0
DA:122,0
DA:123,0
DA:126,0
DA:127,0
DA:131,0
DA:132,0
DA:135,0
DA:136,0
DA:139,0
DA:141,0
DA:142,0
DA:143,0
DA:146,0
DA:147,0
DA:149,0
DA:154,0
DA:157,0
DA:158,0
DA:159,0
DA:161,0
DA:168,0
DA:172,0
DA:174,0
DA:175,0
DA:177,0
DA:178,0
DA:181,0
DA:185,0
DA:186,0
DA:187,0
DA:190,0
DA:191,0
DA:194,0
DA:199,0
DA:200,0
DA:203,0
DA:204,0
DA:209,0
DA:210,0
DA:212,0
DA:217,0
DA:218,0
DA:224,0
DA:225,0
DA:230,0
DA:231,0
DA:234,0
DA:235,0
DA:236,0
DA:238,0
DA:239,0
DA:244,0
DA:245,0
DA:249,0
DA:252,0
DA:253,0
DA:255,0
DA:256,0
DA:257,0
DA:258,0
DA:262,0
DA:263,0
DA:264,0
DA:267,0
DA:269,0
DA:270,0
DA:272,0
DA:277,0
DA:278,0
DA:279,0
DA:283,0
DA:284,0
DA:287,0
DA:289,0
DA:293,0
DA:294,0
DA:296,0
DA:297,0
DA:302,0
DA:303,0
DA:307,0
DA:310,0
DA:317,0
DA:318,0
DA:319,0
DA:322,0
DA:329,0
DA:331,0
DA:332,0
DA:334,0
DA:335,0
DA:336,0
DA:338,0
DA:339,0
DA:340,0
DA:343,0
DA:346,0
DA:351,0
DA:352,0
DA:361,0
DA:362,0
DA:365,0
DA:366,0
DA:367,0
DA:370,0
DA:371,0
DA:372,0
DA:373,0
DA:375,0
DA:376,0
DA:377,0
DA:378,0
DA:380,0
DA:381,0
DA:382,0
DA:383,0
DA:385,0
DA:386,0
DA:387,0
DA:388,0
DA:390,0
DA:391,0
DA:392,0
DA:393,0
DA:397,0
DA:398,0
DA:406,0
DA:407,0
DA:408,0
DA:412,0
DA:413,0
DA:414,0
DA:415,0
DA:418,0
DA:419,0
DA:422,0
DA:423,0
DA:424,0
DA:427,0
DA:428,0
DA:432,0
DA:433,0
DA:437,0
DA:438,0
DA:439,0
DA:441,0
DA:442,0
DA:443,0
DA:445,0
DA:446,0
DA:449,0
DA:450,0
DA:451,0
DA:452,0
DA:456,0
DA:457,0
DA:458,0
DA:460,0
DA:464,0
DA:465,0
DA:466,0
DA:468,0
DA:473,0
DA:474,0
DA:475,0
DA:478,0
DA:479,0
DA:480,0
DA:481,0
DA:482,0
DA:487,0
DA:488,0
DA:489,0
DA:490,0
DA:491,0
DA:492,0
DA:494,0
DA:503,0
DA:506,0
DA:507,0
DA:510,0
DA:511,0
DA:512,0
DA:513,0
DA:515,0
DA:516,0
DA:517,0
DA:521,0
DA:522,0
DA:523,0
DA:526,0
DA:527,0
DA:528,0
DA:530,0
DA:533,0
DA:537,0
DA:538,0
DA:539,0
DA:540,0
DA:541,0
DA:542,0
DA:547,0
DA:551,0
DA:552,0
DA:553,0
DA:555,0
DA:562,0
DA:563,0
DA:565,0
DA:567,0
DA:568,0
DA:570,0
DA:573,0
DA:576,0
DA:579,0
DA:580,0
DA:581,0
DA:582,0
DA:586,0
DA:587,0
DA:591,0
DA:592,0
DA:596,0
DA:598,0
DA:599,0
DA:600,0
DA:603,0
DA:604,0
DA:609,0
DA:610,0
DA:615,0
DA:619,0
DA:623,0
DA:624,0
DA:631,0
DA:637,0
DA:659,0
DA:660,0
DA:661,0
DA:662,0
DA:663,0
DA:664,0
DA:668,0
DA:669,0
DA:670,0
DA:674,0
DA:675,0
DA:676,0
DA:677,0
DA:678,0
DA:679,0
DA:680,0
DA:684,0
DA:693,0
DA:699,0
DA:700,0
DA:701,0
DA:702,0
DA:704,0
DA:706,0
DA:707,0
DA:710,0
DA:716,0
DA:717,0
DA:718,0
DA:719,0
DA:721,0
DA:722,0
DA:724,0
DA:726,0
DA:727,0
DA:730,0
DA:736,0
DA:737,0
DA:738,0
DA:739,0
DA:741,0
DA:743,0
DA:744,0
DA:747,0
DA:753,0
DA:754,0
DA:755,0
DA:756,0
DA:757,0
DA:758,0
DA:759,0
DA:761,0
DA:764,0
DA:766,0
DA:767,0
DA:770,0
DA:771,0
DA:773,0
LF:340
LH:8
BRDA:36,0,0,0
BRDA:40,1,0,0
BRDA:40,1,1,0
BRDA:41,2,0,0
BRDA:41,2,1,0
BRDA:42,3,0,0
BRDA:42,3,1,0
BRDA:43,4,0,0
BRDA:43,4,1,0
BRDA:44,5,0,0
BRDA:44,5,1,0
BRDA:45,6,0,0
BRDA:45,6,1,0
BRDA:46,7,0,0
BRDA:46,7,1,0
BRDA:47,8,0,0
BRDA:47,8,1,0
BRDA:48,9,0,0
BRDA:48,9,1,0
BRDA:49,10,0,0
BRDA:49,10,1,0
BRDA:54,11,0,0
BRDA:78,12,0,0
BRDA:81,13,0,0
BRDA:85,14,0,0
BRDA:85,15,0,0
BRDA:85,15,1,0
BRDA:94,16,0,0
BRDA:104,17,0,0
BRDA:108,18,0,0
BRDA:126,19,0,0
BRDA:151,20,0,0
BRDA:151,20,1,0
BRDA:157,21,0,0
BRDA:157,21,1,0
BRDA:169,22,0,0
BRDA:169,22,1,0
BRDA:174,23,0,0
BRDA:177,24,0,0
BRDA:181,25,0,0
BRDA:181,25,1,0
BRDA:186,26,0,0
BRDA:186,26,1,0
BRDA:190,27,0,0
BRDA:194,28,0,0
BRDA:194,28,1,0
BRDA:209,29,0,0
BRDA:209,30,0,0
BRDA:209,30,1,0
BRDA:217,31,0,0
BRDA:217,31,1,0
BRDA:224,32,0,0
BRDA:234,33,0,0
BRDA:263,34,0,0
BRDA:269,35,0,0
BRDA:278,36,0,0
BRDA:302,37,0,0
BRDA:302,38,0,0
BRDA:302,38,1,0
BRDA:302,38,2,0
BRDA:302,38,3,0
BRDA:338,39,0,0
BRDA:348,40,0,0
BRDA:348,40,1,0
BRDA:361,41,0,0
BRDA:397,42,0,0
BRDA:413,43,0,0
BRDA:413,44,0,0
BRDA:413,44,1,0
BRDA:432,45,0,0
BRDA:432,46,0,0
BRDA:432,46,1,0
BRDA:432,46,2,0
BRDA:465,47,0,0
BRDA:465,47,1,0
BRDA:478,48,0,0
BRDA:481,49,0,0
BRDA:481,49,1,0
BRDA:506,50,0,0
BRDA:515,51,0,0
BRDA:537,52,0,0
BRDA:537,52,1,0
BRDA:537,52,2,0
BRDA:537,52,3,0
BRDA:537,52,4,0
BRDA:550,53,0,0
BRDA:551,54,0,0
BRDA:552,55,0,0
BRDA:552,55,1,0
BRDA:579,56,0,0
BRDA:580,57,0,0
BRDA:581,58,0,0
BRDA:582,59,0,0
BRDA:586,60,0,0
BRDA:586,61,0,0
BRDA:586,61,1,0
BRDA:591,62,0,0
BRDA:606,63,0,0
BRDA:606,63,1,0
BRDA:623,64,0,0
BRDA:623,64,1,0
BRDA:626,65,0,0
BRDA:626,65,1,0
BRDA:628,66,0,0
BRDA:628,66,1,0
BRDA:644,67,0,0
BRDA:644,67,1,0
BRDA:660,68,0,0
BRDA:661,69,0,0
BRDA:662,70,0,0
BRDA:663,71,0,0
BRDA:670,72,0,0
BRDA:670,72,1,0
BRDA:675,73,0,0
BRDA:675,74,0,0
BRDA:675,74,1,0
BRDA:676,75,0,0
BRDA:677,76,0,0
BRDA:678,77,0,0
BRDA:679,78,0,0
BRDA:700,79,0,0
BRDA:700,79,1,0
BRDA:718,80,0,0
BRDA:724,81,0,0
BRDA:724,81,1,0
BRDA:737,82,0,0
BRDA:737,82,1,0
BRDA:755,83,0,0
BRDA:755,83,1,0
BRDA:755,84,0,0
BRDA:755,84,1,0
BRDA:759,85,0,0
BRDA:759,85,1,0
BRDA:764,86,0,0
BRDA:764,86,1,0
BRF:135
BRH:0
end_of_record
TN:
SF:src\core\StateManager.ts
FN:9,(anonymous_0)
FN:22,(anonymous_1)
FN:26,(anonymous_2)
FN:31,(anonymous_3)
FN:45,(anonymous_4)
FN:49,(anonymous_5)
FN:58,(anonymous_6)
FNF:7
FNH:0
FNDA:0,(anonymous_0)
FNDA:0,(anonymous_1)
FNDA:0,(anonymous_2)
FNDA:0,(anonymous_3)
FNDA:0,(anonymous_4)
FNDA:0,(anonymous_5)
FNDA:0,(anonymous_6)
DA:2,1
DA:9,1
DA:10,0
DA:11,0
DA:23,0
DA:27,0
DA:28,0
DA:32,0
DA:33,0
DA:36,0
DA:39,0
DA:40,0
DA:41,0
DA:42,0
DA:46,0
DA:50,0
DA:51,0
DA:59,0
DA:60,0
DA:61,0
DA:62,0
LF:21
LH:2
BRDA:27,0,0,0
BRDA:27,0,1,0
BRDA:32,1,0,0
BRDA:50,2,0,0
BRDA:61,3,0,0
BRF:5
BRH:0
end_of_record
TN:
SF:src\engines\RNNoiseEngine.ts
FN:3,(anonymous_0)
FN:13,(anonymous_1)
FN:21,(anonymous_2)
FN:30,(anonymous_3)
FN:59,(anonymous_4)
FN:87,(anonymous_5)
FNF:6
FNH:0
FNDA:0,(anonymous_0)
FNDA:0,(anonymous_1)
FNDA:0,(anonymous_2)
FNDA:0,(anonymous_3)
FNDA:0,(anonymous_4)
FNDA:0,(anonymous_5)
DA:3,0
DA:4,0
DA:5,0
DA:6,0
DA:8,0
DA:9,0
DA:10,0
DA:11,0
DA:14,0
DA:16,0
DA:19,0
DA:20,0
DA:21,0
DA:22,0
DA:23,0
DA:24,0
DA:28,0
DA:29,0
DA:31,0
DA:32,0
DA:34,0
DA:39,0
DA:40,0
DA:41,0
DA:45,0
DA:46,0
DA:49,0
DA:50,0
DA:51,0
DA:52,0
DA:55,0
DA:56,0
DA:60,0
DA:61,0
DA:64,0
DA:65,0
DA:69,0
DA:72,0
DA:79,0
DA:80,0
DA:81,0
DA:84,0
DA:88,0
DA:89,0
DA:90,0
DA:91,0
DA:92,0
DA:93,0
DA:94,0
LF:49
LH:0
BRDA:14,0,0,0
BRDA:31,1,0,0
BRDA:40,2,0,0
BRDA:60,3,0,0
BRDA:64,4,0,0
BRDA:88,5,0,0
BRDA:88,6,0,0
BRDA:88,6,1,0
BRF:8
BRH:0
end_of_record
TN:
SF:src\engines\index.ts
FN:4,createAudioEngine
FNF:1
FNH:0
FNDA:0,createAudioEngine
DA:2,0
DA:4,0
DA:5,0
DA:7,0
DA:9,0
DA:11,0
DA:13,0
LF:7
LH:0
BRDA:5,0,0,0
BRDA:5,0,1,0
BRDA:5,0,2,0
BRDA:5,0,3,0
BRF:4
BRH:0
end_of_record
TN:
SF:src\hooks\useAudioEngine.ts
FN:5,(anonymous_0)
FN:27,(anonymous_1)
FN:57,(anonymous_2)
FN:97,(anonymous_3)
FN:107,(anonymous_4)
FN:114,(anonymous_5)
FN:124,(anonymous_6)
FN:172,(anonymous_7)
FN:187,(anonymous_8)
FN:217,(anonymous_9)
FN:238,(anonymous_10)
FN:263,calculateRMS
FNF:12
FNH:0
FNDA:0,(anonymous_0)
FNDA:0,(anonymous_1)
FNDA:0,(anonymous_2)
FNDA:0,(anonymous_3)
FNDA:0,(anonymous_4)
FNDA:0,(anonymous_5)
FNDA:0,(anonymous_6)
FNDA:0,(anonymous_7)
FNDA:0,(anonymous_8)
FNDA:0,(anonymous_9)
FNDA:0,(anonymous_10)
FNDA:0,calculateRMS
DA:1,0
DA:2,0
DA:5,0
DA:6,0
DA:7,0
DA:8,0
DA:9,0
DA:10,0
DA:11,0
DA:12,0
DA:13,0
DA:14,0
DA:27,0
DA:28,0
DA:30,0
DA:31,0
DA:33,0
DA:34,0
DA:37,0
DA:38,0
DA:39,0
DA:42,0
DA:49,0
DA:52,0
DA:55,0
DA:57,0
DA:58,0
DA:59,0
DA:61,0
DA:62,0
DA:63,0
DA:67,0
DA:70,0
DA:71,0
DA:72,0
DA:76,0
DA:77,0
DA:78,0
DA:81,0
DA:84,0
DA:85,0
DA:88,0
DA:89,0
DA:90,0
DA:93,0
DA:94,0
DA:97,0
DA:100,0
DA:101,0
DA:102,0
DA:103,0
DA:105,0
DA:107,0
DA:108,0
DA:109,0
DA:110,0
DA:112,0
DA:113,0
DA:114,0
DA:115,0
DA:117,0
DA:121,0
DA:122,0
DA:124,0
DA:125,0
DA:129,0
DA:130,0
DA:132,0
DA:141,0
DA:142,0
DA:147,0
DA:148,0
DA:149,0
DA:150,0
DA:151,0
DA:152,0
DA:154,0
DA:159,0
DA:160,0
DA:161,0
DA:164,0
DA:165,0
DA:166,0
DA:168,0
DA:172,0
DA:173,0
DA:187,0
DA:188,0
DA:189,0
DA:190,0
DA:191,0
DA:195,0
DA:196,0
DA:199,0
DA:201,0
DA:217,0
DA:218,0
DA:219,0
DA:222,0
DA:223,0
DA:227,0
DA:229,0
DA:230,0
DA:232,0
DA:233,0
DA:235,0
DA:238,0
DA:239,0
DA:240,0
DA:242,0
DA:243,0
DA:244,0
DA:246,0
DA:247,0
DA:251,0
DA:264,0
DA:265,0
DA:266,0
DA:268,0
LF:119
LH:0
BRDA:5,0,0,0
BRDA:28,1,0,0
BRDA:28,2,0,0
BRDA:28,2,1,0
BRDA:61,3,0,0
BRDA:61,4,0,0
BRDA:61,4,1,0
BRDA:105,5,0,0
BRDA:105,5,1,0
BRDA:110,6,0,0
BRDA:110,6,1,0
BRDA:122,7,0,0
BRDA:122,8,0,0
BRDA:122,8,1,0
BRDA:125,9,0,0
BRDA:129,10,0,0
BRDA:130,11,0,0
BRDA:130,11,1,0
BRDA:131,12,0,0
BRDA:131,12,1,0
BRDA:137,13,0,0
BRDA:137,13,1,0
BRDA:148,14,0,0
BRDA:148,14,1,0
BRDA:165,15,0,0
BRDA:165,15,1,0
BRDA:190,16,0,0
BRDA:190,16,1,0
BRDA:191,17,0,0
BRDA:191,17,1,0
BRDA:195,18,0,0
BRDA:195,18,1,0
BRDA:196,19,0,0
BRDA:196,19,1,0
BRDA:218,20,0,0
BRDA:222,21,0,0
BRDA:222,22,0,0
BRDA:222,22,1,0
BRDA:239,23,0,0
BRDA:242,24,0,0
BRDA:246,25,0,0
BRDA:246,26,0,0
BRDA:246,26,1,0
BRF:43
BRH:0
end_of_record
TN:
SF:src\hooks\useMurmubaraEngine.ts
FN:3,(anonymous_4)
FN:12,(anonymous_5)
FNF:2
FNH:0
FNDA:0,(anonymous_4)
FNDA:0,(anonymous_5)
DA:2,0
DA:3,0
DA:6,0
DA:12,0
LF:4
LH:0
BRF:0
BRH:0
end_of_record
TN:
SF:src\hooks\murmuraba-engine\audioExporter.ts
FN:5,(anonymous_0)
FN:8,(anonymous_1)
FN:15,(anonymous_2)
FN:39,(anonymous_3)
FN:60,(anonymous_4)
FN:100,(anonymous_5)
FNF:6
FNH:0
FNDA:0,(anonymous_0)
FNDA:0,(anonymous_1)
FNDA:0,(anonymous_2)
FNDA:0,(anonymous_3)
FNDA:0,(anonymous_4)
FNDA:0,(anonymous_5)
DA:2,0
DA:3,0
DA:5,0
DA:6,0
DA:9,0
DA:19,0
DA:20,0
DA:21,0
DA:24,0
DA:26,0
DA:27,0
DA:29,0
DA:30,0
DA:33,0
DA:44,0
DA:45,0
DA:46,0
DA:49,0
DA:51,0
DA:52,0
DA:54,0
DA:67,0
DA:68,0
DA:70,0
DA:71,0
DA:72,0
DA:73,0
DA:75,0
DA:76,0
DA:77,0
DA:78,0
DA:79,0
DA:80,0
DA:81,0
DA:82,0
DA:83,0
DA:85,0
DA:89,0
DA:90,0
DA:91,0
DA:92,0
DA:95,0
DA:96,0
DA:97,0
DA:100,0
DA:102,0
LF:46
LH:0
BRDA:19,0,0,0
BRDA:19,0,1,0
BRDA:20,1,0,0
BRDA:29,2,0,0
BRDA:42,3,0,0
BRDA:44,4,0,0
BRDA:44,4,1,0
BRDA:45,5,0,0
BRDA:68,6,0,0
BRDA:68,6,1,0
BRDA:70,7,0,0
BRDA:70,7,1,0
BRDA:71,8,0,0
BRDA:71,8,1,0
BRDA:72,9,0,0
BRDA:78,10,0,0
BRDA:78,10,1,0
BRDA:81,11,0,0
BRDA:81,11,1,0
BRF:19
BRH:0
end_of_record
TN:
SF:src\hooks\murmuraba-engine\chunkManager.ts
FN:8,(anonymous_0)
FN:15,(anonymous_1)
FN:27,(anonymous_2)
FN:43,(anonymous_3)
FN:48,(anonymous_4)
FN:57,(anonymous_5)
FN:61,(anonymous_6)
FN:70,(anonymous_7)
FN:71,(anonymous_8)
FN:77,(anonymous_9)
FN:79,(anonymous_10)
FN:87,(anonymous_11)
FN:88,(anonymous_12)
FN:91,(anonymous_13)
FNF:14
FNH:0
FNDA:0,(anonymous_0)
FNDA:0,(anonymous_1)
FNDA:0,(anonymous_2)
FNDA:0,(anonymous_3)
FNDA:0,(anonymous_4)
FNDA:0,(anonymous_5)
FNDA:0,(anonymous_6)
FNDA:0,(anonymous_7)
FNDA:0,(anonymous_8)
FNDA:0,(anonymous_9)
FNDA:0,(anonymous_10)
FNDA:0,(anonymous_11)
FNDA:0,(anonymous_12)
FNDA:0,(anonymous_13)
DA:3,0
DA:5,0
DA:9,0
DA:19,0
DA:22,0
DA:23,0
DA:26,0
DA:27,0
DA:28,0
DA:31,0
DA:34,0
DA:48,0
DA:61,0
DA:71,0
DA:79,0
DA:80,0
DA:88,0
DA:89,0
DA:91,0
DA:92,0
LF:20
LH:0
BRDA:22,0,0,0
BRDA:50,1,0,0
BRDA:50,1,1,0
BRDA:63,2,0,0
BRDA:63,2,1,0
BRDA:89,3,0,0
BRF:6
BRH:0
end_of_record
TN:
SF:src\hooks\murmuraba-engine\constants.ts
FNF:0
FNH:0
DA:7,0
DA:8,0
DA:11,0
DA:12,0
DA:13,0
DA:16,0
DA:17,0
DA:24,0
LF:8
LH:0
BRF:0
BRH:0
end_of_record
TN:
SF:src\hooks\murmuraba-engine\index.ts
FN:2,(anonymous_0)
FN:14,(anonymous_1)
FN:15,(anonymous_2)
FN:16,(anonymous_3)
FN:17,(anonymous_4)
FN:18,(anonymous_5)
FNF:6
FNH:0
FNDA:0,(anonymous_0)
FNDA:0,(anonymous_1)
FNDA:0,(anonymous_2)
FNDA:0,(anonymous_3)
FNDA:0,(anonymous_4)
FNDA:0,(anonymous_5)
DA:2,0
DA:13,0
DA:14,0
DA:15,0
DA:16,0
DA:17,0
DA:18,0
LF:7
LH:0
BRF:0
BRH:0
end_of_record
TN:
SF:src\hooks\murmuraba-engine\playbackManager.ts
FN:4,(anonymous_0)
FN:10,(anonymous_1)
FN:30,(anonymous_2)
FN:34,(anonymous_3)
FN:63,(anonymous_4)
FN:64,(anonymous_5)
FN:75,(anonymous_6)
FN:78,(anonymous_7)
FN:86,(anonymous_8)
FN:92,(anonymous_9)
FN:93,(anonymous_10)
FNF:11
FNH:0
FNDA:0,(anonymous_0)
FNDA:0,(anonymous_1)
FNDA:0,(anonymous_2)
FNDA:0,(anonymous_3)
FNDA:0,(anonymous_4)
FNDA:0,(anonymous_5)
FNDA:0,(anonymous_6)
FNDA:0,(anonymous_7)
FNDA:0,(anonymous_8)
FNDA:0,(anonymous_9)
FNDA:0,(anonymous_10)
DA:2,0
DA:4,0
DA:5,0
DA:15,0
DA:16,0
DA:17,0
DA:18,0
DA:22,0
DA:23,0
DA:25,0
DA:26,0
DA:27,0
DA:30,0
DA:31,0
DA:34,0
DA:35,0
DA:36,0
DA:40,0
DA:42,0
DA:43,0
DA:44,0
DA:47,0
DA:50,0
DA:51,0
DA:52,0
DA:54,0
DA:55,0
DA:64,0
DA:65,0
DA:66,0
DA:67,0
DA:76,0
DA:78,0
DA:79,0
DA:80,0
DA:81,0
DA:82,0
DA:86,0
DA:93,0
DA:94,0
DA:95,0
DA:97,0
LF:42
LH:0
BRDA:15,0,0,0
BRDA:15,0,1,0
BRDA:16,1,0,0
BRDA:25,2,0,0
BRDA:40,3,0,0
BRDA:40,3,1,0
BRDA:65,4,0,0
BRDA:79,5,0,0
BRF:8
BRH:0
end_of_record
TN:
SF:src\hooks\murmuraba-engine\recordingFunctions.ts
FN:24,createRecordingFunctions
FN:42,(anonymous_1)
FN:72,(anonymous_2)
FN:85,(anonymous_3)
FN:86,(anonymous_4)
FN:101,(anonymous_5)
FN:109,(anonymous_6)
FN:112,(anonymous_7)
FN:117,(anonymous_8)
FN:132,(anonymous_9)
FN:135,(anonymous_10)
FN:142,(anonymous_11)
FN:145,(anonymous_12)
FN:152,(anonymous_13)
FN:154,(anonymous_14)
FNF:15
FNH:0
FNDA:0,createRecordingFunctions
FNDA:0,(anonymous_1)
FNDA:0,(anonymous_2)
FNDA:0,(anonymous_3)
FNDA:0,(anonymous_4)
FNDA:0,(anonymous_5)
FNDA:0,(anonymous_6)
FNDA:0,(anonymous_7)
FNDA:0,(anonymous_8)
FNDA:0,(anonymous_9)
FNDA:0,(anonymous_10)
FNDA:0,(anonymous_11)
FNDA:0,(anonymous_12)
FNDA:0,(anonymous_13)
FNDA:0,(anonymous_14)
DA:3,0
DA:4,0
DA:7,0
DA:24,0
DA:42,0
DA:43,0
DA:44,0
DA:45,0
DA:48,0
DA:57,0
DA:58,0
DA:61,0
DA:62,0
DA:64,0
DA:65,0
DA:68,0
DA:69,0
DA:72,0
DA:80,0
DA:86,0
DA:87,0
DA:93,0
DA:94,0
DA:101,0
DA:102,0
DA:104,0
DA:107,0
DA:108,0
DA:109,0
DA:111,0
DA:112,0
DA:117,0
DA:124,0
DA:125,0
DA:126,0
DA:132,0
DA:133,0
DA:134,0
DA:135,0
DA:142,0
DA:143,0
DA:144,0
DA:145,0
DA:152,0
DA:153,0
DA:154,0
DA:160,0
LF:47
LH:0
BRDA:42,0,0,0
BRDA:44,1,0,0
BRDA:94,2,0,0
BRDA:94,2,1,0
BRDA:107,3,0,0
BRDA:108,4,0,0
BRDA:111,5,0,0
BRDA:133,6,0,0
BRDA:133,7,0,0
BRDA:133,7,1,0
BRDA:143,8,0,0
BRDA:143,9,0,0
BRDA:143,9,1,0
BRF:13
BRH:0
end_of_record
TN:
SF:src\hooks\murmuraba-engine\recordingManager.ts
FN:21,(anonymous_0)
FN:26,(anonymous_1)
FN:36,(anonymous_2)
FN:57,(anonymous_3)
FN:67,(anonymous_4)
FN:77,(anonymous_5)
FN:81,(anonymous_6)
FN:86,(anonymous_7)
FN:109,(anonymous_8)
FN:138,(anonymous_9)
FN:204,(anonymous_10)
FN:229,(anonymous_11)
FN:241,(anonymous_12)
FNF:13
FNH:0
FNDA:0,(anonymous_0)
FNDA:0,(anonymous_1)
FNDA:0,(anonymous_2)
FNDA:0,(anonymous_3)
FNDA:0,(anonymous_4)
FNDA:0,(anonymous_5)
FNDA:0,(anonymous_6)
FNDA:0,(anonymous_7)
FNDA:0,(anonymous_8)
FNDA:0,(anonymous_9)
FNDA:0,(anonymous_10)
FNDA:0,(anonymous_11)
FNDA:0,(anonymous_12)
DA:4,0
DA:13,0
DA:14,0
DA:15,0
DA:16,0
DA:17,0
DA:18,0
DA:19,0
DA:21,0
DA:33,0
DA:34,0
DA:36,0
DA:37,0
DA:39,0
DA:40,0
DA:41,0
DA:44,0
DA:47,0
DA:54,0
DA:55,0
DA:57,0
DA:58,0
DA:59,0
DA:60,0
DA:61,0
DA:62,0
DA:67,0
DA:68,0
DA:69,0
DA:70,0
DA:71,0
DA:72,0
DA:77,0
DA:78,0
DA:81,0
DA:82,0
DA:86,0
DA:87,0
DA:88,0
DA:89,0
DA:100,0
DA:101,0
DA:104,0
DA:105,0
DA:109,0
DA:110,0
DA:112,0
DA:114,0
DA:115,0
DA:116,0
DA:119,0
DA:120,0
DA:121,0
DA:125,0
DA:129,0
DA:132,0
DA:145,0
DA:146,0
DA:148,0
DA:151,0
DA:152,0
DA:154,0
DA:155,0
DA:156,0
DA:157,0
DA:161,0
DA:162,0
DA:164,0
DA:165,0
DA:168,0
DA:195,0
DA:196,0
DA:198,0
DA:205,0
DA:207,0
DA:209,0
DA:210,0
DA:211,0
DA:214,0
DA:215,0
DA:218,0
DA:219,0
DA:223,0
DA:230,0
DA:231,0
DA:233,0
DA:234,0
DA:242,0
DA:243,0
DA:245,0
DA:246,0
LF:91
LH:0
BRDA:37,0,0,0
BRDA:58,1,0,0
BRDA:60,2,0,0
BRDA:60,3,0,0
BRDA:60,3,1,0
BRDA:68,4,0,0
BRDA:70,5,0,0
BRDA:70,6,0,0
BRDA:70,6,1,0
BRDA:88,7,0,0
BRDA:88,8,0,0
BRDA:88,8,1,0
BRDA:110,9,0,0
BRDA:114,10,0,0
BRDA:119,11,0,0
BRDA:154,12,0,0
BRDA:154,13,0,0
BRDA:154,13,1,0
BRDA:161,14,0,0
BRDA:161,14,1,0
BRDA:162,15,0,0
BRDA:162,15,1,0
BRDA:179,16,0,0
BRDA:179,16,1,0
BRDA:209,17,0,0
BRDA:214,18,0,0
BRDA:218,19,0,0
BRDA:230,20,0,0
BRDA:233,21,0,0
BRDA:242,22,0,0
BRDA:245,23,0,0
BRF:31
BRH:0
end_of_record
TN:
SF:src\hooks\murmuraba-engine\urlManager.ts
FN:9,(anonymous_0)
FN:16,(anonymous_1)
FN:30,(anonymous_2)
FN:33,(anonymous_3)
FN:43,(anonymous_4)
FN:44,(anonymous_5)
FN:45,(anonymous_6)
FN:55,(anonymous_7)
FN:57,(anonymous_8)
FNF:9
FNH:0
FNDA:0,(anonymous_0)
FNDA:0,(anonymous_1)
FNDA:0,(anonymous_2)
FNDA:0,(anonymous_3)
FNDA:0,(anonymous_4)
FNDA:0,(anonymous_5)
FNDA:0,(anonymous_6)
FNDA:0,(anonymous_7)
FNDA:0,(anonymous_8)
DA:6,0
DA:10,0
DA:17,0
DA:19,0
DA:20,0
DA:23,0
DA:24,0
DA:31,0
DA:32,0
DA:33,0
DA:34,0
DA:36,0
DA:44,0
DA:45,0
DA:46,0
DA:49,0
DA:56,0
DA:57,0
DA:58,0
DA:61,0
LF:20
LH:0
BRDA:19,0,0,0
BRDA:32,1,0,0
BRF:2
BRH:0
end_of_record
TN:
SF:src\hooks\murmuraba-engine\useMurmubaraEngine.ts
FN:44,useMurmubaraEngine
FN:91,(anonymous_10)
FN:107,(anonymous_11)
FN:122,(anonymous_12)
FN:128,(anonymous_13)
FN:162,(anonymous_14)
FN:202,(anonymous_15)
FN:212,(anonymous_16)
FN:223,(anonymous_17)
FN:235,(anonymous_18)
FN:246,(anonymous_19)
FN:267,(anonymous_20)
FN:277,(anonymous_21)
FN:278,(anonymous_22)
FN:286,(anonymous_23)
FN:287,(anonymous_24)
FN:296,(anonymous_25)
FN:304,(anonymous_26)
FN:307,(anonymous_27)
FN:308,(anonymous_28)
FN:314,(anonymous_29)
FN:319,(anonymous_30)
FN:322,(anonymous_31)
FN:331,(anonymous_32)
FN:335,(anonymous_33)
FN:338,(anonymous_34)
FN:390,(anonymous_35)
FNF:27
FNH:0
FNDA:0,useMurmubaraEngine
FNDA:0,(anonymous_10)
FNDA:0,(anonymous_11)
FNDA:0,(anonymous_12)
FNDA:0,(anonymous_13)
FNDA:0,(anonymous_14)
FNDA:0,(anonymous_15)
FNDA:0,(anonymous_16)
FNDA:0,(anonymous_17)
FNDA:0,(anonymous_18)
FNDA:0,(anonymous_19)
FNDA:0,(anonymous_20)
FNDA:0,(anonymous_21)
FNDA:0,(anonymous_22)
FNDA:0,(anonymous_23)
FNDA:0,(anonymous_24)
FNDA:0,(anonymous_25)
FNDA:0,(anonymous_26)
FNDA:0,(anonymous_27)
FNDA:0,(anonymous_28)
FNDA:0,(anonymous_29)
FNDA:0,(anonymous_30)
FNDA:0,(anonymous_31)
FNDA:0,(anonymous_32)
FNDA:0,(anonymous_33)
FNDA:0,(anonymous_34)
FNDA:0,(anonymous_35)
DA:1,0
DA:2,0
DA:12,0
DA:30,0
DA:31,0
DA:32,0
DA:33,0
DA:34,0
DA:35,0
DA:38,0
DA:44,0
DA:54,0
DA:57,0
DA:60,0
DA:61,0
DA:62,0
DA:63,0
DA:64,0
DA:65,0
DA:66,0
DA:72,0
DA:73,0
DA:74,0
DA:77,0
DA:78,0
DA:79,0
DA:80,0
DA:81,0
DA:84,0
DA:85,0
DA:86,0
DA:87,0
DA:88,0
DA:91,0
DA:92,0
DA:93,0
DA:94,0
DA:97,0
DA:98,0
DA:99,0
DA:100,0
DA:102,0
DA:107,0
DA:108,0
DA:109,0
DA:110,0
DA:111,0
DA:114,0
DA:115,0
DA:116,0
DA:119,0
DA:120,0
DA:122,0
DA:123,0
DA:124,0
DA:125,0
DA:128,0
DA:129,0
DA:133,0
DA:134,0
DA:136,0
DA:137,0
DA:138,0
DA:139,0
DA:142,0
DA:143,0
DA:144,0
DA:145,0
DA:147,0
DA:148,0
DA:151,0
DA:153,0
DA:154,0
DA:158,0
DA:162,0
DA:163,0
DA:164,0
DA:165,0
DA:166,0
DA:169,0
DA:171,0
DA:172,0
DA:173,0
DA:177,0
DA:178,0
DA:179,0
DA:183,0
DA:186,0
DA:188,0
DA:189,0
DA:190,0
DA:191,0
DA:192,0
DA:193,0
DA:195,0
DA:196,0
DA:197,0
DA:202,0
DA:206,0
DA:207,0
DA:209,0
DA:212,0
DA:217,0
DA:218,0
DA:220,0
DA:223,0
DA:228,0
DA:229,0
DA:231,0
DA:235,0
DA:236,0
DA:237,0
DA:238,0
DA:240,0
DA:241,0
DA:243,0
DA:246,0
DA:247,0
DA:251,0
DA:267,0
DA:271,0
DA:272,0
DA:274,0
DA:278,0
DA:286,0
DA:287,0
DA:296,0
DA:297,0
DA:298,0
DA:299,0
DA:304,0
DA:305,0
DA:306,0
DA:307,0
DA:308,0
DA:314,0
DA:319,0
DA:320,0
DA:322,0
DA:323,0
DA:324,0
DA:325,0
DA:331,0
DA:335,0
DA:336,0
DA:338,0
DA:339,0
DA:342,0
DA:345,0
DA:348,0
DA:352,0
DA:390,0
LF:152
LH:0
BRDA:45,0,0,0
BRDA:48,1,0,0
BRDA:49,2,0,0
BRDA:50,3,0,0
BRDA:52,4,0,0
BRDA:57,5,0,0
BRDA:57,5,1,0
BRDA:92,6,0,0
BRDA:109,7,0,0
BRDA:114,8,0,0
BRDA:142,9,0,0
BRDA:142,9,1,0
BRDA:147,10,0,0
BRDA:148,11,0,0
BRDA:148,11,1,0
BRDA:162,12,0,0
BRDA:164,13,0,0
BRDA:171,14,0,0
BRDA:177,15,0,0
BRDA:195,16,0,0
BRDA:195,16,1,0
BRDA:207,17,0,0
BRDA:218,18,0,0
BRDA:229,19,0,0
BRDA:240,20,0,0
BRDA:272,21,0,0
BRDA:297,22,0,0
BRDA:297,23,0,0
BRDA:297,23,1,0
BRDA:297,23,2,0
BRDA:305,24,0,0
BRDA:305,25,0,0
BRDA:305,25,1,0
BRDA:320,26,0,0
BRF:34
BRH:0
end_of_record
TN:
SF:src\managers\ChunkProcessor.ts
FN:33,(anonymous_0)
FN:66,(anonymous_1)
FN:84,(anonymous_2)
FN:117,(anonymous_3)
FN:147,(anonymous_4)
FN:180,(anonymous_5)
FN:235,(anonymous_6)
FN:254,(anonymous_7)
FN:266,(anonymous_8)
FN:267,(anonymous_9)
FN:282,(anonymous_10)
FNF:11
FNH:11
FNDA:17,(anonymous_0)
FNDA:26,(anonymous_1)
FNDA:14,(anonymous_2)
FNDA:14,(anonymous_3)
FNDA:14,(anonymous_4)
FNDA:14,(anonymous_5)
FNDA:3,(anonymous_6)
FNDA:4,(anonymous_7)
FNDA:1,(anonymous_8)
FNDA:1,(anonymous_9)
FNDA:3,(anonymous_10)
DA:1,2
DA:21,2
DA:24,17
DA:25,17
DA:26,17
DA:29,17
DA:30,17
DA:39,17
DA:40,17
DA:41,17
DA:42,17
DA:44,17
DA:51,17
DA:55,17
DA:68,26
DA:69,1
DA:72,26
DA:73,26
DA:76,26
DA:77,13
DA:85,14
DA:86,14
DA:89,14
DA:92,14
DA:95,14
DA:105,14
DA:108,14
DA:111,14
DA:118,14
DA:119,14
DA:120,14
DA:122,14
DA:123,26
DA:124,26
DA:127,26
DA:128,26
DA:129,26
DA:131,26
DA:133,17
DA:136,9
DA:140,14
DA:141,14
DA:148,14
DA:149,12
DA:152,2
DA:153,2
DA:156,2
DA:159,2
DA:160,1
DA:161,1
DA:164,1
DA:165,480
DA:166,480
DA:167,480
DA:172,2
DA:174,2
DA:186,14
DA:187,14
DA:188,14
DA:189,14
DA:191,14
DA:195,14
DA:214,14
DA:217,14
DA:218,14
DA:219,14
DA:221,1
DA:225,14
DA:236,3
DA:237,1
DA:240,1
DA:241,1
DA:242,1
DA:245,1
DA:248,3
DA:255,4
DA:256,4
DA:257,4
DA:258,4
DA:259,4
DA:260,4
DA:267,1
DA:268,1
DA:269,1
DA:271,1
DA:272,1
DA:273,1
DA:276,1
DA:288,3
LF:89
LH:89
BRDA:46,0,0,17
BRDA:46,0,1,1
BRDA:47,1,0,17
BRDA:47,1,1,15
BRDA:68,2,0,1
BRDA:122,3,0,40
BRDA:122,3,1,27
BRDA:131,4,0,17
BRDA:131,4,1,9
BRDA:148,5,0,12
BRDA:159,6,0,1
BRDA:191,7,0,0
BRDA:191,7,1,14
BRDA:217,8,0,14
BRDA:236,9,0,1
BRDA:241,10,0,1
BRF:16
BRH:15
end_of_record
TN:
SF:src\managers\MetricsManager.ts
FN:10,(anonymous_0)
FN:25,(anonymous_1)
FN:27,(anonymous_2)
FN:33,(anonymous_3)
FN:40,(anonymous_4)
FN:44,(anonymous_5)
FN:48,(anonymous_6)
FN:52,(anonymous_7)
FN:61,(anonymous_8)
FN:65,(anonymous_9)
FN:69,(anonymous_10)
FN:80,(anonymous_11)
FN:84,(anonymous_12)
FN:88,(anonymous_13)
FN:101,(anonymous_14)
FN:109,(anonymous_15)
FNF:16
FNH:0
FNDA:0,(anonymous_0)
FNDA:0,(anonymous_1)
FNDA:0,(anonymous_2)
FNDA:0,(anonymous_3)
FNDA:0,(anonymous_4)
FNDA:0,(anonymous_5)
FNDA:0,(anonymous_6)
FNDA:0,(anonymous_7)
FNDA:0,(anonymous_8)
FNDA:0,(anonymous_9)
FNDA:0,(anonymous_10)
FNDA:0,(anonymous_11)
FNDA:0,(anonymous_12)
FNDA:0,(anonymous_13)
FNDA:0,(anonymous_14)
FNDA:0,(anonymous_15)
DA:2,1
DA:10,1
DA:11,0
DA:22,0
DA:23,0
DA:26,0
DA:27,0
DA:28,0
DA:29,0
DA:34,0
DA:35,0
DA:36,0
DA:41,0
DA:45,0
DA:49,0
DA:53,0
DA:54,0
DA:55,0
DA:57,0
DA:58,0
DA:62,0
DA:66,0
DA:70,0
DA:71,0
DA:72,0
DA:75,0
DA:76,0
DA:77,0
DA:80,0
DA:81,0
DA:85,0
DA:89,0
DA:98,0
DA:102,0
DA:103,0
DA:104,0
DA:106,0
DA:110,0
DA:111,0
DA:112,0
DA:114,0
LF:41
LH:2
BRDA:25,0,0,0
BRDA:34,1,0,0
BRDA:52,2,0,0
BRDA:54,3,0,0
BRDA:70,4,0,0
BRF:5
BRH:0
end_of_record
TN:
SF:src\managers\WorkerManager.ts
FN:13,(anonymous_0)
FN:17,(anonymous_1)
FN:39,(anonymous_2)
FN:43,(anonymous_3)
FN:56,(anonymous_4)
FN:65,(anonymous_5)
FN:74,(anonymous_6)
FN:78,(anonymous_7)
FNF:8
FNH:0
FNDA:0,(anonymous_0)
FNDA:0,(anonymous_1)
FNDA:0,(anonymous_2)
FNDA:0,(anonymous_3)
FNDA:0,(anonymous_4)
FNDA:0,(anonymous_5)
FNDA:0,(anonymous_6)
FNDA:0,(anonymous_7)
DA:2,1
DA:9,1
DA:10,0
DA:14,0
DA:18,0
DA:19,0
DA:25,0
DA:26,0
DA:27,0
DA:28,0
DA:29,0
DA:31,0
DA:32,0
DA:40,0
DA:44,0
DA:45,0
DA:46,0
DA:52,0
DA:53,0
DA:57,0
DA:58,0
DA:59,0
DA:60,0
DA:61,0
DA:66,0
DA:67,0
DA:68,0
DA:69,0
DA:71,0
DA:75,0
DA:79,0
LF:31
LH:2
BRDA:18,0,0,0
BRDA:34,1,0,0
BRDA:34,1,1,0
BRDA:45,2,0,0
BRDA:58,3,0,0
BRF:5
BRH:0
end_of_record
TN:
SF:src\types\audio-types.ts
FN:119,(anonymous_0)
FNF:1
FNH:0
FNDA:0,(anonymous_0)
DA:115,1
DA:120,0
DA:121,0
DA:122,0
DA:123,0
DA:140,1
LF:6
LH:2
BRF:0
BRH:0
end_of_record
TN:
SF:src\types\index.ts
FNF:0
FNH:0
DA:2,1
LF:1
LH:1
BRF:0
BRH:0
end_of_record
TN:
SF:src\utils\AudioStreamManager.ts
FN:5,(anonymous_0)
FN:7,(anonymous_1)
FN:19,(anonymous_2)
FN:23,(anonymous_3)
FN:27,(anonymous_4)
FN:30,(anonymous_5)
FN:41,(anonymous_6)
FN:43,(anonymous_7)
FN:46,(anonymous_8)
FNF:9
FNH:0
FNDA:0,(anonymous_0)
FNDA:0,(anonymous_1)
FNDA:0,(anonymous_2)
FNDA:0,(anonymous_3)
FNDA:0,(anonymous_4)
FNDA:0,(anonymous_5)
FNDA:0,(anonymous_6)
FNDA:0,(anonymous_7)
FNDA:0,(anonymous_8)
DA:1,0
DA:2,0
DA:3,0
DA:5,0
DA:8,0
DA:9,0
DA:12,0
DA:13,0
DA:14,0
DA:16,0
DA:20,0
DA:24,0
DA:28,0
DA:29,0
DA:30,0
DA:31,0
DA:34,0
DA:35,0
DA:36,0
DA:37,0
DA:42,0
DA:43,0
DA:47,0
LF:23
LH:0
BRDA:8,0,0,0
BRDA:29,1,0,0
BRDA:35,2,0,0
BRF:3
BRH:0
end_of_record
TN:
SF:src\utils\MurmurabaProcessor.ts
FN:22,(anonymous_0)
FN:24,(anonymous_1)
FN:33,(anonymous_2)
FN:36,(anonymous_3)
FN:86,(anonymous_4)
FN:94,(anonymous_5)
FN:108,(anonymous_6)
FN:112,(anonymous_7)
FN:127,(anonymous_8)
FNF:9
FNH:0
FNDA:0,(anonymous_0)
FNDA:0,(anonymous_1)
FNDA:0,(anonymous_2)
FNDA:0,(anonymous_3)
FNDA:0,(anonymous_4)
FNDA:0,(anonymous_5)
FNDA:0,(anonymous_6)
FNDA:0,(anonymous_7)
FNDA:0,(anonymous_8)
DA:3,0
DA:4,0
DA:5,0
DA:6,0
DA:7,0
DA:8,0
DA:9,0
DA:22,0
DA:25,0
DA:26,0
DA:29,0
DA:30,0
DA:31,0
DA:33,0
DA:37,0
DA:39,0
DA:40,0
DA:43,0
DA:44,0
DA:45,0
DA:46,0
DA:50,0
DA:51,0
DA:52,0
DA:55,0
DA:56,0
DA:57,0
DA:58,0
DA:59,0
DA:61,0
DA:62,0
DA:64,0
DA:68,0
DA:69,0
DA:74,0
DA:75,0
DA:76,0
DA:77,0
DA:78,0
DA:79,0
DA:81,0
DA:87,0
DA:88,0
DA:89,0
DA:91,0
DA:95,0
DA:96,0
DA:99,0
DA:100,0
DA:102,0
DA:103,0
DA:105,0
DA:109,0
DA:113,0
DA:128,0
DA:129,0
DA:130,0
DA:132,0
DA:133,0
DA:134,0
DA:136,0
DA:137,0
DA:138,0
LF:63
LH:0
BRDA:22,0,0,0
BRDA:24,1,0,0
BRDA:25,2,0,0
BRDA:37,3,0,0
BRDA:61,4,0,0
BRDA:61,4,1,0
BRDA:75,5,0,0
BRDA:75,5,1,0
BRDA:95,6,0,0
BRDA:95,7,0,0
BRDA:95,7,1,0
BRDA:128,8,0,0
BRDA:132,9,0,0
BRDA:132,10,0,0
BRDA:132,10,1,0
BRDA:136,11,0,0
BRF:16
BRH:0
end_of_record
TN:
SF:src\utils\audioConverter.ts
FN:11,(anonymous_9)
FN:18,(anonymous_10)
FN:37,(anonymous_11)
FN:45,(anonymous_12)
FN:50,(anonymous_13)
FN:94,(anonymous_14)
FN:98,(anonymous_15)
FN:114,(anonymous_16)
FN:121,(anonymous_17)
FN:163,(anonymous_18)
FN:173,(anonymous_19)
FN:200,(anonymous_20)
FN:240,(anonymous_21)
FN:242,(anonymous_22)
FN:257,getAudioConverter
FN:268,destroyAudioConverter
FNF:16
FNH:0
FNDA:0,(anonymous_9)
FNDA:0,(anonymous_10)
FNDA:0,(anonymous_11)
FNDA:0,(anonymous_12)
FNDA:0,(anonymous_13)
FNDA:0,(anonymous_14)
FNDA:0,(anonymous_15)
FNDA:0,(anonymous_16)
FNDA:0,(anonymous_17)
FNDA:0,(anonymous_18)
FNDA:0,(anonymous_19)
FNDA:0,(anonymous_20)
FNDA:0,(anonymous_21)
FNDA:0,(anonymous_22)
FNDA:0,getAudioConverter
FNDA:0,destroyAudioConverter
DA:6,0
DA:9,0
DA:12,0
DA:19,0
DA:21,0
DA:22,0
DA:25,0
DA:26,0
DA:27,0
DA:29,0
DA:30,0
DA:38,0
DA:39,0
DA:46,0
DA:48,0
DA:50,0
DA:53,0
DA:54,0
DA:57,0
DA:58,0
DA:59,0
DA:62,0
DA:63,0
DA:66,0
DA:67,0
DA:68,0
DA:72,0
DA:75,0
DA:76,0
DA:78,0
DA:79,0
DA:80,0
DA:81,0
DA:82,0
DA:87,0
DA:88,0
DA:89,0
DA:93,0
DA:94,0
DA:96,0
DA:97,0
DA:98,0
DA:99,0
DA:100,0
DA:103,0
DA:104,0
DA:106,0
DA:107,0
DA:115,0
DA:116,0
DA:117,0
DA:118,0
DA:121,0
DA:122,0
DA:123,0
DA:128,0
DA:129,0
DA:130,0
DA:133,0
DA:134,0
DA:135,0
DA:136,0
DA:137,0
DA:138,0
DA:139,0
DA:140,0
DA:143,0
DA:144,0
DA:147,0
DA:148,0
DA:149,0
DA:150,0
DA:151,0
DA:152,0
DA:153,0
DA:157,0
DA:164,0
DA:165,0
DA:167,0
DA:175,0
DA:176,0
DA:177,0
DA:181,0
DA:182,0
DA:183,0
DA:187,0
DA:188,0
DA:189,0
DA:193,0
DA:194,0
DA:201,0
DA:202,0
DA:203,0
DA:206,0
DA:207,0
DA:208,0
DA:212,0
DA:213,0
DA:214,0
DA:218,0
DA:220,0
DA:221,0
DA:224,0
DA:226,0
DA:227,0
DA:229,0
DA:230,0
DA:232,0
DA:242,0
DA:243,0
DA:245,0
DA:248,0
DA:249,0
DA:255,0
DA:257,0
DA:258,0
DA:259,0
DA:261,0
DA:268,0
DA:269,0
DA:270,0
DA:271,0
LF:122
LH:0
BRDA:12,0,0,0
BRDA:12,0,1,0
BRDA:45,1,0,0
BRDA:68,2,0,0
BRDA:68,2,1,0
BRDA:81,3,0,0
BRDA:88,4,0,0
BRDA:175,5,0,0
BRDA:181,6,0,0
BRDA:187,7,0,0
BRDA:206,8,0,0
BRDA:212,9,0,0
BRDA:212,10,0,0
BRDA:212,10,1,0
BRDA:248,11,0,0
BRDA:248,12,0,0
BRDA:248,12,1,0
BRDA:258,13,0,0
BRDA:269,14,0,0
BRF:19
BRH:0
end_of_record
TN:
SF:src\utils\performance.ts
FN:9,debounce
FN:15,(anonymous_1)
FN:18,(anonymous_2)
FN:28,throttle
FN:34,(anonymous_4)
FN:38,(anonymous_5)
FN:52,(anonymous_6)
FN:57,(anonymous_7)
FN:60,(anonymous_8)
FN:64,(anonymous_9)
FN:71,(anonymous_10)
FN:84,(anonymous_11)
FN:88,(anonymous_12)
FN:97,(anonymous_13)
FN:105,(anonymous_14)
FN:117,getBlobHash
FN:121,(anonymous_16)
FN:127,batchUpdates
FN:130,(anonymous_18)
FN:143,(anonymous_19)
FN:143,(anonymous_20)
FN:145,(anonymous_21)
FN:151,getMemoryUsage
FN:164,(anonymous_23)
FN:167,(anonymous_24)
FN:171,(anonymous_25)
FN:180,(anonymous_26)
FN:186,(anonymous_27)
FNF:28
FNH:0
FNDA:0,debounce
FNDA:0,(anonymous_1)
FNDA:0,(anonymous_2)
FNDA:0,throttle
FNDA:0,(anonymous_4)
FNDA:0,(anonymous_5)
FNDA:0,(anonymous_6)
FNDA:0,(anonymous_7)
FNDA:0,(anonymous_8)
FNDA:0,(anonymous_9)
FNDA:0,(anonymous_10)
FNDA:0,(anonymous_11)
FNDA:0,(anonymous_12)
FNDA:0,(anonymous_13)
FNDA:0,(anonymous_14)
FNDA:0,getBlobHash
FNDA:0,(anonymous_16)
FNDA:0,batchUpdates
FNDA:0,(anonymous_18)
FNDA:0,(anonymous_19)
FNDA:0,(anonymous_20)
FNDA:0,(anonymous_21)
FNDA:0,getMemoryUsage
FNDA:0,(anonymous_23)
FNDA:0,(anonymous_24)
FNDA:0,(anonymous_25)
FNDA:0,(anonymous_26)
FNDA:0,(anonymous_27)
DA:9,0
DA:13,0
DA:15,0
DA:16,0
DA:18,0
DA:19,0
DA:20,0
DA:28,0
DA:32,0
DA:34,0
DA:35,0
DA:36,0
DA:37,0
DA:38,0
DA:46,0
DA:47,0
DA:50,0
DA:53,0
DA:54,0
DA:57,0
DA:62,0
DA:63,0
DA:64,0
DA:65,0
DA:68,0
DA:72,0
DA:73,0
DA:76,0
DA:77,0
DA:78,0
DA:81,0
DA:85,0
DA:89,0
DA:90,0
DA:91,0
DA:92,0
DA:98,0
DA:106,0
DA:107,0
DA:108,0
DA:110,0
DA:117,0
DA:118,0
DA:119,0
DA:120,0
DA:121,0
DA:127,0
DA:128,0
DA:130,0
DA:131,0
DA:133,0
DA:135,0
DA:141,0
DA:143,0
DA:145,0
DA:151,0
DA:152,0
DA:154,0
DA:155,0
DA:164,0
DA:165,0
DA:168,0
DA:172,0
DA:173,0
DA:175,0
DA:176,0
DA:177,0
DA:181,0
DA:182,0
DA:183,0
DA:187,0
DA:188,0
DA:189,0
DA:190,0
LF:74
LH:0
BRDA:16,0,0,0
BRDA:35,1,0,0
BRDA:52,2,0,0
BRDA:52,3,0,0
BRDA:62,4,0,0
BRDA:65,5,0,0
BRDA:73,6,0,0
BRDA:76,7,0,0
BRDA:91,8,0,0
BRDA:106,9,0,0
BRDA:128,10,0,0
BRDA:142,11,0,0
BRDA:142,11,1,0
BRDA:152,12,0,0
BRDA:173,13,0,0
BRF:15
BRH:0
end_of_record
